19:31:40:483  INFO 2596 --- [main] com.qingmuy.geteway.GatewayApplication   : The following 1 profile is active: "dev"
19:31:40:914  INFO 2596 --- [main] o.s.cloud.context.scope.GenericScope     : BeanFactory id=2ad2b902-efa8-3a17-88cc-e60631d9454a
19:31:40:952  INFO 2596 --- [main] trationDelegate$BeanPostProcessorChecker : Bean 'org.springframework.cloud.client.loadbalancer.reactive.LoadBalancerBeanPostProcessorAutoConfiguration' of type [org.springframework.cloud.client.loadbalancer.reactive.LoadBalancerBeanPostProcessorAutoConfiguration] is not eligible for getting processed by all BeanPostProcessors (for example: not eligible for auto-proxying)
19:31:40:952  INFO 2596 --- [main] trationDelegate$BeanPostProcessorChecker : Bean 'org.springframework.cloud.client.loadbalancer.reactive.LoadBalancerBeanPostProcessorAutoConfiguration$ReactorDeferringLoadBalancerFilterConfig' of type [org.springframework.cloud.client.loadbalancer.reactive.LoadBalancerBeanPostProcessorAutoConfiguration$ReactorDeferringLoadBalancerFilterConfig] is not eligible for getting processed by all BeanPostProcessors (for example: not eligible for auto-proxying)
19:31:40:952  INFO 2596 --- [main] trationDelegate$BeanPostProcessorChecker : Bean 'reactorDeferringLoadBalancerExchangeFilterFunction' of type [org.springframework.cloud.client.loadbalancer.reactive.DeferringLoadBalancerExchangeFilterFunction] is not eligible for getting processed by all BeanPostProcessors (for example: not eligible for auto-proxying)
19:31:41:396  INFO 2596 --- [main] c.q.geteway.routers.DynamicRouteLoader   : 监听到路由配置信息：[
    {
        "id": "item",
        "predicates": [{
            "name": "Path",
            "args": {"_genkey_0":"/items/**", "_genkey_1":"/search/**"}
        }],
        "filters": [],
        "uri": "lb://item-service"
    },
    {
        "id": "cart",
        "predicates": [{
            "name": "Path",
            "args": {"_genkey_0":"/carts/**"}
        }],
        "filters": [],
        "uri": "lb://cart-service"
    },
    {
        "id": "user",
        "predicates": [{
            "name": "Path",
            "args": {"_genkey_0":"/users/**", "_genkey_1":"/addresses/**"}
        }],
        "filters": [],
        "uri": "lb://user-service"
    },
    {
        "id": "trade",
        "predicates": [{
            "name": "Path",
            "args": {"_genkey_0":"/orders/**"}
        }],
        "filters": [],
        "uri": "lb://trade-service"
    },
    {
        "id": "pay",
        "predicates": [{
            "name": "Path",
            "args": {"_genkey_0":"/pay-orders/**"}
        }],
        "filters": [],
        "uri": "lb://pay-service"
    }
]
19:31:42:675  INFO 2596 --- [main] o.s.cloud.commons.util.InetUtils         : Cannot determine local hostname
19:31:43:800  INFO 2596 --- [main] o.s.cloud.commons.util.InetUtils         : Cannot determine local hostname
19:31:43:959  INFO 2596 --- [main] o.s.c.g.r.RouteDefinitionRouteLocator    : Loaded RoutePredicateFactory [After]
19:31:43:959  INFO 2596 --- [main] o.s.c.g.r.RouteDefinitionRouteLocator    : Loaded RoutePredicateFactory [Before]
19:31:43:959  INFO 2596 --- [main] o.s.c.g.r.RouteDefinitionRouteLocator    : Loaded RoutePredicateFactory [Between]
19:31:43:959  INFO 2596 --- [main] o.s.c.g.r.RouteDefinitionRouteLocator    : Loaded RoutePredicateFactory [Cookie]
19:31:43:959  INFO 2596 --- [main] o.s.c.g.r.RouteDefinitionRouteLocator    : Loaded RoutePredicateFactory [Header]
19:31:43:959  INFO 2596 --- [main] o.s.c.g.r.RouteDefinitionRouteLocator    : Loaded RoutePredicateFactory [Host]
19:31:43:959  INFO 2596 --- [main] o.s.c.g.r.RouteDefinitionRouteLocator    : Loaded RoutePredicateFactory [Method]
19:31:43:960  INFO 2596 --- [main] o.s.c.g.r.RouteDefinitionRouteLocator    : Loaded RoutePredicateFactory [Path]
19:31:43:960  INFO 2596 --- [main] o.s.c.g.r.RouteDefinitionRouteLocator    : Loaded RoutePredicateFactory [Query]
19:31:43:960  INFO 2596 --- [main] o.s.c.g.r.RouteDefinitionRouteLocator    : Loaded RoutePredicateFactory [ReadBody]
19:31:43:960  INFO 2596 --- [main] o.s.c.g.r.RouteDefinitionRouteLocator    : Loaded RoutePredicateFactory [RemoteAddr]
19:31:43:960  INFO 2596 --- [main] o.s.c.g.r.RouteDefinitionRouteLocator    : Loaded RoutePredicateFactory [XForwardedRemoteAddr]
19:31:43:961  INFO 2596 --- [main] o.s.c.g.r.RouteDefinitionRouteLocator    : Loaded RoutePredicateFactory [Weight]
19:31:43:961  INFO 2596 --- [main] o.s.c.g.r.RouteDefinitionRouteLocator    : Loaded RoutePredicateFactory [CloudFoundryRouteService]
19:31:45:170  INFO 2596 --- [main] o.s.cloud.commons.util.InetUtils         : Cannot determine local hostname
19:31:45:434  INFO 2596 --- [main] com.alibaba.nacos.common.remote.client   : [RpcClientFactory] create a new rpc client of c302e48f-35f5-40ce-8478-af9532c378fa
19:31:45:434  INFO 2596 --- [main] com.alibaba.nacos.common.remote.client   : [c302e48f-35f5-40ce-8478-af9532c378fa] RpcClient init label, labels = {module=naming, source=sdk}
19:31:45:435  INFO 2596 --- [main] com.alibaba.nacos.common.remote.client   : [c302e48f-35f5-40ce-8478-af9532c378fa] RpcClient init, ServerListFactory = com.alibaba.nacos.client.naming.core.ServerListManager
19:31:45:435  INFO 2596 --- [main] com.alibaba.nacos.common.remote.client   : [c302e48f-35f5-40ce-8478-af9532c378fa] Registry connection listener to current client:com.alibaba.nacos.client.naming.remote.gprc.redo.NamingGrpcRedoService
19:31:45:436  INFO 2596 --- [main] com.alibaba.nacos.common.remote.client   : [c302e48f-35f5-40ce-8478-af9532c378fa] Register server push request handler:com.alibaba.nacos.client.naming.remote.gprc.NamingPushRequestHandler
19:31:45:436  INFO 2596 --- [main] com.alibaba.nacos.common.remote.client   : [c302e48f-35f5-40ce-8478-af9532c378fa] Try to connect to server on start up, server: {serverIp = '192.168.197.133', server main port = 8848}
19:31:45:559  INFO 2596 --- [main] com.alibaba.nacos.common.remote.client   : [c302e48f-35f5-40ce-8478-af9532c378fa] Success to connect to server [192.168.197.133:8848] on start up, connectionId = 1722339104748_192.168.197.1_6407
19:31:45:559  INFO 2596 --- [main] com.alibaba.nacos.common.remote.client   : [c302e48f-35f5-40ce-8478-af9532c378fa] Register server push request handler:com.alibaba.nacos.common.remote.client.RpcClient$ConnectResetRequestHandler
19:31:45:559  INFO 2596 --- [com.alibaba.nacos.client.remote.worker] com.alibaba.nacos.common.remote.client   : [c302e48f-35f5-40ce-8478-af9532c378fa] Notify connected event to listeners.
19:31:45:559  INFO 2596 --- [main] com.alibaba.nacos.common.remote.client   : [c302e48f-35f5-40ce-8478-af9532c378fa] Register server push request handler:com.alibaba.nacos.common.remote.client.RpcClient$$Lambda$462/0x0000017bcd4a0228
19:31:45:796  INFO 2596 --- [main] o.s.b.web.embedded.netty.NettyWebServer  : Netty started on port 8080
19:31:46:229  INFO 2596 --- [nacos-grpc-client-executor-7] com.alibaba.nacos.common.remote.client   : [c302e48f-35f5-40ce-8478-af9532c378fa] Receive server push request, request = NotifySubscriberRequest, requestId = 1
19:31:46:234  INFO 2596 --- [nacos-grpc-client-executor-7] com.alibaba.nacos.common.remote.client   : [c302e48f-35f5-40ce-8478-af9532c378fa] Ack server push request, request = NotifySubscriberRequest, requestId = 1
19:31:46:926  INFO 2596 --- [main] o.s.cloud.commons.util.InetUtils         : Cannot determine local hostname
19:31:48:063  INFO 2596 --- [main] o.s.cloud.commons.util.InetUtils         : Cannot determine local hostname
19:31:48:104  INFO 2596 --- [main] c.a.c.n.registry.NacosServiceRegistry    : nacos registry, DEFAULT_GROUP gateway 192.168.179.1:8080 register finished
19:31:48:115  INFO 2596 --- [main] com.qingmuy.geteway.GatewayApplication   : Started GatewayApplication in 11.902 seconds (JVM running for 12.384)
19:31:48:117  INFO 2596 --- [main] c.a.c.n.refresh.NacosContextRefresher    : [Nacos Config] Listening config: dataId=gateway.yaml, group=DEFAULT_GROUP
19:31:48:117  INFO 2596 --- [main] c.a.c.n.refresh.NacosContextRefresher    : [Nacos Config] Listening config: dataId=gateway-dev.yaml, group=DEFAULT_GROUP
19:31:48:118  INFO 2596 --- [main] c.a.c.n.refresh.NacosContextRefresher    : [Nacos Config] Listening config: dataId=gateway, group=DEFAULT_GROUP
19:31:48:633  INFO 2596 --- [nacos-grpc-client-executor-12] com.alibaba.nacos.common.remote.client   : [c302e48f-35f5-40ce-8478-af9532c378fa] Receive server push request, request = NotifySubscriberRequest, requestId = 2
19:31:48:638  INFO 2596 --- [nacos-grpc-client-executor-12] com.alibaba.nacos.common.remote.client   : [c302e48f-35f5-40ce-8478-af9532c378fa] Ack server push request, request = NotifySubscriberRequest, requestId = 2
19:33:49:108  INFO 2596 --- [nacos-grpc-client-executor-42] com.alibaba.nacos.common.remote.client   : [c302e48f-35f5-40ce-8478-af9532c378fa] Receive server push request, request = NotifySubscriberRequest, requestId = 8
19:33:49:109  INFO 2596 --- [nacos-grpc-client-executor-42] com.alibaba.nacos.common.remote.client   : [c302e48f-35f5-40ce-8478-af9532c378fa] Ack server push request, request = NotifySubscriberRequest, requestId = 8
19:34:03:195  INFO 2596 --- [nacos-grpc-client-executor-47] com.alibaba.nacos.common.remote.client   : [c302e48f-35f5-40ce-8478-af9532c378fa] Receive server push request, request = NotifySubscriberRequest, requestId = 9
19:34:03:196  INFO 2596 --- [nacos-grpc-client-executor-47] com.alibaba.nacos.common.remote.client   : [c302e48f-35f5-40ce-8478-af9532c378fa] Ack server push request, request = NotifySubscriberRequest, requestId = 9
19:35:48:570  INFO 2596 --- [nacos-grpc-client-executor-73] com.alibaba.nacos.common.remote.client   : [c302e48f-35f5-40ce-8478-af9532c378fa] Receive server push request, request = NotifySubscriberRequest, requestId = 11
19:35:48:570  INFO 2596 --- [nacos-grpc-client-executor-73] com.alibaba.nacos.common.remote.client   : [c302e48f-35f5-40ce-8478-af9532c378fa] Ack server push request, request = NotifySubscriberRequest, requestId = 11
19:35:49:363  INFO 2596 --- [nacos-grpc-client-executor-77] com.alibaba.nacos.common.remote.client   : [c302e48f-35f5-40ce-8478-af9532c378fa] Receive server push request, request = NotifySubscriberRequest, requestId = 14
19:35:49:363  INFO 2596 --- [nacos-grpc-client-executor-77] com.alibaba.nacos.common.remote.client   : [c302e48f-35f5-40ce-8478-af9532c378fa] Ack server push request, request = NotifySubscriberRequest, requestId = 14
19:42:04:304  INFO 2596 --- [nacos-grpc-client-executor-184] com.alibaba.nacos.common.remote.client   : [c302e48f-35f5-40ce-8478-af9532c378fa] Receive server push request, request = NotifySubscriberRequest, requestId = 17
19:42:04:310  INFO 2596 --- [nacos-grpc-client-executor-184] com.alibaba.nacos.common.remote.client   : [c302e48f-35f5-40ce-8478-af9532c378fa] Ack server push request, request = NotifySubscriberRequest, requestId = 17
19:42:14:876  INFO 2596 --- [nacos-grpc-client-executor-186] com.alibaba.nacos.common.remote.client   : [c302e48f-35f5-40ce-8478-af9532c378fa] Receive server push request, request = NotifySubscriberRequest, requestId = 19
19:42:14:880  INFO 2596 --- [nacos-grpc-client-executor-186] com.alibaba.nacos.common.remote.client   : [c302e48f-35f5-40ce-8478-af9532c378fa] Ack server push request, request = NotifySubscriberRequest, requestId = 19
19:42:36:629  WARN 2596 --- [Thread-5] c.a.nacos.common.notify.NotifyCenter     : [NotifyCenter] Start destroying Publisher
19:42:36:629  WARN 2596 --- [Thread-1] c.a.n.common.http.HttpClientBeanHolder   : [HttpClientBeanHolder] Start destroying common HttpClient
19:42:36:629  WARN 2596 --- [Thread-5] c.a.nacos.common.notify.NotifyCenter     : [NotifyCenter] Destruction of the end
19:42:36:630  WARN 2596 --- [Thread-1] c.a.n.common.http.HttpClientBeanHolder   : [HttpClientBeanHolder] Destruction of the end
19:42:36:645  INFO 2596 --- [SpringApplicationShutdownHook] c.a.c.n.registry.NacosServiceRegistry    : De-registering from Nacos Server now...
19:42:36:651  INFO 2596 --- [SpringApplicationShutdownHook] c.a.c.n.registry.NacosServiceRegistry    : De-registration finished.
19:42:36:957  INFO 2596 --- [SpringApplicationShutdownHook] com.alibaba.nacos.common.remote.client   : Shutdown rpc client, set status to shutdown
19:42:36:957  INFO 2596 --- [SpringApplicationShutdownHook] com.alibaba.nacos.common.remote.client   : Shutdown client event executor java.util.concurrent.ScheduledThreadPoolExecutor@2043c083[Running, pool size = 2, active threads = 2, queued tasks = 0, completed tasks = 0]
19:42:36:957  INFO 2596 --- [SpringApplicationShutdownHook] com.alibaba.nacos.common.remote.client   : Close current connection 1722339104748_192.168.197.1_6407
19:42:36:958  INFO 2596 --- [nacos-grpc-client-executor-194] c.a.n.c.remote.client.grpc.GrpcClient    : [1722339104748_192.168.197.1_6407]Ignore complete event,isRunning:false,isAbandon=false
19:42:36:960  INFO 2596 --- [SpringApplicationShutdownHook] c.a.n.c.remote.client.grpc.GrpcClient    : Shutdown grpc executor java.util.concurrent.ThreadPoolExecutor@25c116c0[Running, pool size = 5, active threads = 0, queued tasks = 0, completed tasks = 195]
19:44:06:536  INFO 28356 --- [main] com.qingmuy.geteway.GatewayApplication   : The following 1 profile is active: "dev"
19:44:06:867  INFO 28356 --- [main] o.s.cloud.context.scope.GenericScope     : BeanFactory id=2ad2b902-efa8-3a17-88cc-e60631d9454a
19:44:06:907  INFO 28356 --- [main] trationDelegate$BeanPostProcessorChecker : Bean 'org.springframework.cloud.client.loadbalancer.reactive.LoadBalancerBeanPostProcessorAutoConfiguration' of type [org.springframework.cloud.client.loadbalancer.reactive.LoadBalancerBeanPostProcessorAutoConfiguration] is not eligible for getting processed by all BeanPostProcessors (for example: not eligible for auto-proxying)
19:44:06:908  INFO 28356 --- [main] trationDelegate$BeanPostProcessorChecker : Bean 'org.springframework.cloud.client.loadbalancer.reactive.LoadBalancerBeanPostProcessorAutoConfiguration$ReactorDeferringLoadBalancerFilterConfig' of type [org.springframework.cloud.client.loadbalancer.reactive.LoadBalancerBeanPostProcessorAutoConfiguration$ReactorDeferringLoadBalancerFilterConfig] is not eligible for getting processed by all BeanPostProcessors (for example: not eligible for auto-proxying)
19:44:06:908  INFO 28356 --- [main] trationDelegate$BeanPostProcessorChecker : Bean 'reactorDeferringLoadBalancerExchangeFilterFunction' of type [org.springframework.cloud.client.loadbalancer.reactive.DeferringLoadBalancerExchangeFilterFunction] is not eligible for getting processed by all BeanPostProcessors (for example: not eligible for auto-proxying)
19:44:07:273  INFO 28356 --- [main] c.q.geteway.routers.DynamicRouteLoader   : 监听到路由配置信息：[
    {
        "id": "item",
        "predicates": [{
            "name": "Path",
            "args": {"_genkey_0":"/items/**", "_genkey_1":"/search/**"}
        }],
        "filters": [],
        "uri": "lb://item-service"
    },
    {
        "id": "cart",
        "predicates": [{
            "name": "Path",
            "args": {"_genkey_0":"/carts/**"}
        }],
        "filters": [],
        "uri": "lb://cart-service"
    },
    {
        "id": "user",
        "predicates": [{
            "name": "Path",
            "args": {"_genkey_0":"/users/**", "_genkey_1":"/addresses/**"}
        }],
        "filters": [],
        "uri": "lb://user-service"
    },
    {
        "id": "trade",
        "predicates": [{
            "name": "Path",
            "args": {"_genkey_0":"/orders/**"}
        }],
        "filters": [],
        "uri": "lb://trade-service"
    },
    {
        "id": "pay",
        "predicates": [{
            "name": "Path",
            "args": {"_genkey_0":"/pay-orders/**"}
        }],
        "filters": [],
        "uri": "lb://pay-service"
    }
]
19:44:08:522  INFO 28356 --- [main] o.s.cloud.commons.util.InetUtils         : Cannot determine local hostname
19:44:09:652  INFO 28356 --- [main] o.s.cloud.commons.util.InetUtils         : Cannot determine local hostname
19:44:09:807  INFO 28356 --- [main] o.s.c.g.r.RouteDefinitionRouteLocator    : Loaded RoutePredicateFactory [After]
19:44:09:807  INFO 28356 --- [main] o.s.c.g.r.RouteDefinitionRouteLocator    : Loaded RoutePredicateFactory [Before]
19:44:09:807  INFO 28356 --- [main] o.s.c.g.r.RouteDefinitionRouteLocator    : Loaded RoutePredicateFactory [Between]
19:44:09:807  INFO 28356 --- [main] o.s.c.g.r.RouteDefinitionRouteLocator    : Loaded RoutePredicateFactory [Cookie]
19:44:09:807  INFO 28356 --- [main] o.s.c.g.r.RouteDefinitionRouteLocator    : Loaded RoutePredicateFactory [Header]
19:44:09:807  INFO 28356 --- [main] o.s.c.g.r.RouteDefinitionRouteLocator    : Loaded RoutePredicateFactory [Host]
19:44:09:808  INFO 28356 --- [main] o.s.c.g.r.RouteDefinitionRouteLocator    : Loaded RoutePredicateFactory [Method]
19:44:09:808  INFO 28356 --- [main] o.s.c.g.r.RouteDefinitionRouteLocator    : Loaded RoutePredicateFactory [Path]
19:44:09:808  INFO 28356 --- [main] o.s.c.g.r.RouteDefinitionRouteLocator    : Loaded RoutePredicateFactory [Query]
19:44:09:808  INFO 28356 --- [main] o.s.c.g.r.RouteDefinitionRouteLocator    : Loaded RoutePredicateFactory [ReadBody]
19:44:09:808  INFO 28356 --- [main] o.s.c.g.r.RouteDefinitionRouteLocator    : Loaded RoutePredicateFactory [RemoteAddr]
19:44:09:808  INFO 28356 --- [main] o.s.c.g.r.RouteDefinitionRouteLocator    : Loaded RoutePredicateFactory [XForwardedRemoteAddr]
19:44:09:808  INFO 28356 --- [main] o.s.c.g.r.RouteDefinitionRouteLocator    : Loaded RoutePredicateFactory [Weight]
19:44:09:808  INFO 28356 --- [main] o.s.c.g.r.RouteDefinitionRouteLocator    : Loaded RoutePredicateFactory [CloudFoundryRouteService]
19:44:11:010  INFO 28356 --- [main] o.s.cloud.commons.util.InetUtils         : Cannot determine local hostname
19:44:11:220  INFO 28356 --- [main] com.alibaba.nacos.common.remote.client   : [RpcClientFactory] create a new rpc client of ed995af8-926b-4414-92d7-b70053d5a14a
19:44:11:221  INFO 28356 --- [main] com.alibaba.nacos.common.remote.client   : [ed995af8-926b-4414-92d7-b70053d5a14a] RpcClient init label, labels = {module=naming, source=sdk}
19:44:11:221  INFO 28356 --- [main] com.alibaba.nacos.common.remote.client   : [ed995af8-926b-4414-92d7-b70053d5a14a] RpcClient init, ServerListFactory = com.alibaba.nacos.client.naming.core.ServerListManager
19:44:11:221  INFO 28356 --- [main] com.alibaba.nacos.common.remote.client   : [ed995af8-926b-4414-92d7-b70053d5a14a] Registry connection listener to current client:com.alibaba.nacos.client.naming.remote.gprc.redo.NamingGrpcRedoService
19:44:11:221  INFO 28356 --- [main] com.alibaba.nacos.common.remote.client   : [ed995af8-926b-4414-92d7-b70053d5a14a] Register server push request handler:com.alibaba.nacos.client.naming.remote.gprc.NamingPushRequestHandler
19:44:11:222  INFO 28356 --- [main] com.alibaba.nacos.common.remote.client   : [ed995af8-926b-4414-92d7-b70053d5a14a] Try to connect to server on start up, server: {serverIp = '192.168.197.133', server main port = 8848}
19:44:11:341  INFO 28356 --- [main] com.alibaba.nacos.common.remote.client   : [ed995af8-926b-4414-92d7-b70053d5a14a] Success to connect to server [192.168.197.133:8848] on start up, connectionId = 1722339850537_192.168.197.1_8481
19:44:11:341  INFO 28356 --- [main] com.alibaba.nacos.common.remote.client   : [ed995af8-926b-4414-92d7-b70053d5a14a] Register server push request handler:com.alibaba.nacos.common.remote.client.RpcClient$ConnectResetRequestHandler
19:44:11:341  INFO 28356 --- [main] com.alibaba.nacos.common.remote.client   : [ed995af8-926b-4414-92d7-b70053d5a14a] Register server push request handler:com.alibaba.nacos.common.remote.client.RpcClient$$Lambda$462/0x000001aa3f4a0228
19:44:11:341  INFO 28356 --- [com.alibaba.nacos.client.remote.worker] com.alibaba.nacos.common.remote.client   : [ed995af8-926b-4414-92d7-b70053d5a14a] Notify connected event to listeners.
19:44:11:503  INFO 28356 --- [main] o.s.b.web.embedded.netty.NettyWebServer  : Netty started on port 8080
19:44:11:953  INFO 28356 --- [nacos-grpc-client-executor-4] com.alibaba.nacos.common.remote.client   : [ed995af8-926b-4414-92d7-b70053d5a14a] Receive server push request, request = NotifySubscriberRequest, requestId = 26
19:44:11:958  INFO 28356 --- [nacos-grpc-client-executor-4] com.alibaba.nacos.common.remote.client   : [ed995af8-926b-4414-92d7-b70053d5a14a] Ack server push request, request = NotifySubscriberRequest, requestId = 26
19:44:12:626  INFO 28356 --- [main] o.s.cloud.commons.util.InetUtils         : Cannot determine local hostname
19:44:13:746  INFO 28356 --- [main] o.s.cloud.commons.util.InetUtils         : Cannot determine local hostname
19:44:13:753  INFO 28356 --- [main] c.a.c.n.registry.NacosServiceRegistry    : nacos registry, DEFAULT_GROUP gateway 192.168.179.1:8080 register finished
19:44:13:766  INFO 28356 --- [main] com.qingmuy.geteway.GatewayApplication   : Started GatewayApplication in 10.834 seconds (JVM running for 11.332)
19:44:13:768  INFO 28356 --- [main] c.a.c.n.refresh.NacosContextRefresher    : [Nacos Config] Listening config: dataId=gateway.yaml, group=DEFAULT_GROUP
19:44:13:768  INFO 28356 --- [main] c.a.c.n.refresh.NacosContextRefresher    : [Nacos Config] Listening config: dataId=gateway-dev.yaml, group=DEFAULT_GROUP
19:44:13:769  INFO 28356 --- [main] c.a.c.n.refresh.NacosContextRefresher    : [Nacos Config] Listening config: dataId=gateway, group=DEFAULT_GROUP
19:44:14:284  INFO 28356 --- [nacos-grpc-client-executor-7] com.alibaba.nacos.common.remote.client   : [ed995af8-926b-4414-92d7-b70053d5a14a] Receive server push request, request = NotifySubscriberRequest, requestId = 27
19:44:14:290  INFO 28356 --- [nacos-grpc-client-executor-7] com.alibaba.nacos.common.remote.client   : [ed995af8-926b-4414-92d7-b70053d5a14a] Ack server push request, request = NotifySubscriberRequest, requestId = 27
19:44:19:515  INFO 28356 --- [nacos-grpc-client-executor-10] com.alibaba.nacos.common.remote.client   : [ed995af8-926b-4414-92d7-b70053d5a14a] Receive server push request, request = NotifySubscriberRequest, requestId = 28
19:44:19:515  INFO 28356 --- [nacos-grpc-client-executor-10] com.alibaba.nacos.common.remote.client   : [ed995af8-926b-4414-92d7-b70053d5a14a] Ack server push request, request = NotifySubscriberRequest, requestId = 28
19:44:20:627  INFO 28356 --- [nacos-grpc-client-executor-13] com.alibaba.nacos.common.remote.client   : [ed995af8-926b-4414-92d7-b70053d5a14a] Receive server push request, request = NotifySubscriberRequest, requestId = 30
19:44:20:628  INFO 28356 --- [nacos-grpc-client-executor-13] com.alibaba.nacos.common.remote.client   : [ed995af8-926b-4414-92d7-b70053d5a14a] Ack server push request, request = NotifySubscriberRequest, requestId = 30
19:50:12:388  WARN 28356 --- [Thread-1] c.a.n.common.http.HttpClientBeanHolder   : [HttpClientBeanHolder] Start destroying common HttpClient
19:50:12:388  WARN 28356 --- [Thread-5] c.a.nacos.common.notify.NotifyCenter     : [NotifyCenter] Start destroying Publisher
19:50:12:388  WARN 28356 --- [Thread-5] c.a.nacos.common.notify.NotifyCenter     : [NotifyCenter] Destruction of the end
19:50:12:389  WARN 28356 --- [Thread-1] c.a.n.common.http.HttpClientBeanHolder   : [HttpClientBeanHolder] Destruction of the end
19:50:12:418  INFO 28356 --- [SpringApplicationShutdownHook] c.a.c.n.registry.NacosServiceRegistry    : De-registering from Nacos Server now...
19:50:12:423  INFO 28356 --- [SpringApplicationShutdownHook] c.a.c.n.registry.NacosServiceRegistry    : De-registration finished.
19:50:12:728  INFO 28356 --- [SpringApplicationShutdownHook] com.alibaba.nacos.common.remote.client   : Shutdown rpc client, set status to shutdown
19:50:12:728  INFO 28356 --- [SpringApplicationShutdownHook] com.alibaba.nacos.common.remote.client   : Shutdown client event executor java.util.concurrent.ScheduledThreadPoolExecutor@af17342[Running, pool size = 2, active threads = 2, queued tasks = 0, completed tasks = 0]
19:50:12:728  INFO 28356 --- [SpringApplicationShutdownHook] com.alibaba.nacos.common.remote.client   : Close current connection 1722339850537_192.168.197.1_8481
19:50:12:729  INFO 28356 --- [nacos-grpc-client-executor-100] c.a.n.c.remote.client.grpc.GrpcClient    : [1722339850537_192.168.197.1_8481]Ignore complete event,isRunning:false,isAbandon=false
19:50:12:730  INFO 28356 --- [SpringApplicationShutdownHook] c.a.n.c.remote.client.grpc.GrpcClient    : Shutdown grpc executor java.util.concurrent.ThreadPoolExecutor@4a639592[Running, pool size = 5, active threads = 0, queued tasks = 0, completed tasks = 101]
19:55:10:130  INFO 22156 --- [main] com.qingmuy.geteway.GatewayApplication   : The following 1 profile is active: "dev"
19:55:10:477  INFO 22156 --- [main] o.s.cloud.context.scope.GenericScope     : BeanFactory id=2ad2b902-efa8-3a17-88cc-e60631d9454a
19:55:10:524  INFO 22156 --- [main] trationDelegate$BeanPostProcessorChecker : Bean 'org.springframework.cloud.client.loadbalancer.reactive.LoadBalancerBeanPostProcessorAutoConfiguration' of type [org.springframework.cloud.client.loadbalancer.reactive.LoadBalancerBeanPostProcessorAutoConfiguration] is not eligible for getting processed by all BeanPostProcessors (for example: not eligible for auto-proxying)
19:55:10:525  INFO 22156 --- [main] trationDelegate$BeanPostProcessorChecker : Bean 'org.springframework.cloud.client.loadbalancer.reactive.LoadBalancerBeanPostProcessorAutoConfiguration$ReactorDeferringLoadBalancerFilterConfig' of type [org.springframework.cloud.client.loadbalancer.reactive.LoadBalancerBeanPostProcessorAutoConfiguration$ReactorDeferringLoadBalancerFilterConfig] is not eligible for getting processed by all BeanPostProcessors (for example: not eligible for auto-proxying)
19:55:10:526  INFO 22156 --- [main] trationDelegate$BeanPostProcessorChecker : Bean 'reactorDeferringLoadBalancerExchangeFilterFunction' of type [org.springframework.cloud.client.loadbalancer.reactive.DeferringLoadBalancerExchangeFilterFunction] is not eligible for getting processed by all BeanPostProcessors (for example: not eligible for auto-proxying)
19:55:10:960  INFO 22156 --- [main] c.q.geteway.routers.DynamicRouteLoader   : 监听到路由配置信息：[
    {
        "id": "item",
        "predicates": [{
            "name": "Path",
            "args": {"_genkey_0":"/items/**", "_genkey_1":"/search/**"}
        }],
        "filters": [],
        "uri": "lb://item-service"
    },
    {
        "id": "cart",
        "predicates": [{
            "name": "Path",
            "args": {"_genkey_0":"/carts/**"}
        }],
        "filters": [],
        "uri": "lb://cart-service"
    },
    {
        "id": "user",
        "predicates": [{
            "name": "Path",
            "args": {"_genkey_0":"/users/**", "_genkey_1":"/addresses/**"}
        }],
        "filters": [],
        "uri": "lb://user-service"
    },
    {
        "id": "trade",
        "predicates": [{
            "name": "Path",
            "args": {"_genkey_0":"/orders/**"}
        }],
        "filters": [],
        "uri": "lb://trade-service"
    },
    {
        "id": "pay",
        "predicates": [{
            "name": "Path",
            "args": {"_genkey_0":"/pay-orders/**"}
        }],
        "filters": [],
        "uri": "lb://pay-service"
    }
]
19:55:12:292  INFO 22156 --- [main] o.s.cloud.commons.util.InetUtils         : Cannot determine local hostname
19:55:13:440  INFO 22156 --- [main] o.s.cloud.commons.util.InetUtils         : Cannot determine local hostname
19:55:13:604  INFO 22156 --- [main] o.s.c.g.r.RouteDefinitionRouteLocator    : Loaded RoutePredicateFactory [After]
19:55:13:604  INFO 22156 --- [main] o.s.c.g.r.RouteDefinitionRouteLocator    : Loaded RoutePredicateFactory [Before]
19:55:13:605  INFO 22156 --- [main] o.s.c.g.r.RouteDefinitionRouteLocator    : Loaded RoutePredicateFactory [Between]
19:55:13:605  INFO 22156 --- [main] o.s.c.g.r.RouteDefinitionRouteLocator    : Loaded RoutePredicateFactory [Cookie]
19:55:13:605  INFO 22156 --- [main] o.s.c.g.r.RouteDefinitionRouteLocator    : Loaded RoutePredicateFactory [Header]
19:55:13:605  INFO 22156 --- [main] o.s.c.g.r.RouteDefinitionRouteLocator    : Loaded RoutePredicateFactory [Host]
19:55:13:605  INFO 22156 --- [main] o.s.c.g.r.RouteDefinitionRouteLocator    : Loaded RoutePredicateFactory [Method]
19:55:13:605  INFO 22156 --- [main] o.s.c.g.r.RouteDefinitionRouteLocator    : Loaded RoutePredicateFactory [Path]
19:55:13:605  INFO 22156 --- [main] o.s.c.g.r.RouteDefinitionRouteLocator    : Loaded RoutePredicateFactory [Query]
19:55:13:605  INFO 22156 --- [main] o.s.c.g.r.RouteDefinitionRouteLocator    : Loaded RoutePredicateFactory [ReadBody]
19:55:13:605  INFO 22156 --- [main] o.s.c.g.r.RouteDefinitionRouteLocator    : Loaded RoutePredicateFactory [RemoteAddr]
19:55:13:605  INFO 22156 --- [main] o.s.c.g.r.RouteDefinitionRouteLocator    : Loaded RoutePredicateFactory [XForwardedRemoteAddr]
19:55:13:605  INFO 22156 --- [main] o.s.c.g.r.RouteDefinitionRouteLocator    : Loaded RoutePredicateFactory [Weight]
19:55:13:605  INFO 22156 --- [main] o.s.c.g.r.RouteDefinitionRouteLocator    : Loaded RoutePredicateFactory [CloudFoundryRouteService]
19:55:14:861  INFO 22156 --- [main] o.s.cloud.commons.util.InetUtils         : Cannot determine local hostname
19:55:15:160  INFO 22156 --- [main] com.alibaba.nacos.common.remote.client   : [RpcClientFactory] create a new rpc client of 9e50f4e2-2799-4ab5-888b-7e32b5e40e8a
19:55:15:160  INFO 22156 --- [main] com.alibaba.nacos.common.remote.client   : [9e50f4e2-2799-4ab5-888b-7e32b5e40e8a] RpcClient init label, labels = {module=naming, source=sdk}
19:55:15:162  INFO 22156 --- [main] com.alibaba.nacos.common.remote.client   : [9e50f4e2-2799-4ab5-888b-7e32b5e40e8a] RpcClient init, ServerListFactory = com.alibaba.nacos.client.naming.core.ServerListManager
19:55:15:162  INFO 22156 --- [main] com.alibaba.nacos.common.remote.client   : [9e50f4e2-2799-4ab5-888b-7e32b5e40e8a] Registry connection listener to current client:com.alibaba.nacos.client.naming.remote.gprc.redo.NamingGrpcRedoService
19:55:15:162  INFO 22156 --- [main] com.alibaba.nacos.common.remote.client   : [9e50f4e2-2799-4ab5-888b-7e32b5e40e8a] Register server push request handler:com.alibaba.nacos.client.naming.remote.gprc.NamingPushRequestHandler
19:55:15:163  INFO 22156 --- [main] com.alibaba.nacos.common.remote.client   : [9e50f4e2-2799-4ab5-888b-7e32b5e40e8a] Try to connect to server on start up, server: {serverIp = '192.168.197.133', server main port = 8848}
19:55:15:278  INFO 22156 --- [main] com.alibaba.nacos.common.remote.client   : [9e50f4e2-2799-4ab5-888b-7e32b5e40e8a] Success to connect to server [192.168.197.133:8848] on start up, connectionId = 1722340514476_192.168.197.1_10092
19:55:15:278  INFO 22156 --- [main] com.alibaba.nacos.common.remote.client   : [9e50f4e2-2799-4ab5-888b-7e32b5e40e8a] Register server push request handler:com.alibaba.nacos.common.remote.client.RpcClient$ConnectResetRequestHandler
19:55:15:278  INFO 22156 --- [main] com.alibaba.nacos.common.remote.client   : [9e50f4e2-2799-4ab5-888b-7e32b5e40e8a] Register server push request handler:com.alibaba.nacos.common.remote.client.RpcClient$$Lambda$462/0x00000192814a0228
19:55:15:278  INFO 22156 --- [com.alibaba.nacos.client.remote.worker] com.alibaba.nacos.common.remote.client   : [9e50f4e2-2799-4ab5-888b-7e32b5e40e8a] Notify connected event to listeners.
19:55:15:457  INFO 22156 --- [main] o.s.b.web.embedded.netty.NettyWebServer  : Netty started on port 8080
19:55:15:832  INFO 22156 --- [nacos-grpc-client-executor-4] com.alibaba.nacos.common.remote.client   : [9e50f4e2-2799-4ab5-888b-7e32b5e40e8a] Receive server push request, request = NotifySubscriberRequest, requestId = 31
19:55:15:839  INFO 22156 --- [nacos-grpc-client-executor-4] com.alibaba.nacos.common.remote.client   : [9e50f4e2-2799-4ab5-888b-7e32b5e40e8a] Ack server push request, request = NotifySubscriberRequest, requestId = 31
19:55:16:608  INFO 22156 --- [main] o.s.cloud.commons.util.InetUtils         : Cannot determine local hostname
19:55:17:777  INFO 22156 --- [main] o.s.cloud.commons.util.InetUtils         : Cannot determine local hostname
19:55:17:787  INFO 22156 --- [main] c.a.c.n.registry.NacosServiceRegistry    : nacos registry, DEFAULT_GROUP gateway 192.168.179.1:8080 register finished
19:55:17:803  INFO 22156 --- [main] com.qingmuy.geteway.GatewayApplication   : Started GatewayApplication in 11.308 seconds (JVM running for 11.664)
19:55:17:805  INFO 22156 --- [main] c.a.c.n.refresh.NacosContextRefresher    : [Nacos Config] Listening config: dataId=gateway.yaml, group=DEFAULT_GROUP
19:55:17:806  INFO 22156 --- [main] c.a.c.n.refresh.NacosContextRefresher    : [Nacos Config] Listening config: dataId=gateway-dev.yaml, group=DEFAULT_GROUP
19:55:17:806  INFO 22156 --- [main] c.a.c.n.refresh.NacosContextRefresher    : [Nacos Config] Listening config: dataId=gateway, group=DEFAULT_GROUP
19:55:18:338  INFO 22156 --- [nacos-grpc-client-executor-10] com.alibaba.nacos.common.remote.client   : [9e50f4e2-2799-4ab5-888b-7e32b5e40e8a] Receive server push request, request = NotifySubscriberRequest, requestId = 33
19:55:18:344  INFO 22156 --- [nacos-grpc-client-executor-10] com.alibaba.nacos.common.remote.client   : [9e50f4e2-2799-4ab5-888b-7e32b5e40e8a] Ack server push request, request = NotifySubscriberRequest, requestId = 33
19:55:50:190  INFO 22156 --- [nacos-grpc-client-executor-20] com.alibaba.nacos.common.remote.client   : [9e50f4e2-2799-4ab5-888b-7e32b5e40e8a] Receive server push request, request = NotifySubscriberRequest, requestId = 38
19:55:50:190  INFO 22156 --- [nacos-grpc-client-executor-20] com.alibaba.nacos.common.remote.client   : [9e50f4e2-2799-4ab5-888b-7e32b5e40e8a] Ack server push request, request = NotifySubscriberRequest, requestId = 38
19:55:52:091  INFO 22156 --- [nacos-grpc-client-executor-23] com.alibaba.nacos.common.remote.client   : [9e50f4e2-2799-4ab5-888b-7e32b5e40e8a] Receive server push request, request = NotifySubscriberRequest, requestId = 39
19:55:52:092  INFO 22156 --- [nacos-grpc-client-executor-23] com.alibaba.nacos.common.remote.client   : [9e50f4e2-2799-4ab5-888b-7e32b5e40e8a] Ack server push request, request = NotifySubscriberRequest, requestId = 39
19:55:58:523  INFO 22156 --- [nacos-grpc-client-executor-26] com.alibaba.nacos.common.remote.client   : [9e50f4e2-2799-4ab5-888b-7e32b5e40e8a] Receive server push request, request = NotifySubscriberRequest, requestId = 41
19:55:58:524  INFO 22156 --- [nacos-grpc-client-executor-26] com.alibaba.nacos.common.remote.client   : [9e50f4e2-2799-4ab5-888b-7e32b5e40e8a] Ack server push request, request = NotifySubscriberRequest, requestId = 41
19:56:01:237  INFO 22156 --- [nacos-grpc-client-executor-29] com.alibaba.nacos.common.remote.client   : [9e50f4e2-2799-4ab5-888b-7e32b5e40e8a] Receive server push request, request = NotifySubscriberRequest, requestId = 42
19:56:01:238  INFO 22156 --- [nacos-grpc-client-executor-29] com.alibaba.nacos.common.remote.client   : [9e50f4e2-2799-4ab5-888b-7e32b5e40e8a] Ack server push request, request = NotifySubscriberRequest, requestId = 42
19:56:01:840  INFO 22156 --- [nacos-grpc-client-executor-32] com.alibaba.nacos.common.remote.client   : [9e50f4e2-2799-4ab5-888b-7e32b5e40e8a] Receive server push request, request = NotifySubscriberRequest, requestId = 45
19:56:01:840  INFO 22156 --- [nacos-grpc-client-executor-32] com.alibaba.nacos.common.remote.client   : [9e50f4e2-2799-4ab5-888b-7e32b5e40e8a] Ack server push request, request = NotifySubscriberRequest, requestId = 45
20:05:36:911  WARN 22156 --- [Thread-1] c.a.n.common.http.HttpClientBeanHolder   : [HttpClientBeanHolder] Start destroying common HttpClient
20:05:36:911  WARN 22156 --- [Thread-5] c.a.nacos.common.notify.NotifyCenter     : [NotifyCenter] Start destroying Publisher
20:05:36:911  WARN 22156 --- [Thread-5] c.a.nacos.common.notify.NotifyCenter     : [NotifyCenter] Destruction of the end
20:05:36:912  WARN 22156 --- [Thread-1] c.a.n.common.http.HttpClientBeanHolder   : [HttpClientBeanHolder] Destruction of the end
20:05:36:940  INFO 22156 --- [SpringApplicationShutdownHook] c.a.c.n.registry.NacosServiceRegistry    : De-registering from Nacos Server now...
20:05:36:946  INFO 22156 --- [SpringApplicationShutdownHook] c.a.c.n.registry.NacosServiceRegistry    : De-registration finished.
20:05:37:252  INFO 22156 --- [SpringApplicationShutdownHook] com.alibaba.nacos.common.remote.client   : Shutdown rpc client, set status to shutdown
20:05:37:252  INFO 22156 --- [SpringApplicationShutdownHook] com.alibaba.nacos.common.remote.client   : Shutdown client event executor java.util.concurrent.ScheduledThreadPoolExecutor@1ce335e7[Running, pool size = 2, active threads = 2, queued tasks = 0, completed tasks = 0]
20:05:37:252  INFO 22156 --- [SpringApplicationShutdownHook] com.alibaba.nacos.common.remote.client   : Close current connection 1722340514476_192.168.197.1_10092
20:05:37:253  INFO 22156 --- [nacos-grpc-client-executor-179] c.a.n.c.remote.client.grpc.GrpcClient    : [1722340514476_192.168.197.1_10092]Ignore complete event,isRunning:false,isAbandon=false
20:05:37:261  INFO 22156 --- [SpringApplicationShutdownHook] c.a.n.c.remote.client.grpc.GrpcClient    : Shutdown grpc executor java.util.concurrent.ThreadPoolExecutor@38b4fc53[Running, pool size = 7, active threads = 0, queued tasks = 0, completed tasks = 180]
20:05:44:659  INFO 4724 --- [main] com.qingmuy.geteway.GatewayApplication   : The following 1 profile is active: "dev"
20:05:44:998  INFO 4724 --- [main] o.s.cloud.context.scope.GenericScope     : BeanFactory id=2ad2b902-efa8-3a17-88cc-e60631d9454a
20:05:45:032  INFO 4724 --- [main] trationDelegate$BeanPostProcessorChecker : Bean 'org.springframework.cloud.client.loadbalancer.reactive.LoadBalancerBeanPostProcessorAutoConfiguration' of type [org.springframework.cloud.client.loadbalancer.reactive.LoadBalancerBeanPostProcessorAutoConfiguration] is not eligible for getting processed by all BeanPostProcessors (for example: not eligible for auto-proxying)
20:05:45:033  INFO 4724 --- [main] trationDelegate$BeanPostProcessorChecker : Bean 'org.springframework.cloud.client.loadbalancer.reactive.LoadBalancerBeanPostProcessorAutoConfiguration$ReactorDeferringLoadBalancerFilterConfig' of type [org.springframework.cloud.client.loadbalancer.reactive.LoadBalancerBeanPostProcessorAutoConfiguration$ReactorDeferringLoadBalancerFilterConfig] is not eligible for getting processed by all BeanPostProcessors (for example: not eligible for auto-proxying)
20:05:45:034  INFO 4724 --- [main] trationDelegate$BeanPostProcessorChecker : Bean 'reactorDeferringLoadBalancerExchangeFilterFunction' of type [org.springframework.cloud.client.loadbalancer.reactive.DeferringLoadBalancerExchangeFilterFunction] is not eligible for getting processed by all BeanPostProcessors (for example: not eligible for auto-proxying)
20:05:45:528  INFO 4724 --- [main] c.q.geteway.routers.DynamicRouteLoader   : 监听到路由配置信息：[
    {
        "id": "item",
        "predicates": [{
            "name": "Path",
            "args": {"_genkey_0":"/items/**", "_genkey_1":"/search/**"}
        }],
        "filters": [],
        "uri": "lb://item-service"
    },
    {
        "id": "cart",
        "predicates": [{
            "name": "Path",
            "args": {"_genkey_0":"/carts/**"}
        }],
        "filters": [],
        "uri": "lb://cart-service"
    },
    {
        "id": "user",
        "predicates": [{
            "name": "Path",
            "args": {"_genkey_0":"/users/**", "_genkey_1":"/addresses/**"}
        }],
        "filters": [],
        "uri": "lb://user-service"
    },
    {
        "id": "trade",
        "predicates": [{
            "name": "Path",
            "args": {"_genkey_0":"/orders/**"}
        }],
        "filters": [],
        "uri": "lb://trade-service"
    },
    {
        "id": "pay",
        "predicates": [{
            "name": "Path",
            "args": {"_genkey_0":"/pay-orders/**"}
        }],
        "filters": [],
        "uri": "lb://pay-service"
    }
]
20:05:46:850  INFO 4724 --- [main] o.s.cloud.commons.util.InetUtils         : Cannot determine local hostname
20:05:47:999  INFO 4724 --- [main] o.s.cloud.commons.util.InetUtils         : Cannot determine local hostname
20:05:48:169  INFO 4724 --- [main] o.s.c.g.r.RouteDefinitionRouteLocator    : Loaded RoutePredicateFactory [After]
20:05:48:169  INFO 4724 --- [main] o.s.c.g.r.RouteDefinitionRouteLocator    : Loaded RoutePredicateFactory [Before]
20:05:48:169  INFO 4724 --- [main] o.s.c.g.r.RouteDefinitionRouteLocator    : Loaded RoutePredicateFactory [Between]
20:05:48:169  INFO 4724 --- [main] o.s.c.g.r.RouteDefinitionRouteLocator    : Loaded RoutePredicateFactory [Cookie]
20:05:48:169  INFO 4724 --- [main] o.s.c.g.r.RouteDefinitionRouteLocator    : Loaded RoutePredicateFactory [Header]
20:05:48:169  INFO 4724 --- [main] o.s.c.g.r.RouteDefinitionRouteLocator    : Loaded RoutePredicateFactory [Host]
20:05:48:169  INFO 4724 --- [main] o.s.c.g.r.RouteDefinitionRouteLocator    : Loaded RoutePredicateFactory [Method]
20:05:48:169  INFO 4724 --- [main] o.s.c.g.r.RouteDefinitionRouteLocator    : Loaded RoutePredicateFactory [Path]
20:05:48:169  INFO 4724 --- [main] o.s.c.g.r.RouteDefinitionRouteLocator    : Loaded RoutePredicateFactory [Query]
20:05:48:169  INFO 4724 --- [main] o.s.c.g.r.RouteDefinitionRouteLocator    : Loaded RoutePredicateFactory [ReadBody]
20:05:48:169  INFO 4724 --- [main] o.s.c.g.r.RouteDefinitionRouteLocator    : Loaded RoutePredicateFactory [RemoteAddr]
20:05:48:169  INFO 4724 --- [main] o.s.c.g.r.RouteDefinitionRouteLocator    : Loaded RoutePredicateFactory [XForwardedRemoteAddr]
20:05:48:170  INFO 4724 --- [main] o.s.c.g.r.RouteDefinitionRouteLocator    : Loaded RoutePredicateFactory [Weight]
20:05:48:170  INFO 4724 --- [main] o.s.c.g.r.RouteDefinitionRouteLocator    : Loaded RoutePredicateFactory [CloudFoundryRouteService]
20:05:49:410  INFO 4724 --- [main] o.s.cloud.commons.util.InetUtils         : Cannot determine local hostname
20:05:49:659  INFO 4724 --- [main] com.alibaba.nacos.common.remote.client   : [RpcClientFactory] create a new rpc client of 21242c34-52ee-4239-a4f9-0834792ab109
20:05:49:659  INFO 4724 --- [main] com.alibaba.nacos.common.remote.client   : [21242c34-52ee-4239-a4f9-0834792ab109] RpcClient init label, labels = {module=naming, source=sdk}
20:05:49:660  INFO 4724 --- [main] com.alibaba.nacos.common.remote.client   : [21242c34-52ee-4239-a4f9-0834792ab109] RpcClient init, ServerListFactory = com.alibaba.nacos.client.naming.core.ServerListManager
20:05:49:660  INFO 4724 --- [main] com.alibaba.nacos.common.remote.client   : [21242c34-52ee-4239-a4f9-0834792ab109] Registry connection listener to current client:com.alibaba.nacos.client.naming.remote.gprc.redo.NamingGrpcRedoService
20:05:49:660  INFO 4724 --- [main] com.alibaba.nacos.common.remote.client   : [21242c34-52ee-4239-a4f9-0834792ab109] Register server push request handler:com.alibaba.nacos.client.naming.remote.gprc.NamingPushRequestHandler
20:05:49:661  INFO 4724 --- [main] com.alibaba.nacos.common.remote.client   : [21242c34-52ee-4239-a4f9-0834792ab109] Try to connect to server on start up, server: {serverIp = '192.168.197.133', server main port = 8848}
20:05:49:782  INFO 4724 --- [main] com.alibaba.nacos.common.remote.client   : [21242c34-52ee-4239-a4f9-0834792ab109] Success to connect to server [192.168.197.133:8848] on start up, connectionId = 1722341148981_192.168.197.1_11827
20:05:49:782  INFO 4724 --- [main] com.alibaba.nacos.common.remote.client   : [21242c34-52ee-4239-a4f9-0834792ab109] Register server push request handler:com.alibaba.nacos.common.remote.client.RpcClient$ConnectResetRequestHandler
20:05:49:782  INFO 4724 --- [com.alibaba.nacos.client.remote.worker] com.alibaba.nacos.common.remote.client   : [21242c34-52ee-4239-a4f9-0834792ab109] Notify connected event to listeners.
20:05:49:782  INFO 4724 --- [main] com.alibaba.nacos.common.remote.client   : [21242c34-52ee-4239-a4f9-0834792ab109] Register server push request handler:com.alibaba.nacos.common.remote.client.RpcClient$$Lambda$462/0x0000017a8149fcb0
20:05:49:924  INFO 4724 --- [main] o.s.b.web.embedded.netty.NettyWebServer  : Netty started on port 8080
20:05:50:383  INFO 4724 --- [nacos-grpc-client-executor-5] com.alibaba.nacos.common.remote.client   : [21242c34-52ee-4239-a4f9-0834792ab109] Receive server push request, request = NotifySubscriberRequest, requestId = 48
20:05:50:390  INFO 4724 --- [nacos-grpc-client-executor-5] com.alibaba.nacos.common.remote.client   : [21242c34-52ee-4239-a4f9-0834792ab109] Ack server push request, request = NotifySubscriberRequest, requestId = 48
20:05:51:058  INFO 4724 --- [main] o.s.cloud.commons.util.InetUtils         : Cannot determine local hostname
20:05:52:192  INFO 4724 --- [main] o.s.cloud.commons.util.InetUtils         : Cannot determine local hostname
20:05:52:198  INFO 4724 --- [main] c.a.c.n.registry.NacosServiceRegistry    : nacos registry, DEFAULT_GROUP gateway 192.168.179.1:8080 register finished
20:05:52:209  INFO 4724 --- [main] com.qingmuy.geteway.GatewayApplication   : Started GatewayApplication in 11.285 seconds (JVM running for 11.773)
20:05:52:211  INFO 4724 --- [main] c.a.c.n.refresh.NacosContextRefresher    : [Nacos Config] Listening config: dataId=gateway.yaml, group=DEFAULT_GROUP
20:05:52:211  INFO 4724 --- [main] c.a.c.n.refresh.NacosContextRefresher    : [Nacos Config] Listening config: dataId=gateway-dev.yaml, group=DEFAULT_GROUP
20:05:52:212  INFO 4724 --- [main] c.a.c.n.refresh.NacosContextRefresher    : [Nacos Config] Listening config: dataId=gateway, group=DEFAULT_GROUP
20:05:52:794  INFO 4724 --- [nacos-grpc-client-executor-8] com.alibaba.nacos.common.remote.client   : [21242c34-52ee-4239-a4f9-0834792ab109] Receive server push request, request = NotifySubscriberRequest, requestId = 49
20:05:52:801  INFO 4724 --- [nacos-grpc-client-executor-8] com.alibaba.nacos.common.remote.client   : [21242c34-52ee-4239-a4f9-0834792ab109] Ack server push request, request = NotifySubscriberRequest, requestId = 49
20:06:21:045  INFO 4724 --- [nacos-grpc-client-executor-18] com.alibaba.nacos.common.remote.client   : [21242c34-52ee-4239-a4f9-0834792ab109] Receive server push request, request = NotifySubscriberRequest, requestId = 56
20:06:21:045  INFO 4724 --- [nacos-grpc-client-executor-18] com.alibaba.nacos.common.remote.client   : [21242c34-52ee-4239-a4f9-0834792ab109] Ack server push request, request = NotifySubscriberRequest, requestId = 56
20:06:21:757  INFO 4724 --- [nacos-grpc-client-executor-21] com.alibaba.nacos.common.remote.client   : [21242c34-52ee-4239-a4f9-0834792ab109] Receive server push request, request = NotifySubscriberRequest, requestId = 57
20:06:21:758  INFO 4724 --- [nacos-grpc-client-executor-21] com.alibaba.nacos.common.remote.client   : [21242c34-52ee-4239-a4f9-0834792ab109] Ack server push request, request = NotifySubscriberRequest, requestId = 57
20:06:23:882  INFO 4724 --- [nacos-grpc-client-executor-24] com.alibaba.nacos.common.remote.client   : [21242c34-52ee-4239-a4f9-0834792ab109] Receive server push request, request = NotifySubscriberRequest, requestId = 58
20:06:23:882  INFO 4724 --- [nacos-grpc-client-executor-24] com.alibaba.nacos.common.remote.client   : [21242c34-52ee-4239-a4f9-0834792ab109] Ack server push request, request = NotifySubscriberRequest, requestId = 58
20:06:37:958  INFO 4724 --- [nacos-grpc-client-executor-31] com.alibaba.nacos.common.remote.client   : [21242c34-52ee-4239-a4f9-0834792ab109] Receive server push request, request = NotifySubscriberRequest, requestId = 60
20:06:37:959  INFO 4724 --- [nacos-grpc-client-executor-31] com.alibaba.nacos.common.remote.client   : [21242c34-52ee-4239-a4f9-0834792ab109] Ack server push request, request = NotifySubscriberRequest, requestId = 60
20:06:38:551  INFO 4724 --- [nacos-grpc-client-executor-34] com.alibaba.nacos.common.remote.client   : [21242c34-52ee-4239-a4f9-0834792ab109] Receive server push request, request = NotifySubscriberRequest, requestId = 63
20:06:38:552  INFO 4724 --- [nacos-grpc-client-executor-34] com.alibaba.nacos.common.remote.client   : [21242c34-52ee-4239-a4f9-0834792ab109] Ack server push request, request = NotifySubscriberRequest, requestId = 63
20:07:19:992  WARN 4724 --- [Thread-5] c.a.nacos.common.notify.NotifyCenter     : [NotifyCenter] Start destroying Publisher
20:07:19:992  WARN 4724 --- [Thread-1] c.a.n.common.http.HttpClientBeanHolder   : [HttpClientBeanHolder] Start destroying common HttpClient
20:07:19:992  WARN 4724 --- [Thread-5] c.a.nacos.common.notify.NotifyCenter     : [NotifyCenter] Destruction of the end
20:07:19:993  WARN 4724 --- [Thread-1] c.a.n.common.http.HttpClientBeanHolder   : [HttpClientBeanHolder] Destruction of the end
20:07:20:006  INFO 4724 --- [SpringApplicationShutdownHook] c.a.c.n.registry.NacosServiceRegistry    : De-registering from Nacos Server now...
20:07:20:013  INFO 4724 --- [SpringApplicationShutdownHook] c.a.c.n.registry.NacosServiceRegistry    : De-registration finished.
20:07:20:323  INFO 4724 --- [SpringApplicationShutdownHook] com.alibaba.nacos.common.remote.client   : Shutdown rpc client, set status to shutdown
20:07:20:323  INFO 4724 --- [SpringApplicationShutdownHook] com.alibaba.nacos.common.remote.client   : Shutdown client event executor java.util.concurrent.ScheduledThreadPoolExecutor@27d653df[Running, pool size = 2, active threads = 2, queued tasks = 0, completed tasks = 0]
20:07:20:323  INFO 4724 --- [SpringApplicationShutdownHook] com.alibaba.nacos.common.remote.client   : Close current connection 1722341148981_192.168.197.1_11827
20:07:20:324  INFO 4724 --- [nacos-grpc-client-executor-49] c.a.n.c.remote.client.grpc.GrpcClient    : [1722341148981_192.168.197.1_11827]Ignore complete event,isRunning:false,isAbandon=false
20:07:20:325  INFO 4724 --- [SpringApplicationShutdownHook] c.a.n.c.remote.client.grpc.GrpcClient    : Shutdown grpc executor java.util.concurrent.ThreadPoolExecutor@1873bcca[Running, pool size = 6, active threads = 0, queued tasks = 0, completed tasks = 50]
20:14:58:667  INFO 28000 --- [main] com.qingmuy.geteway.GatewayApplication   : The following 1 profile is active: "dev"
20:14:58:985  INFO 28000 --- [main] o.s.cloud.context.scope.GenericScope     : BeanFactory id=2ad2b902-efa8-3a17-88cc-e60631d9454a
20:14:59:027  INFO 28000 --- [main] trationDelegate$BeanPostProcessorChecker : Bean 'org.springframework.cloud.client.loadbalancer.reactive.LoadBalancerBeanPostProcessorAutoConfiguration' of type [org.springframework.cloud.client.loadbalancer.reactive.LoadBalancerBeanPostProcessorAutoConfiguration] is not eligible for getting processed by all BeanPostProcessors (for example: not eligible for auto-proxying)
20:14:59:027  INFO 28000 --- [main] trationDelegate$BeanPostProcessorChecker : Bean 'org.springframework.cloud.client.loadbalancer.reactive.LoadBalancerBeanPostProcessorAutoConfiguration$ReactorDeferringLoadBalancerFilterConfig' of type [org.springframework.cloud.client.loadbalancer.reactive.LoadBalancerBeanPostProcessorAutoConfiguration$ReactorDeferringLoadBalancerFilterConfig] is not eligible for getting processed by all BeanPostProcessors (for example: not eligible for auto-proxying)
20:14:59:028  INFO 28000 --- [main] trationDelegate$BeanPostProcessorChecker : Bean 'reactorDeferringLoadBalancerExchangeFilterFunction' of type [org.springframework.cloud.client.loadbalancer.reactive.DeferringLoadBalancerExchangeFilterFunction] is not eligible for getting processed by all BeanPostProcessors (for example: not eligible for auto-proxying)
20:14:59:386  INFO 28000 --- [main] c.q.geteway.routers.DynamicRouteLoader   : 监听到路由配置信息：[
    {
        "id": "item",
        "predicates": [{
            "name": "Path",
            "args": {"_genkey_0":"/items/**", "_genkey_1":"/search/**"}
        }],
        "filters": [],
        "uri": "lb://item-service"
    },
    {
        "id": "cart",
        "predicates": [{
            "name": "Path",
            "args": {"_genkey_0":"/carts/**"}
        }],
        "filters": [],
        "uri": "lb://cart-service"
    },
    {
        "id": "user",
        "predicates": [{
            "name": "Path",
            "args": {"_genkey_0":"/users/**", "_genkey_1":"/addresses/**"}
        }],
        "filters": [],
        "uri": "lb://user-service"
    },
    {
        "id": "trade",
        "predicates": [{
            "name": "Path",
            "args": {"_genkey_0":"/orders/**"}
        }],
        "filters": [],
        "uri": "lb://trade-service"
    },
    {
        "id": "pay",
        "predicates": [{
            "name": "Path",
            "args": {"_genkey_0":"/pay-orders/**"}
        }],
        "filters": [],
        "uri": "lb://pay-service"
    }
]
20:15:00:638  INFO 28000 --- [main] o.s.cloud.commons.util.InetUtils         : Cannot determine local hostname
20:15:01:770  INFO 28000 --- [main] o.s.cloud.commons.util.InetUtils         : Cannot determine local hostname
20:15:01:918  INFO 28000 --- [main] o.s.c.g.r.RouteDefinitionRouteLocator    : Loaded RoutePredicateFactory [After]
20:15:01:918  INFO 28000 --- [main] o.s.c.g.r.RouteDefinitionRouteLocator    : Loaded RoutePredicateFactory [Before]
20:15:01:918  INFO 28000 --- [main] o.s.c.g.r.RouteDefinitionRouteLocator    : Loaded RoutePredicateFactory [Between]
20:15:01:918  INFO 28000 --- [main] o.s.c.g.r.RouteDefinitionRouteLocator    : Loaded RoutePredicateFactory [Cookie]
20:15:01:918  INFO 28000 --- [main] o.s.c.g.r.RouteDefinitionRouteLocator    : Loaded RoutePredicateFactory [Header]
20:15:01:918  INFO 28000 --- [main] o.s.c.g.r.RouteDefinitionRouteLocator    : Loaded RoutePredicateFactory [Host]
20:15:01:918  INFO 28000 --- [main] o.s.c.g.r.RouteDefinitionRouteLocator    : Loaded RoutePredicateFactory [Method]
20:15:01:918  INFO 28000 --- [main] o.s.c.g.r.RouteDefinitionRouteLocator    : Loaded RoutePredicateFactory [Path]
20:15:01:919  INFO 28000 --- [main] o.s.c.g.r.RouteDefinitionRouteLocator    : Loaded RoutePredicateFactory [Query]
20:15:01:919  INFO 28000 --- [main] o.s.c.g.r.RouteDefinitionRouteLocator    : Loaded RoutePredicateFactory [ReadBody]
20:15:01:919  INFO 28000 --- [main] o.s.c.g.r.RouteDefinitionRouteLocator    : Loaded RoutePredicateFactory [RemoteAddr]
20:15:01:919  INFO 28000 --- [main] o.s.c.g.r.RouteDefinitionRouteLocator    : Loaded RoutePredicateFactory [XForwardedRemoteAddr]
20:15:01:919  INFO 28000 --- [main] o.s.c.g.r.RouteDefinitionRouteLocator    : Loaded RoutePredicateFactory [Weight]
20:15:01:919  INFO 28000 --- [main] o.s.c.g.r.RouteDefinitionRouteLocator    : Loaded RoutePredicateFactory [CloudFoundryRouteService]
20:15:03:128  INFO 28000 --- [main] o.s.cloud.commons.util.InetUtils         : Cannot determine local hostname
20:15:03:339  INFO 28000 --- [main] com.alibaba.nacos.common.remote.client   : [RpcClientFactory] create a new rpc client of e0ba4382-ebbf-4a36-a247-6a9fcd68be83
20:15:03:339  INFO 28000 --- [main] com.alibaba.nacos.common.remote.client   : [e0ba4382-ebbf-4a36-a247-6a9fcd68be83] RpcClient init label, labels = {module=naming, source=sdk}
20:15:03:340  INFO 28000 --- [main] com.alibaba.nacos.common.remote.client   : [e0ba4382-ebbf-4a36-a247-6a9fcd68be83] RpcClient init, ServerListFactory = com.alibaba.nacos.client.naming.core.ServerListManager
20:15:03:340  INFO 28000 --- [main] com.alibaba.nacos.common.remote.client   : [e0ba4382-ebbf-4a36-a247-6a9fcd68be83] Registry connection listener to current client:com.alibaba.nacos.client.naming.remote.gprc.redo.NamingGrpcRedoService
20:15:03:341  INFO 28000 --- [main] com.alibaba.nacos.common.remote.client   : [e0ba4382-ebbf-4a36-a247-6a9fcd68be83] Register server push request handler:com.alibaba.nacos.client.naming.remote.gprc.NamingPushRequestHandler
20:15:03:341  INFO 28000 --- [main] com.alibaba.nacos.common.remote.client   : [e0ba4382-ebbf-4a36-a247-6a9fcd68be83] Try to connect to server on start up, server: {serverIp = '192.168.197.133', server main port = 8848}
20:15:03:454  INFO 28000 --- [main] com.alibaba.nacos.common.remote.client   : [e0ba4382-ebbf-4a36-a247-6a9fcd68be83] Success to connect to server [192.168.197.133:8848] on start up, connectionId = 1722341702657_192.168.197.1_13377
20:15:03:454  INFO 28000 --- [main] com.alibaba.nacos.common.remote.client   : [e0ba4382-ebbf-4a36-a247-6a9fcd68be83] Register server push request handler:com.alibaba.nacos.common.remote.client.RpcClient$ConnectResetRequestHandler
20:15:03:454  INFO 28000 --- [main] com.alibaba.nacos.common.remote.client   : [e0ba4382-ebbf-4a36-a247-6a9fcd68be83] Register server push request handler:com.alibaba.nacos.common.remote.client.RpcClient$$Lambda$462/0x0000019fb44a0228
20:15:03:454  INFO 28000 --- [com.alibaba.nacos.client.remote.worker] com.alibaba.nacos.common.remote.client   : [e0ba4382-ebbf-4a36-a247-6a9fcd68be83] Notify connected event to listeners.
20:15:03:604  INFO 28000 --- [main] o.s.b.web.embedded.netty.NettyWebServer  : Netty started on port 8080
20:15:04:022  INFO 28000 --- [nacos-grpc-client-executor-4] com.alibaba.nacos.common.remote.client   : [e0ba4382-ebbf-4a36-a247-6a9fcd68be83] Receive server push request, request = NotifySubscriberRequest, requestId = 70
20:15:04:027  INFO 28000 --- [nacos-grpc-client-executor-4] com.alibaba.nacos.common.remote.client   : [e0ba4382-ebbf-4a36-a247-6a9fcd68be83] Ack server push request, request = NotifySubscriberRequest, requestId = 70
20:15:04:731  INFO 28000 --- [main] o.s.cloud.commons.util.InetUtils         : Cannot determine local hostname
20:15:05:855  INFO 28000 --- [main] o.s.cloud.commons.util.InetUtils         : Cannot determine local hostname
20:15:05:872  INFO 28000 --- [main] c.a.c.n.registry.NacosServiceRegistry    : nacos registry, DEFAULT_GROUP gateway 192.168.179.1:8080 register finished
20:15:05:883  INFO 28000 --- [main] com.qingmuy.geteway.GatewayApplication   : Started GatewayApplication in 10.843 seconds (JVM running for 11.259)
20:15:05:885  INFO 28000 --- [main] c.a.c.n.refresh.NacosContextRefresher    : [Nacos Config] Listening config: dataId=gateway.yaml, group=DEFAULT_GROUP
20:15:05:885  INFO 28000 --- [main] c.a.c.n.refresh.NacosContextRefresher    : [Nacos Config] Listening config: dataId=gateway-dev.yaml, group=DEFAULT_GROUP
20:15:05:886  INFO 28000 --- [main] c.a.c.n.refresh.NacosContextRefresher    : [Nacos Config] Listening config: dataId=gateway, group=DEFAULT_GROUP
20:15:06:433  INFO 28000 --- [nacos-grpc-client-executor-7] com.alibaba.nacos.common.remote.client   : [e0ba4382-ebbf-4a36-a247-6a9fcd68be83] Receive server push request, request = NotifySubscriberRequest, requestId = 71
20:15:06:440  INFO 28000 --- [nacos-grpc-client-executor-7] com.alibaba.nacos.common.remote.client   : [e0ba4382-ebbf-4a36-a247-6a9fcd68be83] Ack server push request, request = NotifySubscriberRequest, requestId = 71
20:15:23:648  INFO 28000 --- [nacos-grpc-client-executor-12] com.alibaba.nacos.common.remote.client   : [e0ba4382-ebbf-4a36-a247-6a9fcd68be83] Receive server push request, request = NotifySubscriberRequest, requestId = 72
20:15:23:649  INFO 28000 --- [nacos-grpc-client-executor-12] com.alibaba.nacos.common.remote.client   : [e0ba4382-ebbf-4a36-a247-6a9fcd68be83] Ack server push request, request = NotifySubscriberRequest, requestId = 72
20:15:25:654  INFO 28000 --- [nacos-grpc-client-executor-15] com.alibaba.nacos.common.remote.client   : [e0ba4382-ebbf-4a36-a247-6a9fcd68be83] Receive server push request, request = NotifySubscriberRequest, requestId = 73
20:15:25:655  INFO 28000 --- [nacos-grpc-client-executor-15] com.alibaba.nacos.common.remote.client   : [e0ba4382-ebbf-4a36-a247-6a9fcd68be83] Ack server push request, request = NotifySubscriberRequest, requestId = 73
20:15:28:674  INFO 28000 --- [nacos-grpc-client-executor-18] com.alibaba.nacos.common.remote.client   : [e0ba4382-ebbf-4a36-a247-6a9fcd68be83] Receive server push request, request = NotifySubscriberRequest, requestId = 75
20:15:28:674  INFO 28000 --- [nacos-grpc-client-executor-18] com.alibaba.nacos.common.remote.client   : [e0ba4382-ebbf-4a36-a247-6a9fcd68be83] Ack server push request, request = NotifySubscriberRequest, requestId = 75
20:15:30:984  INFO 28000 --- [nacos-grpc-client-executor-22] com.alibaba.nacos.common.remote.client   : [e0ba4382-ebbf-4a36-a247-6a9fcd68be83] Receive server push request, request = NotifySubscriberRequest, requestId = 76
20:15:30:986  INFO 28000 --- [nacos-grpc-client-executor-22] com.alibaba.nacos.common.remote.client   : [e0ba4382-ebbf-4a36-a247-6a9fcd68be83] Ack server push request, request = NotifySubscriberRequest, requestId = 76
20:15:31:589  INFO 28000 --- [nacos-grpc-client-executor-25] com.alibaba.nacos.common.remote.client   : [e0ba4382-ebbf-4a36-a247-6a9fcd68be83] Receive server push request, request = NotifySubscriberRequest, requestId = 79
20:15:31:589  INFO 28000 --- [nacos-grpc-client-executor-25] com.alibaba.nacos.common.remote.client   : [e0ba4382-ebbf-4a36-a247-6a9fcd68be83] Ack server push request, request = NotifySubscriberRequest, requestId = 79
20:16:54:609  WARN 28000 --- [Thread-5] c.a.nacos.common.notify.NotifyCenter     : [NotifyCenter] Start destroying Publisher
20:16:54:609  WARN 28000 --- [Thread-1] c.a.n.common.http.HttpClientBeanHolder   : [HttpClientBeanHolder] Start destroying common HttpClient
20:16:54:610  WARN 28000 --- [Thread-5] c.a.nacos.common.notify.NotifyCenter     : [NotifyCenter] Destruction of the end
20:16:54:610  WARN 28000 --- [Thread-1] c.a.n.common.http.HttpClientBeanHolder   : [HttpClientBeanHolder] Destruction of the end
20:16:54:621  INFO 28000 --- [SpringApplicationShutdownHook] c.a.c.n.registry.NacosServiceRegistry    : De-registering from Nacos Server now...
20:16:54:627  INFO 28000 --- [SpringApplicationShutdownHook] c.a.c.n.registry.NacosServiceRegistry    : De-registration finished.
20:16:54:932  INFO 28000 --- [SpringApplicationShutdownHook] com.alibaba.nacos.common.remote.client   : Shutdown rpc client, set status to shutdown
20:16:54:932  INFO 28000 --- [SpringApplicationShutdownHook] com.alibaba.nacos.common.remote.client   : Shutdown client event executor java.util.concurrent.ScheduledThreadPoolExecutor@4d8bc98a[Running, pool size = 2, active threads = 2, queued tasks = 0, completed tasks = 0]
20:16:54:932  INFO 28000 --- [SpringApplicationShutdownHook] com.alibaba.nacos.common.remote.client   : Close current connection 1722341702657_192.168.197.1_13377
20:16:54:933  INFO 28000 --- [nacos-grpc-client-executor-50] c.a.n.c.remote.client.grpc.GrpcClient    : [1722341702657_192.168.197.1_13377]Ignore complete event,isRunning:false,isAbandon=false
20:16:54:934  INFO 28000 --- [SpringApplicationShutdownHook] c.a.n.c.remote.client.grpc.GrpcClient    : Shutdown grpc executor java.util.concurrent.ThreadPoolExecutor@315b150e[Running, pool size = 5, active threads = 0, queued tasks = 0, completed tasks = 51]
21:53:25:602  INFO 24236 --- [main] com.qingmuy.geteway.GatewayApplication   : The following 1 profile is active: "dev"
21:53:25:938  INFO 24236 --- [main] o.s.cloud.context.scope.GenericScope     : BeanFactory id=2ad2b902-efa8-3a17-88cc-e60631d9454a
21:53:25:977  INFO 24236 --- [main] trationDelegate$BeanPostProcessorChecker : Bean 'org.springframework.cloud.client.loadbalancer.reactive.LoadBalancerBeanPostProcessorAutoConfiguration' of type [org.springframework.cloud.client.loadbalancer.reactive.LoadBalancerBeanPostProcessorAutoConfiguration] is not eligible for getting processed by all BeanPostProcessors (for example: not eligible for auto-proxying)
21:53:25:977  INFO 24236 --- [main] trationDelegate$BeanPostProcessorChecker : Bean 'org.springframework.cloud.client.loadbalancer.reactive.LoadBalancerBeanPostProcessorAutoConfiguration$ReactorDeferringLoadBalancerFilterConfig' of type [org.springframework.cloud.client.loadbalancer.reactive.LoadBalancerBeanPostProcessorAutoConfiguration$ReactorDeferringLoadBalancerFilterConfig] is not eligible for getting processed by all BeanPostProcessors (for example: not eligible for auto-proxying)
21:53:25:978  INFO 24236 --- [main] trationDelegate$BeanPostProcessorChecker : Bean 'reactorDeferringLoadBalancerExchangeFilterFunction' of type [org.springframework.cloud.client.loadbalancer.reactive.DeferringLoadBalancerExchangeFilterFunction] is not eligible for getting processed by all BeanPostProcessors (for example: not eligible for auto-proxying)
21:53:26:379  INFO 24236 --- [main] c.q.geteway.routers.DynamicRouteLoader   : 监听到路由配置信息：[
    {
        "id": "item",
        "predicates": [{
            "name": "Path",
            "args": {"_genkey_0":"/items/**", "_genkey_1":"/search/**"}
        }],
        "filters": [],
        "uri": "lb://item-service"
    },
    {
        "id": "cart",
        "predicates": [{
            "name": "Path",
            "args": {"_genkey_0":"/carts/**"}
        }],
        "filters": [],
        "uri": "lb://cart-service"
    },
    {
        "id": "user",
        "predicates": [{
            "name": "Path",
            "args": {"_genkey_0":"/users/**", "_genkey_1":"/addresses/**"}
        }],
        "filters": [],
        "uri": "lb://user-service"
    },
    {
        "id": "trade",
        "predicates": [{
            "name": "Path",
            "args": {"_genkey_0":"/orders/**"}
        }],
        "filters": [],
        "uri": "lb://trade-service"
    },
    {
        "id": "pay",
        "predicates": [{
            "name": "Path",
            "args": {"_genkey_0":"/pay-orders/**"}
        }],
        "filters": [],
        "uri": "lb://pay-service"
    }
]
21:53:27:631  INFO 24236 --- [main] o.s.cloud.commons.util.InetUtils         : Cannot determine local hostname
21:53:28:762  INFO 24236 --- [main] o.s.cloud.commons.util.InetUtils         : Cannot determine local hostname
21:53:28:938  INFO 24236 --- [main] o.s.c.g.r.RouteDefinitionRouteLocator    : Loaded RoutePredicateFactory [After]
21:53:28:938  INFO 24236 --- [main] o.s.c.g.r.RouteDefinitionRouteLocator    : Loaded RoutePredicateFactory [Before]
21:53:28:938  INFO 24236 --- [main] o.s.c.g.r.RouteDefinitionRouteLocator    : Loaded RoutePredicateFactory [Between]
21:53:28:938  INFO 24236 --- [main] o.s.c.g.r.RouteDefinitionRouteLocator    : Loaded RoutePredicateFactory [Cookie]
21:53:28:938  INFO 24236 --- [main] o.s.c.g.r.RouteDefinitionRouteLocator    : Loaded RoutePredicateFactory [Header]
21:53:28:938  INFO 24236 --- [main] o.s.c.g.r.RouteDefinitionRouteLocator    : Loaded RoutePredicateFactory [Host]
21:53:28:939  INFO 24236 --- [main] o.s.c.g.r.RouteDefinitionRouteLocator    : Loaded RoutePredicateFactory [Method]
21:53:28:939  INFO 24236 --- [main] o.s.c.g.r.RouteDefinitionRouteLocator    : Loaded RoutePredicateFactory [Path]
21:53:28:939  INFO 24236 --- [main] o.s.c.g.r.RouteDefinitionRouteLocator    : Loaded RoutePredicateFactory [Query]
21:53:28:939  INFO 24236 --- [main] o.s.c.g.r.RouteDefinitionRouteLocator    : Loaded RoutePredicateFactory [ReadBody]
21:53:28:939  INFO 24236 --- [main] o.s.c.g.r.RouteDefinitionRouteLocator    : Loaded RoutePredicateFactory [RemoteAddr]
21:53:28:939  INFO 24236 --- [main] o.s.c.g.r.RouteDefinitionRouteLocator    : Loaded RoutePredicateFactory [XForwardedRemoteAddr]
21:53:28:939  INFO 24236 --- [main] o.s.c.g.r.RouteDefinitionRouteLocator    : Loaded RoutePredicateFactory [Weight]
21:53:28:939  INFO 24236 --- [main] o.s.c.g.r.RouteDefinitionRouteLocator    : Loaded RoutePredicateFactory [CloudFoundryRouteService]
21:53:30:155  INFO 24236 --- [main] o.s.cloud.commons.util.InetUtils         : Cannot determine local hostname
21:53:30:376  INFO 24236 --- [main] com.alibaba.nacos.common.remote.client   : [RpcClientFactory] create a new rpc client of 95cdd234-426d-4eb1-b99a-d1527b978abe
21:53:30:376  INFO 24236 --- [main] com.alibaba.nacos.common.remote.client   : [95cdd234-426d-4eb1-b99a-d1527b978abe] RpcClient init label, labels = {module=naming, source=sdk}
21:53:30:377  INFO 24236 --- [main] com.alibaba.nacos.common.remote.client   : [95cdd234-426d-4eb1-b99a-d1527b978abe] RpcClient init, ServerListFactory = com.alibaba.nacos.client.naming.core.ServerListManager
21:53:30:377  INFO 24236 --- [main] com.alibaba.nacos.common.remote.client   : [95cdd234-426d-4eb1-b99a-d1527b978abe] Registry connection listener to current client:com.alibaba.nacos.client.naming.remote.gprc.redo.NamingGrpcRedoService
21:53:30:377  INFO 24236 --- [main] com.alibaba.nacos.common.remote.client   : [95cdd234-426d-4eb1-b99a-d1527b978abe] Register server push request handler:com.alibaba.nacos.client.naming.remote.gprc.NamingPushRequestHandler
21:53:30:378  INFO 24236 --- [main] com.alibaba.nacos.common.remote.client   : [95cdd234-426d-4eb1-b99a-d1527b978abe] Try to connect to server on start up, server: {serverIp = '192.168.197.133', server main port = 8848}
21:53:30:493  INFO 24236 --- [main] com.alibaba.nacos.common.remote.client   : [95cdd234-426d-4eb1-b99a-d1527b978abe] Success to connect to server [192.168.197.133:8848] on start up, connectionId = 1722347609714_192.168.197.1_11634
21:53:30:493  INFO 24236 --- [main] com.alibaba.nacos.common.remote.client   : [95cdd234-426d-4eb1-b99a-d1527b978abe] Register server push request handler:com.alibaba.nacos.common.remote.client.RpcClient$ConnectResetRequestHandler
21:53:30:493  INFO 24236 --- [main] com.alibaba.nacos.common.remote.client   : [95cdd234-426d-4eb1-b99a-d1527b978abe] Register server push request handler:com.alibaba.nacos.common.remote.client.RpcClient$$Lambda$462/0x00000206294a0228
21:53:30:493  INFO 24236 --- [com.alibaba.nacos.client.remote.worker] com.alibaba.nacos.common.remote.client   : [95cdd234-426d-4eb1-b99a-d1527b978abe] Notify connected event to listeners.
21:53:30:658  INFO 24236 --- [main] o.s.b.web.embedded.netty.NettyWebServer  : Netty started on port 8080
21:53:31:034  INFO 24236 --- [nacos-grpc-client-executor-5] com.alibaba.nacos.common.remote.client   : [95cdd234-426d-4eb1-b99a-d1527b978abe] Receive server push request, request = NotifySubscriberRequest, requestId = 86
21:53:31:039  INFO 24236 --- [nacos-grpc-client-executor-5] com.alibaba.nacos.common.remote.client   : [95cdd234-426d-4eb1-b99a-d1527b978abe] Ack server push request, request = NotifySubscriberRequest, requestId = 86
21:53:31:786  INFO 24236 --- [main] o.s.cloud.commons.util.InetUtils         : Cannot determine local hostname
21:53:32:923  INFO 24236 --- [main] o.s.cloud.commons.util.InetUtils         : Cannot determine local hostname
21:53:32:942  INFO 24236 --- [main] c.a.c.n.registry.NacosServiceRegistry    : nacos registry, DEFAULT_GROUP gateway 192.168.179.1:8080 register finished
21:53:32:953  INFO 24236 --- [main] com.qingmuy.geteway.GatewayApplication   : Started GatewayApplication in 10.998 seconds (JVM running for 11.504)
21:53:32:954  INFO 24236 --- [main] c.a.c.n.refresh.NacosContextRefresher    : [Nacos Config] Listening config: dataId=gateway.yaml, group=DEFAULT_GROUP
21:53:32:955  INFO 24236 --- [main] c.a.c.n.refresh.NacosContextRefresher    : [Nacos Config] Listening config: dataId=gateway-dev.yaml, group=DEFAULT_GROUP
21:53:32:955  INFO 24236 --- [main] c.a.c.n.refresh.NacosContextRefresher    : [Nacos Config] Listening config: dataId=gateway, group=DEFAULT_GROUP
21:53:33:539  INFO 24236 --- [nacos-grpc-client-executor-12] com.alibaba.nacos.common.remote.client   : [95cdd234-426d-4eb1-b99a-d1527b978abe] Receive server push request, request = NotifySubscriberRequest, requestId = 87
21:53:33:543  INFO 24236 --- [nacos-grpc-client-executor-12] com.alibaba.nacos.common.remote.client   : [95cdd234-426d-4eb1-b99a-d1527b978abe] Ack server push request, request = NotifySubscriberRequest, requestId = 87
22:06:52:260  WARN 24236 --- [Thread-1] c.a.n.common.http.HttpClientBeanHolder   : [HttpClientBeanHolder] Start destroying common HttpClient
22:06:52:260  WARN 24236 --- [Thread-5] c.a.nacos.common.notify.NotifyCenter     : [NotifyCenter] Start destroying Publisher
22:06:52:260  WARN 24236 --- [Thread-5] c.a.nacos.common.notify.NotifyCenter     : [NotifyCenter] Destruction of the end
22:06:52:261  WARN 24236 --- [Thread-1] c.a.n.common.http.HttpClientBeanHolder   : [HttpClientBeanHolder] Destruction of the end
22:06:52:275  INFO 24236 --- [SpringApplicationShutdownHook] c.a.c.n.registry.NacosServiceRegistry    : De-registering from Nacos Server now...
22:06:52:279  INFO 24236 --- [SpringApplicationShutdownHook] c.a.c.n.registry.NacosServiceRegistry    : De-registration finished.
22:06:52:593  INFO 24236 --- [SpringApplicationShutdownHook] com.alibaba.nacos.common.remote.client   : Shutdown rpc client, set status to shutdown
22:06:52:593  INFO 24236 --- [SpringApplicationShutdownHook] com.alibaba.nacos.common.remote.client   : Shutdown client event executor java.util.concurrent.ScheduledThreadPoolExecutor@6b7ca540[Running, pool size = 2, active threads = 2, queued tasks = 0, completed tasks = 0]
22:06:52:593  INFO 24236 --- [SpringApplicationShutdownHook] com.alibaba.nacos.common.remote.client   : Close current connection 1722347609714_192.168.197.1_11634
22:06:52:603  INFO 24236 --- [SpringApplicationShutdownHook] c.a.n.c.remote.client.grpc.GrpcClient    : Shutdown grpc executor java.util.concurrent.ThreadPoolExecutor@785c4337[Running, pool size = 4, active threads = 0, queued tasks = 0, completed tasks = 192]
22:06:59:803  INFO 6348 --- [main] com.qingmuy.geteway.GatewayApplication   : The following 1 profile is active: "dev"
22:07:00:153  INFO 6348 --- [main] o.s.cloud.context.scope.GenericScope     : BeanFactory id=2ad2b902-efa8-3a17-88cc-e60631d9454a
22:07:00:188  INFO 6348 --- [main] trationDelegate$BeanPostProcessorChecker : Bean 'org.springframework.cloud.client.loadbalancer.reactive.LoadBalancerBeanPostProcessorAutoConfiguration' of type [org.springframework.cloud.client.loadbalancer.reactive.LoadBalancerBeanPostProcessorAutoConfiguration] is not eligible for getting processed by all BeanPostProcessors (for example: not eligible for auto-proxying)
22:07:00:188  INFO 6348 --- [main] trationDelegate$BeanPostProcessorChecker : Bean 'org.springframework.cloud.client.loadbalancer.reactive.LoadBalancerBeanPostProcessorAutoConfiguration$ReactorDeferringLoadBalancerFilterConfig' of type [org.springframework.cloud.client.loadbalancer.reactive.LoadBalancerBeanPostProcessorAutoConfiguration$ReactorDeferringLoadBalancerFilterConfig] is not eligible for getting processed by all BeanPostProcessors (for example: not eligible for auto-proxying)
22:07:00:189  INFO 6348 --- [main] trationDelegate$BeanPostProcessorChecker : Bean 'reactorDeferringLoadBalancerExchangeFilterFunction' of type [org.springframework.cloud.client.loadbalancer.reactive.DeferringLoadBalancerExchangeFilterFunction] is not eligible for getting processed by all BeanPostProcessors (for example: not eligible for auto-proxying)
22:07:00:608  INFO 6348 --- [main] c.q.geteway.routers.DynamicRouteLoader   : 监听到路由配置信息：[
    {
        "id": "item",
        "predicates": [{
            "name": "Path",
            "args": {"_genkey_0":"/items/**", "_genkey_1":"/search/**"}
        }],
        "filters": [],
        "uri": "lb://item-service"
    },
    {
        "id": "cart",
        "predicates": [{
            "name": "Path",
            "args": {"_genkey_0":"/carts/**"}
        }],
        "filters": [],
        "uri": "lb://cart-service"
    },
    {
        "id": "user",
        "predicates": [{
            "name": "Path",
            "args": {"_genkey_0":"/users/**", "_genkey_1":"/addresses/**"}
        }],
        "filters": [],
        "uri": "lb://user-service"
    },
    {
        "id": "trade",
        "predicates": [{
            "name": "Path",
            "args": {"_genkey_0":"/orders/**"}
        }],
        "filters": [],
        "uri": "lb://trade-service"
    },
    {
        "id": "pay",
        "predicates": [{
            "name": "Path",
            "args": {"_genkey_0":"/pay-orders/**"}
        }],
        "filters": [],
        "uri": "lb://pay-service"
    }
]
22:07:01:886  INFO 6348 --- [main] o.s.cloud.commons.util.InetUtils         : Cannot determine local hostname
22:07:03:015  INFO 6348 --- [main] o.s.cloud.commons.util.InetUtils         : Cannot determine local hostname
22:07:03:191  INFO 6348 --- [main] o.s.c.g.r.RouteDefinitionRouteLocator    : Loaded RoutePredicateFactory [After]
22:07:03:191  INFO 6348 --- [main] o.s.c.g.r.RouteDefinitionRouteLocator    : Loaded RoutePredicateFactory [Before]
22:07:03:191  INFO 6348 --- [main] o.s.c.g.r.RouteDefinitionRouteLocator    : Loaded RoutePredicateFactory [Between]
22:07:03:191  INFO 6348 --- [main] o.s.c.g.r.RouteDefinitionRouteLocator    : Loaded RoutePredicateFactory [Cookie]
22:07:03:191  INFO 6348 --- [main] o.s.c.g.r.RouteDefinitionRouteLocator    : Loaded RoutePredicateFactory [Header]
22:07:03:191  INFO 6348 --- [main] o.s.c.g.r.RouteDefinitionRouteLocator    : Loaded RoutePredicateFactory [Host]
22:07:03:191  INFO 6348 --- [main] o.s.c.g.r.RouteDefinitionRouteLocator    : Loaded RoutePredicateFactory [Method]
22:07:03:192  INFO 6348 --- [main] o.s.c.g.r.RouteDefinitionRouteLocator    : Loaded RoutePredicateFactory [Path]
22:07:03:192  INFO 6348 --- [main] o.s.c.g.r.RouteDefinitionRouteLocator    : Loaded RoutePredicateFactory [Query]
22:07:03:192  INFO 6348 --- [main] o.s.c.g.r.RouteDefinitionRouteLocator    : Loaded RoutePredicateFactory [ReadBody]
22:07:03:192  INFO 6348 --- [main] o.s.c.g.r.RouteDefinitionRouteLocator    : Loaded RoutePredicateFactory [RemoteAddr]
22:07:03:192  INFO 6348 --- [main] o.s.c.g.r.RouteDefinitionRouteLocator    : Loaded RoutePredicateFactory [XForwardedRemoteAddr]
22:07:03:192  INFO 6348 --- [main] o.s.c.g.r.RouteDefinitionRouteLocator    : Loaded RoutePredicateFactory [Weight]
22:07:03:192  INFO 6348 --- [main] o.s.c.g.r.RouteDefinitionRouteLocator    : Loaded RoutePredicateFactory [CloudFoundryRouteService]
22:07:04:419  INFO 6348 --- [main] o.s.cloud.commons.util.InetUtils         : Cannot determine local hostname
22:07:04:661  INFO 6348 --- [main] com.alibaba.nacos.common.remote.client   : [RpcClientFactory] create a new rpc client of b8c428d6-2e95-44e0-a6c8-0c0cac07910b
22:07:04:661  INFO 6348 --- [main] com.alibaba.nacos.common.remote.client   : [b8c428d6-2e95-44e0-a6c8-0c0cac07910b] RpcClient init label, labels = {module=naming, source=sdk}
22:07:04:662  INFO 6348 --- [main] com.alibaba.nacos.common.remote.client   : [b8c428d6-2e95-44e0-a6c8-0c0cac07910b] RpcClient init, ServerListFactory = com.alibaba.nacos.client.naming.core.ServerListManager
22:07:04:662  INFO 6348 --- [main] com.alibaba.nacos.common.remote.client   : [b8c428d6-2e95-44e0-a6c8-0c0cac07910b] Registry connection listener to current client:com.alibaba.nacos.client.naming.remote.gprc.redo.NamingGrpcRedoService
22:07:04:662  INFO 6348 --- [main] com.alibaba.nacos.common.remote.client   : [b8c428d6-2e95-44e0-a6c8-0c0cac07910b] Register server push request handler:com.alibaba.nacos.client.naming.remote.gprc.NamingPushRequestHandler
22:07:04:662  INFO 6348 --- [main] com.alibaba.nacos.common.remote.client   : [b8c428d6-2e95-44e0-a6c8-0c0cac07910b] Try to connect to server on start up, server: {serverIp = '192.168.197.133', server main port = 8848}
22:07:04:775  INFO 6348 --- [main] com.alibaba.nacos.common.remote.client   : [b8c428d6-2e95-44e0-a6c8-0c0cac07910b] Success to connect to server [192.168.197.133:8848] on start up, connectionId = 1722348424000_192.168.197.1_14346
22:07:04:775  INFO 6348 --- [main] com.alibaba.nacos.common.remote.client   : [b8c428d6-2e95-44e0-a6c8-0c0cac07910b] Register server push request handler:com.alibaba.nacos.common.remote.client.RpcClient$ConnectResetRequestHandler
22:07:04:775  INFO 6348 --- [main] com.alibaba.nacos.common.remote.client   : [b8c428d6-2e95-44e0-a6c8-0c0cac07910b] Register server push request handler:com.alibaba.nacos.common.remote.client.RpcClient$$Lambda$462/0x00000130874a0228
22:07:04:775  INFO 6348 --- [com.alibaba.nacos.client.remote.worker] com.alibaba.nacos.common.remote.client   : [b8c428d6-2e95-44e0-a6c8-0c0cac07910b] Notify connected event to listeners.
22:07:04:922  INFO 6348 --- [main] o.s.b.web.embedded.netty.NettyWebServer  : Netty started on port 8080
22:07:05:340  INFO 6348 --- [nacos-grpc-client-executor-6] com.alibaba.nacos.common.remote.client   : [b8c428d6-2e95-44e0-a6c8-0c0cac07910b] Receive server push request, request = NotifySubscriberRequest, requestId = 93
22:07:05:348  INFO 6348 --- [nacos-grpc-client-executor-6] com.alibaba.nacos.common.remote.client   : [b8c428d6-2e95-44e0-a6c8-0c0cac07910b] Ack server push request, request = NotifySubscriberRequest, requestId = 93
22:07:06:072  INFO 6348 --- [main] o.s.cloud.commons.util.InetUtils         : Cannot determine local hostname
22:07:07:203  INFO 6348 --- [main] o.s.cloud.commons.util.InetUtils         : Cannot determine local hostname
22:07:07:220  INFO 6348 --- [main] c.a.c.n.registry.NacosServiceRegistry    : nacos registry, DEFAULT_GROUP gateway 192.168.179.1:8080 register finished
22:07:07:232  INFO 6348 --- [main] com.qingmuy.geteway.GatewayApplication   : Started GatewayApplication in 11.148 seconds (JVM running for 11.545)
22:07:07:234  INFO 6348 --- [main] c.a.c.n.refresh.NacosContextRefresher    : [Nacos Config] Listening config: dataId=gateway.yaml, group=DEFAULT_GROUP
22:07:07:235  INFO 6348 --- [main] c.a.c.n.refresh.NacosContextRefresher    : [Nacos Config] Listening config: dataId=gateway-dev.yaml, group=DEFAULT_GROUP
22:07:07:235  INFO 6348 --- [main] c.a.c.n.refresh.NacosContextRefresher    : [Nacos Config] Listening config: dataId=gateway, group=DEFAULT_GROUP
22:07:07:748  INFO 6348 --- [nacos-grpc-client-executor-10] com.alibaba.nacos.common.remote.client   : [b8c428d6-2e95-44e0-a6c8-0c0cac07910b] Receive server push request, request = NotifySubscriberRequest, requestId = 94
22:07:07:755  INFO 6348 --- [nacos-grpc-client-executor-10] com.alibaba.nacos.common.remote.client   : [b8c428d6-2e95-44e0-a6c8-0c0cac07910b] Ack server push request, request = NotifySubscriberRequest, requestId = 94
22:17:46:043  INFO 6348 --- [nacos-grpc-client-executor-156] com.alibaba.nacos.common.remote.client   : [b8c428d6-2e95-44e0-a6c8-0c0cac07910b] Receive server push request, request = NotifySubscriberRequest, requestId = 102
22:17:46:044  INFO 6348 --- [nacos-grpc-client-executor-156] com.alibaba.nacos.common.remote.client   : [b8c428d6-2e95-44e0-a6c8-0c0cac07910b] Ack server push request, request = NotifySubscriberRequest, requestId = 102
22:17:46:947  INFO 6348 --- [nacos-grpc-client-executor-159] com.alibaba.nacos.common.remote.client   : [b8c428d6-2e95-44e0-a6c8-0c0cac07910b] Receive server push request, request = NotifySubscriberRequest, requestId = 103
22:17:46:948  INFO 6348 --- [nacos-grpc-client-executor-159] com.alibaba.nacos.common.remote.client   : [b8c428d6-2e95-44e0-a6c8-0c0cac07910b] Ack server push request, request = NotifySubscriberRequest, requestId = 103
22:17:53:786  INFO 6348 --- [nacos-grpc-client-executor-162] com.alibaba.nacos.common.remote.client   : [b8c428d6-2e95-44e0-a6c8-0c0cac07910b] Receive server push request, request = NotifySubscriberRequest, requestId = 104
22:17:53:786  INFO 6348 --- [nacos-grpc-client-executor-162] com.alibaba.nacos.common.remote.client   : [b8c428d6-2e95-44e0-a6c8-0c0cac07910b] Ack server push request, request = NotifySubscriberRequest, requestId = 104
22:18:01:627  INFO 6348 --- [nacos-grpc-client-executor-166] com.alibaba.nacos.common.remote.client   : [b8c428d6-2e95-44e0-a6c8-0c0cac07910b] Receive server push request, request = NotifySubscriberRequest, requestId = 106
22:18:01:627  INFO 6348 --- [nacos-grpc-client-executor-166] com.alibaba.nacos.common.remote.client   : [b8c428d6-2e95-44e0-a6c8-0c0cac07910b] Ack server push request, request = NotifySubscriberRequest, requestId = 106
22:18:02:231  INFO 6348 --- [nacos-grpc-client-executor-170] com.alibaba.nacos.common.remote.client   : [b8c428d6-2e95-44e0-a6c8-0c0cac07910b] Receive server push request, request = NotifySubscriberRequest, requestId = 109
22:18:02:231  INFO 6348 --- [nacos-grpc-client-executor-170] com.alibaba.nacos.common.remote.client   : [b8c428d6-2e95-44e0-a6c8-0c0cac07910b] Ack server push request, request = NotifySubscriberRequest, requestId = 109
22:19:27:865  WARN 6348 --- [Thread-5] c.a.nacos.common.notify.NotifyCenter     : [NotifyCenter] Start destroying Publisher
22:19:27:865  WARN 6348 --- [Thread-1] c.a.n.common.http.HttpClientBeanHolder   : [HttpClientBeanHolder] Start destroying common HttpClient
22:19:27:865  WARN 6348 --- [Thread-5] c.a.nacos.common.notify.NotifyCenter     : [NotifyCenter] Destruction of the end
22:19:27:866  WARN 6348 --- [Thread-1] c.a.n.common.http.HttpClientBeanHolder   : [HttpClientBeanHolder] Destruction of the end
22:19:27:881  INFO 6348 --- [SpringApplicationShutdownHook] c.a.c.n.registry.NacosServiceRegistry    : De-registering from Nacos Server now...
22:19:27:888  INFO 6348 --- [SpringApplicationShutdownHook] c.a.c.n.registry.NacosServiceRegistry    : De-registration finished.
22:19:28:194  INFO 6348 --- [SpringApplicationShutdownHook] com.alibaba.nacos.common.remote.client   : Shutdown rpc client, set status to shutdown
22:19:28:194  INFO 6348 --- [SpringApplicationShutdownHook] com.alibaba.nacos.common.remote.client   : Shutdown client event executor java.util.concurrent.ScheduledThreadPoolExecutor@1863b91c[Running, pool size = 2, active threads = 2, queued tasks = 0, completed tasks = 0]
22:19:28:194  INFO 6348 --- [SpringApplicationShutdownHook] com.alibaba.nacos.common.remote.client   : Close current connection 1722348424000_192.168.197.1_14346
22:19:28:196  INFO 6348 --- [SpringApplicationShutdownHook] c.a.n.c.remote.client.grpc.GrpcClient    : Shutdown grpc executor java.util.concurrent.ThreadPoolExecutor@3ef82de2[Running, pool size = 4, active threads = 0, queued tasks = 0, completed tasks = 195]
