18:16:46:311  INFO 25400 --- [main] com.qingmuy.item.ItemApplication         : Starting ItemApplication using Java 17.0.9 on OvO with PID 25400 (D:\Code\Java\SpringCloud-Note\src\hmall\item-service\target\classes started by Muy in D:\Code\Java\SpringCloud-Note\src\hmall)
18:16:46:315  INFO 25400 --- [main] com.qingmuy.item.ItemApplication         : The following 1 profile is active: "local"
18:16:47:193  INFO 25400 --- [main] o.s.b.w.embedded.tomcat.TomcatWebServer  : Tomcat initialized with port(s): 8080 (http)
18:16:47:193  INFO 25400 --- [main] o.a.catalina.core.AprLifecycleListener   : Loaded Apache Tomcat Native library [1.2.39] using APR version [1.7.4].
18:16:47:194  INFO 25400 --- [main] o.a.catalina.core.AprLifecycleListener   : APR capabilities: IPv6 [true], sendfile [true], accept filters [false], random [true], UDS [true].
18:16:47:194  INFO 25400 --- [main] o.a.catalina.core.AprLifecycleListener   : APR/OpenSSL configuration: useAprConnector [false], useOpenSSL [true]
18:16:47:211  INFO 25400 --- [main] o.a.catalina.core.AprLifecycleListener   : OpenSSL successfully initialized [OpenSSL 3.0.11 19 Sep 2023]
18:16:47:219  INFO 25400 --- [main] o.apache.catalina.core.StandardService   : Starting service [Tomcat]
18:16:47:219  INFO 25400 --- [main] org.apache.catalina.core.StandardEngine  : Starting Servlet engine: [Apache Tomcat/9.0.75]
18:16:47:284  INFO 25400 --- [main] o.a.c.c.C.[Tomcat].[localhost].[/]       : Initializing Spring embedded WebApplicationContext
18:16:47:284  INFO 25400 --- [main] w.s.c.ServletWebServerApplicationContext : Root WebApplicationContext: initialization completed in 936 ms
18:16:47:881  INFO 25400 --- [main] pertySourcedRequestMappingHandlerMapping : Mapped URL path [/v2/api-docs] onto method [springfox.documentation.swagger2.web.Swagger2ControllerWebMvc#getDocumentation(String, HttpServletRequest)]
18:16:47:934  INFO 25400 --- [main] o.s.b.w.embedded.tomcat.TomcatWebServer  : Tomcat started on port(s): 8080 (http) with context path ''
18:16:47:935  INFO 25400 --- [main] d.s.w.p.DocumentationPluginsBootstrapper : Documentation plugins bootstrapped
18:16:47:937  INFO 25400 --- [main] d.s.w.p.DocumentationPluginsBootstrapper : Found 1 custom documentation plugin(s)
18:16:47:954  INFO 25400 --- [main] s.d.s.w.s.ApiListingReferenceScanner     : Scanning for api listing references
18:16:48:037  INFO 25400 --- [main] com.qingmuy.item.ItemApplication         : Started ItemApplication in 2.087 seconds (JVM running for 2.647)
18:17:05:397  INFO 25400 --- [http-nio-8080-exec-1] o.a.c.c.C.[Tomcat].[localhost].[/]       : Initializing Spring DispatcherServlet 'dispatcherServlet'
18:17:05:398  INFO 25400 --- [http-nio-8080-exec-1] o.s.web.servlet.DispatcherServlet        : Initializing Servlet 'dispatcherServlet'
18:17:05:398  INFO 25400 --- [http-nio-8080-exec-1] o.s.web.servlet.DispatcherServlet        : Completed initialization in 0 ms
