19:32:24:112  INFO 11736 --- [main] com.qingmuy.cart.CartApplication         : The following 1 profile is active: "local"
19:32:24:637  INFO 11736 --- [main] o.s.cloud.context.scope.GenericScope     : BeanFactory id=53d9356b-5df2-3e35-998e-94733ef593fe
19:32:24:871  INFO 11736 --- [main] o.s.b.w.embedded.tomcat.TomcatWebServer  : Tomcat initialized with port(s): 8082 (http)
19:32:24:872  INFO 11736 --- [main] o.a.catalina.core.AprLifecycleListener   : Loaded Apache Tomcat Native library [1.2.39] using APR version [1.7.4].
19:32:24:872  INFO 11736 --- [main] o.a.catalina.core.AprLifecycleListener   : APR capabilities: IPv6 [true], sendfile [true], accept filters [false], random [true], UDS [true].
19:32:24:872  INFO 11736 --- [main] o.a.catalina.core.AprLifecycleListener   : APR/OpenSSL configuration: useAprConnector [false], useOpenSSL [true]
19:32:24:877  INFO 11736 --- [main] o.a.catalina.core.AprLifecycleListener   : OpenSSL successfully initialized [OpenSSL 3.0.11 19 Sep 2023]
19:32:24:882  INFO 11736 --- [main] o.apache.catalina.core.StandardService   : Starting service [Tomcat]
19:32:24:882  INFO 11736 --- [main] org.apache.catalina.core.StandardEngine  : Starting Servlet engine: [Apache Tomcat/9.0.75]
19:32:24:942  INFO 11736 --- [main] o.a.c.c.C.[Tomcat].[localhost].[/]       : Initializing Spring embedded WebApplicationContext
19:32:24:943  INFO 11736 --- [main] w.s.c.ServletWebServerApplicationContext : Root WebApplicationContext: initialization completed in 819 ms
19:32:25:052  INFO 11736 --- [main] o.s.c.openfeign.FeignClientFactoryBean   : For 'item-service' URL not provided. Will try picking an instance via load-balancing.
19:32:26:753  INFO 11736 --- [main] o.s.cloud.commons.util.InetUtils         : Cannot determine local hostname
19:32:26:778  INFO 11736 --- [main] pertySourcedRequestMappingHandlerMapping : Mapped URL path [/v2/api-docs] onto method [springfox.documentation.swagger2.web.Swagger2ControllerWebMvc#getDocumentation(String, HttpServletRequest)]
19:32:28:028  INFO 11736 --- [main] o.s.cloud.commons.util.InetUtils         : Cannot determine local hostname
19:32:28:131  INFO 11736 --- [main] com.alibaba.nacos.common.remote.client   : [RpcClientFactory] create a new rpc client of e41ecf0c-2cd9-4d6f-aa9c-4894990c211d
19:32:28:131  INFO 11736 --- [main] com.alibaba.nacos.common.remote.client   : [e41ecf0c-2cd9-4d6f-aa9c-4894990c211d] RpcClient init label, labels = {module=naming, source=sdk}
19:32:28:131  INFO 11736 --- [main] com.alibaba.nacos.common.remote.client   : [e41ecf0c-2cd9-4d6f-aa9c-4894990c211d] RpcClient init, ServerListFactory = com.alibaba.nacos.client.naming.core.ServerListManager
19:32:28:131  INFO 11736 --- [main] com.alibaba.nacos.common.remote.client   : [e41ecf0c-2cd9-4d6f-aa9c-4894990c211d] Registry connection listener to current client:com.alibaba.nacos.client.naming.remote.gprc.redo.NamingGrpcRedoService
19:32:28:131  INFO 11736 --- [main] com.alibaba.nacos.common.remote.client   : [e41ecf0c-2cd9-4d6f-aa9c-4894990c211d] Register server push request handler:com.alibaba.nacos.client.naming.remote.gprc.NamingPushRequestHandler
19:32:28:132  INFO 11736 --- [main] com.alibaba.nacos.common.remote.client   : [e41ecf0c-2cd9-4d6f-aa9c-4894990c211d] Try to connect to server on start up, server: {serverIp = '192.168.197.133', server main port = 8848}
19:32:28:252  INFO 11736 --- [main] com.alibaba.nacos.common.remote.client   : [e41ecf0c-2cd9-4d6f-aa9c-4894990c211d] Success to connect to server [192.168.197.133:8848] on start up, connectionId = 1722339147445_192.168.197.1_6521
19:32:28:252  INFO 11736 --- [main] com.alibaba.nacos.common.remote.client   : [e41ecf0c-2cd9-4d6f-aa9c-4894990c211d] Register server push request handler:com.alibaba.nacos.common.remote.client.RpcClient$ConnectResetRequestHandler
19:32:28:252  INFO 11736 --- [com.alibaba.nacos.client.remote.worker] com.alibaba.nacos.common.remote.client   : [e41ecf0c-2cd9-4d6f-aa9c-4894990c211d] Notify connected event to listeners.
19:32:28:252  INFO 11736 --- [main] com.alibaba.nacos.common.remote.client   : [e41ecf0c-2cd9-4d6f-aa9c-4894990c211d] Register server push request handler:com.alibaba.nacos.common.remote.client.RpcClient$$Lambda$468/0x00000197844b0ad8
19:32:28:300  INFO 11736 --- [main] o.s.b.w.embedded.tomcat.TomcatWebServer  : Tomcat started on port(s): 8082 (http) with context path ''
19:32:28:308  INFO 11736 --- [main] c.a.c.n.registry.NacosServiceRegistry    : nacos registry, DEFAULT_GROUP cart-service 192.168.179.1:8082 register finished
19:32:28:844  INFO 11736 --- [nacos-grpc-client-executor-8] com.alibaba.nacos.common.remote.client   : [e41ecf0c-2cd9-4d6f-aa9c-4894990c211d] Receive server push request, request = NotifySubscriberRequest, requestId = 7
19:32:28:850  INFO 11736 --- [nacos-grpc-client-executor-8] com.alibaba.nacos.common.remote.client   : [e41ecf0c-2cd9-4d6f-aa9c-4894990c211d] Ack server push request, request = NotifySubscriberRequest, requestId = 7
19:32:29:471  INFO 11736 --- [main] o.s.cloud.commons.util.InetUtils         : Cannot determine local hostname
19:32:29:471  INFO 11736 --- [main] d.s.w.p.DocumentationPluginsBootstrapper : Documentation plugins bootstrapped
19:32:29:473  INFO 11736 --- [main] d.s.w.p.DocumentationPluginsBootstrapper : Found 1 custom documentation plugin(s)
19:32:29:490  INFO 11736 --- [main] s.d.s.w.s.ApiListingReferenceScanner     : Scanning for api listing references
19:32:29:545  INFO 11736 --- [main] com.qingmuy.cart.CartApplication         : Started CartApplication in 9.073 seconds (JVM running for 9.444)
19:32:29:549  INFO 11736 --- [main] c.a.c.n.refresh.NacosContextRefresher    : [Nacos Config] Listening config: dataId=cart-service, group=DEFAULT_GROUP
19:32:29:555  INFO 11736 --- [main] c.a.c.n.refresh.NacosContextRefresher    : [Nacos Config] Listening config: dataId=cart-service.yaml, group=DEFAULT_GROUP
19:32:29:555  INFO 11736 --- [main] c.a.c.n.refresh.NacosContextRefresher    : [Nacos Config] Listening config: dataId=cart-service-local.yaml, group=DEFAULT_GROUP
19:34:02:696  INFO 11736 --- [http-nio-8082-exec-1] o.a.c.c.C.[Tomcat].[localhost].[/]       : Initializing Spring DispatcherServlet 'dispatcherServlet'
19:34:02:696  INFO 11736 --- [http-nio-8082-exec-1] o.s.web.servlet.DispatcherServlet        : Initializing Servlet 'dispatcherServlet'
19:34:02:698  INFO 11736 --- [http-nio-8082-exec-1] o.s.web.servlet.DispatcherServlet        : Completed initialization in 2 ms
19:34:02:775  INFO 11736 --- [http-nio-8082-exec-1] com.zaxxer.hikari.HikariDataSource       : HikariPool-1 - Starting...
19:34:02:912  INFO 11736 --- [http-nio-8082-exec-1] com.zaxxer.hikari.HikariDataSource       : HikariPool-1 - Start completed.
19:34:02:916 DEBUG 11736 --- [http-nio-8082-exec-1] c.q.cart.mapper.CartMapper.selectList    : ==>  Preparing: SELECT id,user_id,item_id,num,name,spec,price,image,create_time,update_time FROM cart WHERE (user_id = ?)
19:34:02:934 DEBUG 11736 --- [http-nio-8082-exec-1] c.q.cart.mapper.CartMapper.selectList    : ==> Parameters: 1(Long)
19:34:02:962 DEBUG 11736 --- [http-nio-8082-exec-1] c.q.cart.mapper.CartMapper.selectList    : <==      Total: 2
19:34:03:004 DEBUG 11736 --- [http-nio-8082-exec-1] com.qingmuy.api.client.ItemClient        : [ItemClient#queryItemByIds] ---> GET http://item-service/items?ids=100000004580&ids=100000003145 HTTP/1.1
19:34:03:004 DEBUG 11736 --- [http-nio-8082-exec-1] com.qingmuy.api.client.ItemClient        : [ItemClient#queryItemByIds] user-info: 1
19:34:03:004 DEBUG 11736 --- [http-nio-8082-exec-1] com.qingmuy.api.client.ItemClient        : [ItemClient#queryItemByIds] ---> END HTTP (0-byte body)
19:34:03:418 DEBUG 11736 --- [http-nio-8082-exec-1] com.qingmuy.api.client.ItemClient        : [ItemClient#queryItemByIds] <--- HTTP/1.1 200  (412ms)
19:34:03:418 DEBUG 11736 --- [http-nio-8082-exec-1] com.qingmuy.api.client.ItemClient        : [ItemClient#queryItemByIds] connection: keep-alive
19:34:03:418 DEBUG 11736 --- [http-nio-8082-exec-1] com.qingmuy.api.client.ItemClient        : [ItemClient#queryItemByIds] content-type: application/json
19:34:03:418 DEBUG 11736 --- [http-nio-8082-exec-1] com.qingmuy.api.client.ItemClient        : [ItemClient#queryItemByIds] date: Tue, 30 Jul 2024 11:34:03 GMT
19:34:03:418 DEBUG 11736 --- [http-nio-8082-exec-1] com.qingmuy.api.client.ItemClient        : [ItemClient#queryItemByIds] keep-alive: timeout=60
19:34:03:418 DEBUG 11736 --- [http-nio-8082-exec-1] com.qingmuy.api.client.ItemClient        : [ItemClient#queryItemByIds] transfer-encoding: chunked
19:34:03:418 DEBUG 11736 --- [http-nio-8082-exec-1] com.qingmuy.api.client.ItemClient        : [ItemClient#queryItemByIds] 
19:34:03:418 DEBUG 11736 --- [http-nio-8082-exec-1] com.qingmuy.api.client.ItemClient        : [ItemClient#queryItemByIds] [{"id":"100000003145","name":"vivo X23 8GB+128GB 幻夜蓝 水滴屏全面屏 游戏手机 移动联通电信全网通4G手机","price":95900,"stock":9999,"image":"https://m.360buyimg.com/mobilecms/s720x720_jfs/t1/4612/28/6223/298257/5ba22d66Ef665222f/d97ed0b25cbe8c6e.jpg!q70.jpg.webp","category":"手机","brand":"vivo","spec":"{\"颜色\": \"红色\", \"版本\": \"8GB+128GB\"}","sold":11212,"commentCount":1231312,"isAD":true,"status":1},{"id":"100000004580","name":"薇妮(viney)女士单肩包 时尚牛皮女包百搭斜挎包女士手提大包(经典黑)","price":87900,"stock":10000,"image":"https://m.360buyimg.com/mobilecms/s720x720_jfs/t5590/64/5811657380/234462/5398e856/5965e173N34179777.jpg!q70.jpg.webp","category":"真皮包","brand":"viney","spec":"{\"颜色\": \"黑色\"}","sold":22233,"commentCount":2223232,"isAD":false,"status":1}]
19:34:03:419 DEBUG 11736 --- [http-nio-8082-exec-1] com.qingmuy.api.client.ItemClient        : [ItemClient#queryItemByIds] <--- END HTTP (855-byte body)
19:34:03:600  INFO 11736 --- [nacos-grpc-client-executor-32] com.alibaba.nacos.common.remote.client   : [e41ecf0c-2cd9-4d6f-aa9c-4894990c211d] Receive server push request, request = NotifySubscriberRequest, requestId = 10
19:34:03:600  INFO 11736 --- [nacos-grpc-client-executor-32] com.alibaba.nacos.common.remote.client   : [e41ecf0c-2cd9-4d6f-aa9c-4894990c211d] Ack server push request, request = NotifySubscriberRequest, requestId = 10
19:35:48:536 DEBUG 11736 --- [http-nio-8082-exec-3] c.qingmuy.cart.mapper.CartMapper.delete  : ==>  Preparing: DELETE FROM cart WHERE (user_id = ? AND item_id IN (?,?))
19:35:48:536 DEBUG 11736 --- [http-nio-8082-exec-3] c.qingmuy.cart.mapper.CartMapper.delete  : ==> Parameters: 1(Long), 100000004580(Long), 100000003145(Long)
19:35:48:602 DEBUG 11736 --- [http-nio-8082-exec-3] c.qingmuy.cart.mapper.CartMapper.delete  : <==    Updates: 2
19:42:36:501  WARN 11736 --- [Thread-5] c.a.nacos.common.notify.NotifyCenter     : [NotifyCenter] Start destroying Publisher
19:42:36:501  WARN 11736 --- [Thread-1] c.a.n.common.http.HttpClientBeanHolder   : [HttpClientBeanHolder] Start destroying common HttpClient
19:42:36:502  WARN 11736 --- [Thread-5] c.a.nacos.common.notify.NotifyCenter     : [NotifyCenter] Destruction of the end
19:42:36:503  WARN 11736 --- [Thread-1] c.a.n.common.http.HttpClientBeanHolder   : [HttpClientBeanHolder] Destruction of the end
19:42:36:531  INFO 11736 --- [SpringApplicationShutdownHook] c.a.c.n.registry.NacosServiceRegistry    : De-registering from Nacos Server now...
19:42:36:536  INFO 11736 --- [SpringApplicationShutdownHook] c.a.c.n.registry.NacosServiceRegistry    : De-registration finished.
19:42:36:842  INFO 11736 --- [SpringApplicationShutdownHook] com.alibaba.nacos.common.remote.client   : Shutdown rpc client, set status to shutdown
19:42:36:843  INFO 11736 --- [SpringApplicationShutdownHook] com.alibaba.nacos.common.remote.client   : Shutdown client event executor java.util.concurrent.ScheduledThreadPoolExecutor@6f6191ce[Running, pool size = 2, active threads = 2, queued tasks = 0, completed tasks = 0]
19:42:36:843  INFO 11736 --- [SpringApplicationShutdownHook] com.alibaba.nacos.common.remote.client   : Close current connection 1722339147445_192.168.197.1_6521
19:42:36:846  INFO 11736 --- [SpringApplicationShutdownHook] c.a.n.c.remote.client.grpc.GrpcClient    : Shutdown grpc executor java.util.concurrent.ThreadPoolExecutor@1ae22bab[Running, pool size = 5, active threads = 0, queued tasks = 0, completed tasks = 143]
19:42:36:848  INFO 11736 --- [SpringApplicationShutdownHook] com.zaxxer.hikari.HikariDataSource       : HikariPool-1 - Shutdown initiated...
19:42:36:891  INFO 11736 --- [SpringApplicationShutdownHook] com.zaxxer.hikari.HikariDataSource       : HikariPool-1 - Shutdown completed.
19:43:24:237  INFO 21648 --- [main] com.qingmuy.cart.CartApplication         : The following 1 profile is active: "local"
19:43:24:784  INFO 21648 --- [main] o.s.cloud.context.scope.GenericScope     : BeanFactory id=53d9356b-5df2-3e35-998e-94733ef593fe
19:43:25:057  INFO 21648 --- [main] o.s.b.w.embedded.tomcat.TomcatWebServer  : Tomcat initialized with port(s): 8082 (http)
19:43:25:058  INFO 21648 --- [main] o.a.catalina.core.AprLifecycleListener   : Loaded Apache Tomcat Native library [1.2.39] using APR version [1.7.4].
19:43:25:058  INFO 21648 --- [main] o.a.catalina.core.AprLifecycleListener   : APR capabilities: IPv6 [true], sendfile [true], accept filters [false], random [true], UDS [true].
19:43:25:058  INFO 21648 --- [main] o.a.catalina.core.AprLifecycleListener   : APR/OpenSSL configuration: useAprConnector [false], useOpenSSL [true]
19:43:25:061  INFO 21648 --- [main] o.a.catalina.core.AprLifecycleListener   : OpenSSL successfully initialized [OpenSSL 3.0.11 19 Sep 2023]
19:43:25:068  INFO 21648 --- [main] o.apache.catalina.core.StandardService   : Starting service [Tomcat]
19:43:25:068  INFO 21648 --- [main] org.apache.catalina.core.StandardEngine  : Starting Servlet engine: [Apache Tomcat/9.0.75]
19:43:25:146  INFO 21648 --- [main] o.a.c.c.C.[Tomcat].[localhost].[/]       : Initializing Spring embedded WebApplicationContext
19:43:25:146  INFO 21648 --- [main] w.s.c.ServletWebServerApplicationContext : Root WebApplicationContext: initialization completed in 896 ms
19:43:25:324  INFO 21648 --- [main] o.s.c.openfeign.FeignClientFactoryBean   : For 'item-service' URL not provided. Will try picking an instance via load-balancing.
19:43:27:156  INFO 21648 --- [main] o.s.cloud.commons.util.InetUtils         : Cannot determine local hostname
19:43:27:183  INFO 21648 --- [main] pertySourcedRequestMappingHandlerMapping : Mapped URL path [/v2/api-docs] onto method [springfox.documentation.swagger2.web.Swagger2ControllerWebMvc#getDocumentation(String, HttpServletRequest)]
19:43:28:523  INFO 21648 --- [main] o.s.cloud.commons.util.InetUtils         : Cannot determine local hostname
19:43:28:626  INFO 21648 --- [main] com.alibaba.nacos.common.remote.client   : [RpcClientFactory] create a new rpc client of 74ed595b-f8e1-4f3b-b012-ffb21e5a9c92
19:43:28:626  INFO 21648 --- [main] com.alibaba.nacos.common.remote.client   : [74ed595b-f8e1-4f3b-b012-ffb21e5a9c92] RpcClient init label, labels = {module=naming, source=sdk}
19:43:28:627  INFO 21648 --- [main] com.alibaba.nacos.common.remote.client   : [74ed595b-f8e1-4f3b-b012-ffb21e5a9c92] RpcClient init, ServerListFactory = com.alibaba.nacos.client.naming.core.ServerListManager
19:43:28:627  INFO 21648 --- [main] com.alibaba.nacos.common.remote.client   : [74ed595b-f8e1-4f3b-b012-ffb21e5a9c92] Registry connection listener to current client:com.alibaba.nacos.client.naming.remote.gprc.redo.NamingGrpcRedoService
19:43:28:628  INFO 21648 --- [main] com.alibaba.nacos.common.remote.client   : [74ed595b-f8e1-4f3b-b012-ffb21e5a9c92] Register server push request handler:com.alibaba.nacos.client.naming.remote.gprc.NamingPushRequestHandler
19:43:28:628  INFO 21648 --- [main] com.alibaba.nacos.common.remote.client   : [74ed595b-f8e1-4f3b-b012-ffb21e5a9c92] Try to connect to server on start up, server: {serverIp = '192.168.197.133', server main port = 8848}
19:43:28:754  INFO 21648 --- [main] com.alibaba.nacos.common.remote.client   : [74ed595b-f8e1-4f3b-b012-ffb21e5a9c92] Success to connect to server [192.168.197.133:8848] on start up, connectionId = 1722339807940_192.168.197.1_8378
19:43:28:754  INFO 21648 --- [main] com.alibaba.nacos.common.remote.client   : [74ed595b-f8e1-4f3b-b012-ffb21e5a9c92] Register server push request handler:com.alibaba.nacos.common.remote.client.RpcClient$ConnectResetRequestHandler
19:43:28:754  INFO 21648 --- [com.alibaba.nacos.client.remote.worker] com.alibaba.nacos.common.remote.client   : [74ed595b-f8e1-4f3b-b012-ffb21e5a9c92] Notify connected event to listeners.
19:43:28:754  INFO 21648 --- [main] com.alibaba.nacos.common.remote.client   : [74ed595b-f8e1-4f3b-b012-ffb21e5a9c92] Register server push request handler:com.alibaba.nacos.common.remote.client.RpcClient$$Lambda$468/0x00000271d14afb88
19:43:28:804  INFO 21648 --- [main] o.s.b.w.embedded.tomcat.TomcatWebServer  : Tomcat started on port(s): 8082 (http) with context path ''
19:43:28:826  INFO 21648 --- [main] c.a.c.n.registry.NacosServiceRegistry    : nacos registry, DEFAULT_GROUP cart-service 192.168.179.1:8082 register finished
19:43:29:402  INFO 21648 --- [nacos-grpc-client-executor-8] com.alibaba.nacos.common.remote.client   : [74ed595b-f8e1-4f3b-b012-ffb21e5a9c92] Receive server push request, request = NotifySubscriberRequest, requestId = 21
19:43:29:408  INFO 21648 --- [nacos-grpc-client-executor-8] com.alibaba.nacos.common.remote.client   : [74ed595b-f8e1-4f3b-b012-ffb21e5a9c92] Ack server push request, request = NotifySubscriberRequest, requestId = 21
19:43:29:959  INFO 21648 --- [main] o.s.cloud.commons.util.InetUtils         : Cannot determine local hostname
19:43:29:960  INFO 21648 --- [main] d.s.w.p.DocumentationPluginsBootstrapper : Documentation plugins bootstrapped
19:43:29:961  INFO 21648 --- [main] d.s.w.p.DocumentationPluginsBootstrapper : Found 1 custom documentation plugin(s)
19:43:29:977  INFO 21648 --- [main] s.d.s.w.s.ApiListingReferenceScanner     : Scanning for api listing references
19:43:30:036  INFO 21648 --- [main] com.qingmuy.cart.CartApplication         : Started CartApplication in 9.453 seconds (JVM running for 9.818)
19:43:30:040  INFO 21648 --- [main] c.a.c.n.refresh.NacosContextRefresher    : [Nacos Config] Listening config: dataId=cart-service, group=DEFAULT_GROUP
19:43:30:041  INFO 21648 --- [main] c.a.c.n.refresh.NacosContextRefresher    : [Nacos Config] Listening config: dataId=cart-service.yaml, group=DEFAULT_GROUP
19:43:30:041  INFO 21648 --- [main] c.a.c.n.refresh.NacosContextRefresher    : [Nacos Config] Listening config: dataId=cart-service-local.yaml, group=DEFAULT_GROUP
19:50:12:250  WARN 21648 --- [Thread-5] c.a.nacos.common.notify.NotifyCenter     : [NotifyCenter] Start destroying Publisher
19:50:12:250  WARN 21648 --- [Thread-1] c.a.n.common.http.HttpClientBeanHolder   : [HttpClientBeanHolder] Start destroying common HttpClient
19:50:12:250  WARN 21648 --- [Thread-5] c.a.nacos.common.notify.NotifyCenter     : [NotifyCenter] Destruction of the end
19:50:12:250  WARN 21648 --- [Thread-1] c.a.n.common.http.HttpClientBeanHolder   : [HttpClientBeanHolder] Destruction of the end
19:50:12:287  INFO 21648 --- [SpringApplicationShutdownHook] c.a.c.n.registry.NacosServiceRegistry    : De-registering from Nacos Server now...
19:50:12:294  INFO 21648 --- [SpringApplicationShutdownHook] c.a.c.n.registry.NacosServiceRegistry    : De-registration finished.
19:50:12:599  INFO 21648 --- [SpringApplicationShutdownHook] com.alibaba.nacos.common.remote.client   : Shutdown rpc client, set status to shutdown
19:50:12:599  INFO 21648 --- [SpringApplicationShutdownHook] com.alibaba.nacos.common.remote.client   : Shutdown client event executor java.util.concurrent.ScheduledThreadPoolExecutor@7f8795f5[Running, pool size = 2, active threads = 2, queued tasks = 0, completed tasks = 0]
19:50:12:599  INFO 21648 --- [SpringApplicationShutdownHook] com.alibaba.nacos.common.remote.client   : Close current connection 1722339807940_192.168.197.1_8378
19:50:12:600  INFO 21648 --- [nacos-grpc-client-executor-98] c.a.n.c.remote.client.grpc.GrpcClient    : [1722339807940_192.168.197.1_8378]Ignore complete event,isRunning:false,isAbandon=false
19:50:12:601  INFO 21648 --- [SpringApplicationShutdownHook] c.a.n.c.remote.client.grpc.GrpcClient    : Shutdown grpc executor java.util.concurrent.ThreadPoolExecutor@4adc2e02[Running, pool size = 5, active threads = 0, queued tasks = 0, completed tasks = 99]
19:55:23:261  INFO 29416 --- [main] com.qingmuy.cart.CartApplication         : The following 1 profile is active: "local"
19:55:23:731  INFO 29416 --- [main] o.s.cloud.context.scope.GenericScope     : BeanFactory id=53d9356b-5df2-3e35-998e-94733ef593fe
19:55:23:970  INFO 29416 --- [main] o.s.b.w.embedded.tomcat.TomcatWebServer  : Tomcat initialized with port(s): 8082 (http)
19:55:23:970  INFO 29416 --- [main] o.a.catalina.core.AprLifecycleListener   : Loaded Apache Tomcat Native library [1.2.39] using APR version [1.7.4].
19:55:23:970  INFO 29416 --- [main] o.a.catalina.core.AprLifecycleListener   : APR capabilities: IPv6 [true], sendfile [true], accept filters [false], random [true], UDS [true].
19:55:23:970  INFO 29416 --- [main] o.a.catalina.core.AprLifecycleListener   : APR/OpenSSL configuration: useAprConnector [false], useOpenSSL [true]
19:55:23:973  INFO 29416 --- [main] o.a.catalina.core.AprLifecycleListener   : OpenSSL successfully initialized [OpenSSL 3.0.11 19 Sep 2023]
19:55:23:979  INFO 29416 --- [main] o.apache.catalina.core.StandardService   : Starting service [Tomcat]
19:55:23:979  INFO 29416 --- [main] org.apache.catalina.core.StandardEngine  : Starting Servlet engine: [Apache Tomcat/9.0.75]
19:55:24:052  INFO 29416 --- [main] o.a.c.c.C.[Tomcat].[localhost].[/]       : Initializing Spring embedded WebApplicationContext
19:55:24:052  INFO 29416 --- [main] w.s.c.ServletWebServerApplicationContext : Root WebApplicationContext: initialization completed in 781 ms
19:55:24:150  INFO 29416 --- [main] o.s.c.openfeign.FeignClientFactoryBean   : For 'item-service' URL not provided. Will try picking an instance via load-balancing.
19:55:25:816  INFO 29416 --- [main] o.s.cloud.commons.util.InetUtils         : Cannot determine local hostname
19:55:25:836  INFO 29416 --- [main] pertySourcedRequestMappingHandlerMapping : Mapped URL path [/v2/api-docs] onto method [springfox.documentation.swagger2.web.Swagger2ControllerWebMvc#getDocumentation(String, HttpServletRequest)]
19:55:27:058  INFO 29416 --- [main] o.s.cloud.commons.util.InetUtils         : Cannot determine local hostname
19:55:27:170  INFO 29416 --- [main] com.alibaba.nacos.common.remote.client   : [RpcClientFactory] create a new rpc client of 2a05ca8e-8582-43a0-b81e-e40a59020b4c
19:55:27:170  INFO 29416 --- [main] com.alibaba.nacos.common.remote.client   : [2a05ca8e-8582-43a0-b81e-e40a59020b4c] RpcClient init label, labels = {module=naming, source=sdk}
19:55:27:171  INFO 29416 --- [main] com.alibaba.nacos.common.remote.client   : [2a05ca8e-8582-43a0-b81e-e40a59020b4c] RpcClient init, ServerListFactory = com.alibaba.nacos.client.naming.core.ServerListManager
19:55:27:172  INFO 29416 --- [main] com.alibaba.nacos.common.remote.client   : [2a05ca8e-8582-43a0-b81e-e40a59020b4c] Registry connection listener to current client:com.alibaba.nacos.client.naming.remote.gprc.redo.NamingGrpcRedoService
19:55:27:172  INFO 29416 --- [main] com.alibaba.nacos.common.remote.client   : [2a05ca8e-8582-43a0-b81e-e40a59020b4c] Register server push request handler:com.alibaba.nacos.client.naming.remote.gprc.NamingPushRequestHandler
19:55:27:172  INFO 29416 --- [main] com.alibaba.nacos.common.remote.client   : [2a05ca8e-8582-43a0-b81e-e40a59020b4c] Try to connect to server on start up, server: {serverIp = '192.168.197.133', server main port = 8848}
19:55:27:292  INFO 29416 --- [main] com.alibaba.nacos.common.remote.client   : [2a05ca8e-8582-43a0-b81e-e40a59020b4c] Success to connect to server [192.168.197.133:8848] on start up, connectionId = 1722340526491_192.168.197.1_10135
19:55:27:292  INFO 29416 --- [main] com.alibaba.nacos.common.remote.client   : [2a05ca8e-8582-43a0-b81e-e40a59020b4c] Register server push request handler:com.alibaba.nacos.common.remote.client.RpcClient$ConnectResetRequestHandler
19:55:27:292  INFO 29416 --- [com.alibaba.nacos.client.remote.worker] com.alibaba.nacos.common.remote.client   : [2a05ca8e-8582-43a0-b81e-e40a59020b4c] Notify connected event to listeners.
19:55:27:292  INFO 29416 --- [main] com.alibaba.nacos.common.remote.client   : [2a05ca8e-8582-43a0-b81e-e40a59020b4c] Register server push request handler:com.alibaba.nacos.common.remote.client.RpcClient$$Lambda$468/0x000002b1054b0228
19:55:27:336  INFO 29416 --- [main] o.s.b.w.embedded.tomcat.TomcatWebServer  : Tomcat started on port(s): 8082 (http) with context path ''
19:55:27:344  INFO 29416 --- [main] c.a.c.n.registry.NacosServiceRegistry    : nacos registry, DEFAULT_GROUP cart-service 192.168.179.1:8082 register finished
19:55:27:846  INFO 29416 --- [nacos-grpc-client-executor-5] com.alibaba.nacos.common.remote.client   : [2a05ca8e-8582-43a0-b81e-e40a59020b4c] Receive server push request, request = NotifySubscriberRequest, requestId = 37
19:55:27:852  INFO 29416 --- [nacos-grpc-client-executor-5] com.alibaba.nacos.common.remote.client   : [2a05ca8e-8582-43a0-b81e-e40a59020b4c] Ack server push request, request = NotifySubscriberRequest, requestId = 37
19:55:28:479  INFO 29416 --- [main] o.s.cloud.commons.util.InetUtils         : Cannot determine local hostname
19:55:28:480  INFO 29416 --- [main] d.s.w.p.DocumentationPluginsBootstrapper : Documentation plugins bootstrapped
19:55:28:482  INFO 29416 --- [main] d.s.w.p.DocumentationPluginsBootstrapper : Found 1 custom documentation plugin(s)
19:55:28:495  INFO 29416 --- [main] s.d.s.w.s.ApiListingReferenceScanner     : Scanning for api listing references
19:55:28:545  INFO 29416 --- [main] com.qingmuy.cart.CartApplication         : Started CartApplication in 9.031 seconds (JVM running for 9.43)
19:55:28:549  INFO 29416 --- [main] c.a.c.n.refresh.NacosContextRefresher    : [Nacos Config] Listening config: dataId=cart-service, group=DEFAULT_GROUP
19:55:28:550  INFO 29416 --- [main] c.a.c.n.refresh.NacosContextRefresher    : [Nacos Config] Listening config: dataId=cart-service.yaml, group=DEFAULT_GROUP
19:55:28:550  INFO 29416 --- [main] c.a.c.n.refresh.NacosContextRefresher    : [Nacos Config] Listening config: dataId=cart-service-local.yaml, group=DEFAULT_GROUP
19:55:49:706  INFO 29416 --- [http-nio-8082-exec-1] o.a.c.c.C.[Tomcat].[localhost].[/]       : Initializing Spring DispatcherServlet 'dispatcherServlet'
19:55:49:706  INFO 29416 --- [http-nio-8082-exec-1] o.s.web.servlet.DispatcherServlet        : Initializing Servlet 'dispatcherServlet'
19:55:49:707  INFO 29416 --- [http-nio-8082-exec-1] o.s.web.servlet.DispatcherServlet        : Completed initialization in 1 ms
19:55:49:786  INFO 29416 --- [http-nio-8082-exec-1] com.zaxxer.hikari.HikariDataSource       : HikariPool-1 - Starting...
19:55:49:914  INFO 29416 --- [http-nio-8082-exec-1] com.zaxxer.hikari.HikariDataSource       : HikariPool-1 - Start completed.
19:55:49:918 DEBUG 29416 --- [http-nio-8082-exec-1] c.q.cart.mapper.CartMapper.selectList    : ==>  Preparing: SELECT id,user_id,item_id,num,name,spec,price,image,create_time,update_time FROM cart WHERE (user_id = ?)
19:55:49:934 DEBUG 29416 --- [http-nio-8082-exec-1] c.q.cart.mapper.CartMapper.selectList    : ==> Parameters: 1(Long)
19:55:49:954 DEBUG 29416 --- [http-nio-8082-exec-1] c.q.cart.mapper.CartMapper.selectList    : <==      Total: 0
19:55:56:252 DEBUG 29416 --- [http-nio-8082-exec-2] c.q.cart.mapper.CartMapper.selectCount   : ==>  Preparing: SELECT COUNT( * ) AS total FROM cart WHERE (user_id = ? AND item_id = ?)
19:55:56:252 DEBUG 29416 --- [http-nio-8082-exec-2] c.q.cart.mapper.CartMapper.selectCount   : ==> Parameters: 1(Long), 14741770661(Long)
19:55:56:271 DEBUG 29416 --- [http-nio-8082-exec-2] c.q.cart.mapper.CartMapper.selectCount   : <==      Total: 1
19:55:56:272 DEBUG 29416 --- [http-nio-8082-exec-2] c.q.cart.mapper.CartMapper.selectCount   : ==>  Preparing: SELECT COUNT( * ) AS total FROM cart WHERE (user_id = ?)
19:55:56:272 DEBUG 29416 --- [http-nio-8082-exec-2] c.q.cart.mapper.CartMapper.selectCount   : ==> Parameters: 1(Long)
19:55:56:274 DEBUG 29416 --- [http-nio-8082-exec-2] c.q.cart.mapper.CartMapper.selectCount   : <==      Total: 1
19:55:56:305 DEBUG 29416 --- [http-nio-8082-exec-2] c.qingmuy.cart.mapper.CartMapper.insert  : ==>  Preparing: INSERT INTO cart ( user_id, item_id, name, spec, price, image ) VALUES ( ?, ?, ?, ?, ?, ? )
19:55:56:305 DEBUG 29416 --- [http-nio-8082-exec-2] c.qingmuy.cart.mapper.CartMapper.insert  : ==> Parameters: 1(Long), 14741770661(Long), 康佳（KONKA） LED49UC3 49英寸超薄曲面36核4K HDR人工智能电视(String), {}(String), 144600(Integer), https://m.360buyimg.com/mobilecms/s720x720_jfs/t16477/84/2032772431/400946/2887be91/5a912776N7e343ec3.jpg!q70.jpg.webp(String)
19:55:56:325 DEBUG 29416 --- [http-nio-8082-exec-2] c.qingmuy.cart.mapper.CartMapper.insert  : <==    Updates: 1
19:55:56:399 DEBUG 29416 --- [http-nio-8082-exec-5] c.q.cart.mapper.CartMapper.selectList    : ==>  Preparing: SELECT id,user_id,item_id,num,name,spec,price,image,create_time,update_time FROM cart WHERE (user_id = ?)
19:55:56:400 DEBUG 29416 --- [http-nio-8082-exec-5] c.q.cart.mapper.CartMapper.selectList    : ==> Parameters: 1(Long)
19:55:56:406 DEBUG 29416 --- [http-nio-8082-exec-5] c.q.cart.mapper.CartMapper.selectList    : <==      Total: 1
19:55:56:408 DEBUG 29416 --- [http-nio-8082-exec-5] com.qingmuy.api.client.ItemClient        : [ItemClient#queryItemByIds] ---> GET http://item-service/items?ids=14741770661 HTTP/1.1
19:55:56:408 DEBUG 29416 --- [http-nio-8082-exec-5] com.qingmuy.api.client.ItemClient        : [ItemClient#queryItemByIds] user-info: 1
19:55:56:408 DEBUG 29416 --- [http-nio-8082-exec-5] com.qingmuy.api.client.ItemClient        : [ItemClient#queryItemByIds] ---> END HTTP (0-byte body)
19:55:56:523 DEBUG 29416 --- [http-nio-8082-exec-5] com.qingmuy.api.client.ItemClient        : [ItemClient#queryItemByIds] <--- HTTP/1.1 200  (114ms)
19:55:56:523 DEBUG 29416 --- [http-nio-8082-exec-5] com.qingmuy.api.client.ItemClient        : [ItemClient#queryItemByIds] connection: keep-alive
19:55:56:523 DEBUG 29416 --- [http-nio-8082-exec-5] com.qingmuy.api.client.ItemClient        : [ItemClient#queryItemByIds] content-type: application/json
19:55:56:523 DEBUG 29416 --- [http-nio-8082-exec-5] com.qingmuy.api.client.ItemClient        : [ItemClient#queryItemByIds] date: Tue, 30 Jul 2024 11:55:56 GMT
19:55:56:523 DEBUG 29416 --- [http-nio-8082-exec-5] com.qingmuy.api.client.ItemClient        : [ItemClient#queryItemByIds] keep-alive: timeout=60
19:55:56:523 DEBUG 29416 --- [http-nio-8082-exec-5] com.qingmuy.api.client.ItemClient        : [ItemClient#queryItemByIds] transfer-encoding: chunked
19:55:56:523 DEBUG 29416 --- [http-nio-8082-exec-5] com.qingmuy.api.client.ItemClient        : [ItemClient#queryItemByIds] 
19:55:56:523 DEBUG 29416 --- [http-nio-8082-exec-5] com.qingmuy.api.client.ItemClient        : [ItemClient#queryItemByIds] [{"id":"14741770661","name":"康佳（KONKA） LED49UC3 49英寸超薄曲面36核4K HDR人工智能电视","price":144600,"stock":10000,"image":"https://m.360buyimg.com/mobilecms/s720x720_jfs/t16477/84/2032772431/400946/2887be91/5a912776N7e343ec3.jpg!q70.jpg.webp","category":"曲面电视","brand":"康佳","spec":"{}","sold":0,"commentCount":0,"isAD":false,"status":1}]
19:55:56:524 DEBUG 29416 --- [http-nio-8082-exec-5] com.qingmuy.api.client.ItemClient        : [ItemClient#queryItemByIds] <--- END HTTP (371-byte body)
19:55:57:018  INFO 29416 --- [nacos-grpc-client-executor-14] com.alibaba.nacos.common.remote.client   : [2a05ca8e-8582-43a0-b81e-e40a59020b4c] Receive server push request, request = NotifySubscriberRequest, requestId = 40
19:55:57:019  INFO 29416 --- [nacos-grpc-client-executor-14] com.alibaba.nacos.common.remote.client   : [2a05ca8e-8582-43a0-b81e-e40a59020b4c] Ack server push request, request = NotifySubscriberRequest, requestId = 40
19:56:01:108 DEBUG 29416 --- [http-nio-8082-exec-4] c.qingmuy.cart.mapper.CartMapper.delete  : ==>  Preparing: DELETE FROM cart WHERE (user_id = ? AND item_id IN (?))
19:56:01:109 DEBUG 29416 --- [http-nio-8082-exec-4] c.qingmuy.cart.mapper.CartMapper.delete  : ==> Parameters: 1(Long), 14741770661(Long)
19:56:01:112 DEBUG 29416 --- [http-nio-8082-exec-4] c.qingmuy.cart.mapper.CartMapper.delete  : <==    Updates: 1
20:05:57:330  INFO 29416 --- [nacos-grpc-client-executor-149] com.alibaba.nacos.common.remote.client   : [2a05ca8e-8582-43a0-b81e-e40a59020b4c] Receive server push request, request = NotifySubscriberRequest, requestId = 51
20:05:57:338  INFO 29416 --- [nacos-grpc-client-executor-149] com.alibaba.nacos.common.remote.client   : [2a05ca8e-8582-43a0-b81e-e40a59020b4c] Ack server push request, request = NotifySubscriberRequest, requestId = 51
20:06:02:212  WARN 29416 --- [Thread-5] c.a.nacos.common.notify.NotifyCenter     : [NotifyCenter] Start destroying Publisher
20:06:02:212  WARN 29416 --- [Thread-1] c.a.n.common.http.HttpClientBeanHolder   : [HttpClientBeanHolder] Start destroying common HttpClient
20:06:02:212  WARN 29416 --- [Thread-5] c.a.nacos.common.notify.NotifyCenter     : [NotifyCenter] Destruction of the end
20:06:02:212  WARN 29416 --- [Thread-1] c.a.n.common.http.HttpClientBeanHolder   : [HttpClientBeanHolder] Destruction of the end
20:06:02:255  INFO 29416 --- [SpringApplicationShutdownHook] c.a.c.n.registry.NacosServiceRegistry    : De-registering from Nacos Server now...
20:06:02:259  INFO 29416 --- [SpringApplicationShutdownHook] c.a.c.n.registry.NacosServiceRegistry    : De-registration finished.
20:06:02:564  INFO 29416 --- [SpringApplicationShutdownHook] com.alibaba.nacos.common.remote.client   : Shutdown rpc client, set status to shutdown
20:06:02:564  INFO 29416 --- [SpringApplicationShutdownHook] com.alibaba.nacos.common.remote.client   : Shutdown client event executor java.util.concurrent.ScheduledThreadPoolExecutor@3ca6efc2[Running, pool size = 2, active threads = 2, queued tasks = 0, completed tasks = 0]
20:06:02:564  INFO 29416 --- [SpringApplicationShutdownHook] com.alibaba.nacos.common.remote.client   : Close current connection 1722340526491_192.168.197.1_10135
20:06:02:565  INFO 29416 --- [nacos-grpc-client-executor-154] c.a.n.c.remote.client.grpc.GrpcClient    : [1722340526491_192.168.197.1_10135]Ignore complete event,isRunning:false,isAbandon=false
20:06:02:566  INFO 29416 --- [SpringApplicationShutdownHook] c.a.n.c.remote.client.grpc.GrpcClient    : Shutdown grpc executor java.util.concurrent.ThreadPoolExecutor@3e2358dc[Running, pool size = 7, active threads = 0, queued tasks = 0, completed tasks = 155]
20:06:02:568  INFO 29416 --- [SpringApplicationShutdownHook] com.zaxxer.hikari.HikariDataSource       : HikariPool-1 - Shutdown initiated...
20:06:02:575  INFO 29416 --- [SpringApplicationShutdownHook] com.zaxxer.hikari.HikariDataSource       : HikariPool-1 - Shutdown completed.
20:06:07:585  INFO 23968 --- [main] com.qingmuy.cart.CartApplication         : The following 1 profile is active: "local"
20:06:08:072  INFO 23968 --- [main] o.s.cloud.context.scope.GenericScope     : BeanFactory id=53d9356b-5df2-3e35-998e-94733ef593fe
20:06:08:311  INFO 23968 --- [main] o.s.b.w.embedded.tomcat.TomcatWebServer  : Tomcat initialized with port(s): 8082 (http)
20:06:08:311  INFO 23968 --- [main] o.a.catalina.core.AprLifecycleListener   : Loaded Apache Tomcat Native library [1.2.39] using APR version [1.7.4].
20:06:08:311  INFO 23968 --- [main] o.a.catalina.core.AprLifecycleListener   : APR capabilities: IPv6 [true], sendfile [true], accept filters [false], random [true], UDS [true].
20:06:08:311  INFO 23968 --- [main] o.a.catalina.core.AprLifecycleListener   : APR/OpenSSL configuration: useAprConnector [false], useOpenSSL [true]
20:06:08:314  INFO 23968 --- [main] o.a.catalina.core.AprLifecycleListener   : OpenSSL successfully initialized [OpenSSL 3.0.11 19 Sep 2023]
20:06:08:319  INFO 23968 --- [main] o.apache.catalina.core.StandardService   : Starting service [Tomcat]
20:06:08:319  INFO 23968 --- [main] org.apache.catalina.core.StandardEngine  : Starting Servlet engine: [Apache Tomcat/9.0.75]
20:06:08:391  INFO 23968 --- [main] o.a.c.c.C.[Tomcat].[localhost].[/]       : Initializing Spring embedded WebApplicationContext
20:06:08:391  INFO 23968 --- [main] w.s.c.ServletWebServerApplicationContext : Root WebApplicationContext: initialization completed in 797 ms
20:06:08:493  INFO 23968 --- [main] o.s.c.openfeign.FeignClientFactoryBean   : For 'item-service' URL not provided. Will try picking an instance via load-balancing.
20:06:10:162  INFO 23968 --- [main] o.s.cloud.commons.util.InetUtils         : Cannot determine local hostname
20:06:10:182  INFO 23968 --- [main] pertySourcedRequestMappingHandlerMapping : Mapped URL path [/v2/api-docs] onto method [springfox.documentation.swagger2.web.Swagger2ControllerWebMvc#getDocumentation(String, HttpServletRequest)]
20:06:11:401  INFO 23968 --- [main] o.s.cloud.commons.util.InetUtils         : Cannot determine local hostname
20:06:11:502  INFO 23968 --- [main] com.alibaba.nacos.common.remote.client   : [RpcClientFactory] create a new rpc client of 4cd73fa0-c444-498b-8f31-0e36a49f2044
20:06:11:502  INFO 23968 --- [main] com.alibaba.nacos.common.remote.client   : [4cd73fa0-c444-498b-8f31-0e36a49f2044] RpcClient init label, labels = {module=naming, source=sdk}
20:06:11:503  INFO 23968 --- [main] com.alibaba.nacos.common.remote.client   : [4cd73fa0-c444-498b-8f31-0e36a49f2044] RpcClient init, ServerListFactory = com.alibaba.nacos.client.naming.core.ServerListManager
20:06:11:503  INFO 23968 --- [main] com.alibaba.nacos.common.remote.client   : [4cd73fa0-c444-498b-8f31-0e36a49f2044] Registry connection listener to current client:com.alibaba.nacos.client.naming.remote.gprc.redo.NamingGrpcRedoService
20:06:11:503  INFO 23968 --- [main] com.alibaba.nacos.common.remote.client   : [4cd73fa0-c444-498b-8f31-0e36a49f2044] Register server push request handler:com.alibaba.nacos.client.naming.remote.gprc.NamingPushRequestHandler
20:06:11:504  INFO 23968 --- [main] com.alibaba.nacos.common.remote.client   : [4cd73fa0-c444-498b-8f31-0e36a49f2044] Try to connect to server on start up, server: {serverIp = '192.168.197.133', server main port = 8848}
20:06:11:624  INFO 23968 --- [main] com.alibaba.nacos.common.remote.client   : [4cd73fa0-c444-498b-8f31-0e36a49f2044] Success to connect to server [192.168.197.133:8848] on start up, connectionId = 1722341170823_192.168.197.1_11900
20:06:11:624  INFO 23968 --- [main] com.alibaba.nacos.common.remote.client   : [4cd73fa0-c444-498b-8f31-0e36a49f2044] Register server push request handler:com.alibaba.nacos.common.remote.client.RpcClient$ConnectResetRequestHandler
20:06:11:624  INFO 23968 --- [main] com.alibaba.nacos.common.remote.client   : [4cd73fa0-c444-498b-8f31-0e36a49f2044] Register server push request handler:com.alibaba.nacos.common.remote.client.RpcClient$$Lambda$468/0x00000239164afcb0
20:06:11:625  INFO 23968 --- [com.alibaba.nacos.client.remote.worker] com.alibaba.nacos.common.remote.client   : [4cd73fa0-c444-498b-8f31-0e36a49f2044] Notify connected event to listeners.
20:06:11:668  INFO 23968 --- [main] o.s.b.w.embedded.tomcat.TomcatWebServer  : Tomcat started on port(s): 8082 (http) with context path ''
20:06:11:675  INFO 23968 --- [main] c.a.c.n.registry.NacosServiceRegistry    : nacos registry, DEFAULT_GROUP cart-service 192.168.179.1:8082 register finished
20:06:12:208  INFO 23968 --- [nacos-grpc-client-executor-5] com.alibaba.nacos.common.remote.client   : [4cd73fa0-c444-498b-8f31-0e36a49f2044] Receive server push request, request = NotifySubscriberRequest, requestId = 55
20:06:12:214  INFO 23968 --- [nacos-grpc-client-executor-5] com.alibaba.nacos.common.remote.client   : [4cd73fa0-c444-498b-8f31-0e36a49f2044] Ack server push request, request = NotifySubscriberRequest, requestId = 55
20:06:12:801  INFO 23968 --- [main] o.s.cloud.commons.util.InetUtils         : Cannot determine local hostname
20:06:12:801  INFO 23968 --- [main] d.s.w.p.DocumentationPluginsBootstrapper : Documentation plugins bootstrapped
20:06:12:803  INFO 23968 --- [main] d.s.w.p.DocumentationPluginsBootstrapper : Found 1 custom documentation plugin(s)
20:06:12:817  INFO 23968 --- [main] s.d.s.w.s.ApiListingReferenceScanner     : Scanning for api listing references
20:06:12:868  INFO 23968 --- [main] com.qingmuy.cart.CartApplication         : Started CartApplication in 8.906 seconds (JVM running for 9.321)
20:06:12:871  INFO 23968 --- [main] c.a.c.n.refresh.NacosContextRefresher    : [Nacos Config] Listening config: dataId=cart-service, group=DEFAULT_GROUP
20:06:12:873  INFO 23968 --- [main] c.a.c.n.refresh.NacosContextRefresher    : [Nacos Config] Listening config: dataId=cart-service.yaml, group=DEFAULT_GROUP
20:06:12:873  INFO 23968 --- [main] c.a.c.n.refresh.NacosContextRefresher    : [Nacos Config] Listening config: dataId=cart-service-local.yaml, group=DEFAULT_GROUP
20:06:21:229  INFO 23968 --- [http-nio-8082-exec-1] o.a.c.c.C.[Tomcat].[localhost].[/]       : Initializing Spring DispatcherServlet 'dispatcherServlet'
20:06:21:229  INFO 23968 --- [http-nio-8082-exec-1] o.s.web.servlet.DispatcherServlet        : Initializing Servlet 'dispatcherServlet'
20:06:21:230  INFO 23968 --- [http-nio-8082-exec-1] o.s.web.servlet.DispatcherServlet        : Completed initialization in 1 ms
20:06:21:309  INFO 23968 --- [http-nio-8082-exec-1] com.zaxxer.hikari.HikariDataSource       : HikariPool-1 - Starting...
20:06:21:443  INFO 23968 --- [http-nio-8082-exec-1] com.zaxxer.hikari.HikariDataSource       : HikariPool-1 - Start completed.
20:06:21:449 DEBUG 23968 --- [http-nio-8082-exec-1] c.q.cart.mapper.CartMapper.selectList    : ==>  Preparing: SELECT id,user_id,item_id,num,name,spec,price,image,create_time,update_time FROM cart WHERE (user_id = ?)
20:06:21:469 DEBUG 23968 --- [http-nio-8082-exec-1] c.q.cart.mapper.CartMapper.selectList    : ==> Parameters: 1(Long)
20:06:21:485 DEBUG 23968 --- [http-nio-8082-exec-1] c.q.cart.mapper.CartMapper.selectList    : <==      Total: 0
20:06:22:064 DEBUG 23968 --- [http-nio-8082-exec-2] c.q.cart.mapper.CartMapper.selectList    : ==>  Preparing: SELECT id,user_id,item_id,num,name,spec,price,image,create_time,update_time FROM cart WHERE (user_id = ?)
20:06:22:064 DEBUG 23968 --- [http-nio-8082-exec-2] c.q.cart.mapper.CartMapper.selectList    : ==> Parameters: 1(Long)
20:06:22:065 DEBUG 23968 --- [http-nio-8082-exec-2] c.q.cart.mapper.CartMapper.selectList    : <==      Total: 0
20:06:32:830 DEBUG 23968 --- [http-nio-8082-exec-4] c.q.cart.mapper.CartMapper.selectCount   : ==>  Preparing: SELECT COUNT( * ) AS total FROM cart WHERE (user_id = ? AND item_id = ?)
20:06:32:830 DEBUG 23968 --- [http-nio-8082-exec-4] c.q.cart.mapper.CartMapper.selectCount   : ==> Parameters: 1(Long), 14741770661(Long)
20:06:32:832 DEBUG 23968 --- [http-nio-8082-exec-4] c.q.cart.mapper.CartMapper.selectCount   : <==      Total: 1
20:06:32:833 DEBUG 23968 --- [http-nio-8082-exec-4] c.q.cart.mapper.CartMapper.selectCount   : ==>  Preparing: SELECT COUNT( * ) AS total FROM cart WHERE (user_id = ?)
20:06:32:833 DEBUG 23968 --- [http-nio-8082-exec-4] c.q.cart.mapper.CartMapper.selectCount   : ==> Parameters: 1(Long)
20:06:32:834 DEBUG 23968 --- [http-nio-8082-exec-4] c.q.cart.mapper.CartMapper.selectCount   : <==      Total: 1
20:06:32:863 DEBUG 23968 --- [http-nio-8082-exec-4] c.qingmuy.cart.mapper.CartMapper.insert  : ==>  Preparing: INSERT INTO cart ( user_id, item_id, name, spec, price, image ) VALUES ( ?, ?, ?, ?, ?, ? )
20:06:32:863 DEBUG 23968 --- [http-nio-8082-exec-4] c.qingmuy.cart.mapper.CartMapper.insert  : ==> Parameters: 1(Long), 14741770661(Long), 康佳（KONKA） LED49UC3 49英寸超薄曲面36核4K HDR人工智能电视(String), {}(String), 144600(Integer), https://m.360buyimg.com/mobilecms/s720x720_jfs/t16477/84/2032772431/400946/2887be91/5a912776N7e343ec3.jpg!q70.jpg.webp(String)
20:06:32:875 DEBUG 23968 --- [http-nio-8082-exec-4] c.qingmuy.cart.mapper.CartMapper.insert  : <==    Updates: 1
20:06:32:953 DEBUG 23968 --- [http-nio-8082-exec-3] c.q.cart.mapper.CartMapper.selectList    : ==>  Preparing: SELECT id,user_id,item_id,num,name,spec,price,image,create_time,update_time FROM cart WHERE (user_id = ?)
20:06:32:953 DEBUG 23968 --- [http-nio-8082-exec-3] c.q.cart.mapper.CartMapper.selectList    : ==> Parameters: 1(Long)
20:06:32:956 DEBUG 23968 --- [http-nio-8082-exec-3] c.q.cart.mapper.CartMapper.selectList    : <==      Total: 1
20:06:32:959 DEBUG 23968 --- [http-nio-8082-exec-3] com.qingmuy.api.client.ItemClient        : [ItemClient#queryItemByIds] ---> GET http://item-service/items?ids=14741770661 HTTP/1.1
20:06:32:959 DEBUG 23968 --- [http-nio-8082-exec-3] com.qingmuy.api.client.ItemClient        : [ItemClient#queryItemByIds] user-info: 1
20:06:32:959 DEBUG 23968 --- [http-nio-8082-exec-3] com.qingmuy.api.client.ItemClient        : [ItemClient#queryItemByIds] ---> END HTTP (0-byte body)
20:06:33:080 DEBUG 23968 --- [http-nio-8082-exec-3] com.qingmuy.api.client.ItemClient        : [ItemClient#queryItemByIds] <--- HTTP/1.1 200  (121ms)
20:06:33:081 DEBUG 23968 --- [http-nio-8082-exec-3] com.qingmuy.api.client.ItemClient        : [ItemClient#queryItemByIds] connection: keep-alive
20:06:33:081 DEBUG 23968 --- [http-nio-8082-exec-3] com.qingmuy.api.client.ItemClient        : [ItemClient#queryItemByIds] content-type: application/json
20:06:33:081 DEBUG 23968 --- [http-nio-8082-exec-3] com.qingmuy.api.client.ItemClient        : [ItemClient#queryItemByIds] date: Tue, 30 Jul 2024 12:06:33 GMT
20:06:33:081 DEBUG 23968 --- [http-nio-8082-exec-3] com.qingmuy.api.client.ItemClient        : [ItemClient#queryItemByIds] keep-alive: timeout=60
20:06:33:081 DEBUG 23968 --- [http-nio-8082-exec-3] com.qingmuy.api.client.ItemClient        : [ItemClient#queryItemByIds] transfer-encoding: chunked
20:06:33:081 DEBUG 23968 --- [http-nio-8082-exec-3] com.qingmuy.api.client.ItemClient        : [ItemClient#queryItemByIds] 
20:06:33:081 DEBUG 23968 --- [http-nio-8082-exec-3] com.qingmuy.api.client.ItemClient        : [ItemClient#queryItemByIds] [{"id":"14741770661","name":"康佳（KONKA） LED49UC3 49英寸超薄曲面36核4K HDR人工智能电视","price":144600,"stock":9999,"image":"https://m.360buyimg.com/mobilecms/s720x720_jfs/t16477/84/2032772431/400946/2887be91/5a912776N7e343ec3.jpg!q70.jpg.webp","category":"曲面电视","brand":"康佳","spec":"{}","sold":0,"commentCount":0,"isAD":false,"status":1}]
20:06:33:081 DEBUG 23968 --- [http-nio-8082-exec-3] com.qingmuy.api.client.ItemClient        : [ItemClient#queryItemByIds] <--- END HTTP (370-byte body)
20:06:33:622  INFO 23968 --- [nacos-grpc-client-executor-11] com.alibaba.nacos.common.remote.client   : [4cd73fa0-c444-498b-8f31-0e36a49f2044] Receive server push request, request = NotifySubscriberRequest, requestId = 59
20:06:33:622  INFO 23968 --- [nacos-grpc-client-executor-11] com.alibaba.nacos.common.remote.client   : [4cd73fa0-c444-498b-8f31-0e36a49f2044] Ack server push request, request = NotifySubscriberRequest, requestId = 59
20:06:37:829 DEBUG 23968 --- [http-nio-8082-exec-5] c.qingmuy.cart.mapper.CartMapper.delete  : ==>  Preparing: DELETE FROM cart WHERE (user_id = ? AND item_id IN (?))
20:06:37:829 DEBUG 23968 --- [http-nio-8082-exec-5] c.qingmuy.cart.mapper.CartMapper.delete  : ==> Parameters: 1(Long), 14741770661(Long)
20:06:37:837 DEBUG 23968 --- [http-nio-8082-exec-5] c.qingmuy.cart.mapper.CartMapper.delete  : <==    Updates: 1
20:07:19:852  WARN 23968 --- [Thread-5] c.a.nacos.common.notify.NotifyCenter     : [NotifyCenter] Start destroying Publisher
20:07:19:852  WARN 23968 --- [Thread-1] c.a.n.common.http.HttpClientBeanHolder   : [HttpClientBeanHolder] Start destroying common HttpClient
20:07:19:853  WARN 23968 --- [Thread-5] c.a.nacos.common.notify.NotifyCenter     : [NotifyCenter] Destruction of the end
20:07:19:853  WARN 23968 --- [Thread-1] c.a.n.common.http.HttpClientBeanHolder   : [HttpClientBeanHolder] Destruction of the end
20:07:19:883  INFO 23968 --- [SpringApplicationShutdownHook] c.a.c.n.registry.NacosServiceRegistry    : De-registering from Nacos Server now...
20:07:19:887  INFO 23968 --- [SpringApplicationShutdownHook] c.a.c.n.registry.NacosServiceRegistry    : De-registration finished.
20:07:20:192  INFO 23968 --- [SpringApplicationShutdownHook] com.alibaba.nacos.common.remote.client   : Shutdown rpc client, set status to shutdown
20:07:20:192  INFO 23968 --- [SpringApplicationShutdownHook] com.alibaba.nacos.common.remote.client   : Shutdown client event executor java.util.concurrent.ScheduledThreadPoolExecutor@58e62f9e[Running, pool size = 2, active threads = 2, queued tasks = 0, completed tasks = 0]
20:07:20:193  INFO 23968 --- [SpringApplicationShutdownHook] com.alibaba.nacos.common.remote.client   : Close current connection 1722341170823_192.168.197.1_11900
20:07:20:194  INFO 23968 --- [nacos-grpc-client-executor-26] c.a.n.c.remote.client.grpc.GrpcClient    : [1722341170823_192.168.197.1_11900]Ignore complete event,isRunning:false,isAbandon=false
20:07:20:195  INFO 23968 --- [SpringApplicationShutdownHook] c.a.n.c.remote.client.grpc.GrpcClient    : Shutdown grpc executor java.util.concurrent.ThreadPoolExecutor@5df25a49[Running, pool size = 5, active threads = 0, queued tasks = 0, completed tasks = 27]
20:07:20:197  INFO 23968 --- [SpringApplicationShutdownHook] com.zaxxer.hikari.HikariDataSource       : HikariPool-1 - Shutdown initiated...
20:07:20:203  INFO 23968 --- [SpringApplicationShutdownHook] com.zaxxer.hikari.HikariDataSource       : HikariPool-1 - Shutdown completed.
20:14:45:391  INFO 17576 --- [main] com.qingmuy.cart.CartApplication         : The following 1 profile is active: "local"
20:14:45:885  INFO 17576 --- [main] o.s.cloud.context.scope.GenericScope     : BeanFactory id=53d9356b-5df2-3e35-998e-94733ef593fe
20:14:46:180  INFO 17576 --- [main] o.s.b.w.embedded.tomcat.TomcatWebServer  : Tomcat initialized with port(s): 8082 (http)
20:14:46:180  INFO 17576 --- [main] o.a.catalina.core.AprLifecycleListener   : Loaded Apache Tomcat Native library [1.2.39] using APR version [1.7.4].
20:14:46:180  INFO 17576 --- [main] o.a.catalina.core.AprLifecycleListener   : APR capabilities: IPv6 [true], sendfile [true], accept filters [false], random [true], UDS [true].
20:14:46:181  INFO 17576 --- [main] o.a.catalina.core.AprLifecycleListener   : APR/OpenSSL configuration: useAprConnector [false], useOpenSSL [true]
20:14:46:184  INFO 17576 --- [main] o.a.catalina.core.AprLifecycleListener   : OpenSSL successfully initialized [OpenSSL 3.0.11 19 Sep 2023]
20:14:46:192  INFO 17576 --- [main] o.apache.catalina.core.StandardService   : Starting service [Tomcat]
20:14:46:193  INFO 17576 --- [main] org.apache.catalina.core.StandardEngine  : Starting Servlet engine: [Apache Tomcat/9.0.75]
20:14:46:284  INFO 17576 --- [main] o.a.c.c.C.[Tomcat].[localhost].[/]       : Initializing Spring embedded WebApplicationContext
20:14:46:284  INFO 17576 --- [main] w.s.c.ServletWebServerApplicationContext : Root WebApplicationContext: initialization completed in 884 ms
20:14:46:408  INFO 17576 --- [main] o.s.c.openfeign.FeignClientFactoryBean   : For 'item-service' URL not provided. Will try picking an instance via load-balancing.
20:14:48:137  INFO 17576 --- [main] o.s.cloud.commons.util.InetUtils         : Cannot determine local hostname
20:14:48:158  INFO 17576 --- [main] pertySourcedRequestMappingHandlerMapping : Mapped URL path [/v2/api-docs] onto method [springfox.documentation.swagger2.web.Swagger2ControllerWebMvc#getDocumentation(String, HttpServletRequest)]
20:14:49:443  INFO 17576 --- [main] o.s.cloud.commons.util.InetUtils         : Cannot determine local hostname
20:14:49:558  INFO 17576 --- [main] com.alibaba.nacos.common.remote.client   : [RpcClientFactory] create a new rpc client of c237b935-33e9-4d1c-bd29-af6bed6c32c9
20:14:49:558  INFO 17576 --- [main] com.alibaba.nacos.common.remote.client   : [c237b935-33e9-4d1c-bd29-af6bed6c32c9] RpcClient init label, labels = {module=naming, source=sdk}
20:14:49:559  INFO 17576 --- [main] com.alibaba.nacos.common.remote.client   : [c237b935-33e9-4d1c-bd29-af6bed6c32c9] RpcClient init, ServerListFactory = com.alibaba.nacos.client.naming.core.ServerListManager
20:14:49:559  INFO 17576 --- [main] com.alibaba.nacos.common.remote.client   : [c237b935-33e9-4d1c-bd29-af6bed6c32c9] Registry connection listener to current client:com.alibaba.nacos.client.naming.remote.gprc.redo.NamingGrpcRedoService
20:14:49:559  INFO 17576 --- [main] com.alibaba.nacos.common.remote.client   : [c237b935-33e9-4d1c-bd29-af6bed6c32c9] Register server push request handler:com.alibaba.nacos.client.naming.remote.gprc.NamingPushRequestHandler
20:14:49:559  INFO 17576 --- [main] com.alibaba.nacos.common.remote.client   : [c237b935-33e9-4d1c-bd29-af6bed6c32c9] Try to connect to server on start up, server: {serverIp = '192.168.197.133', server main port = 8848}
20:14:49:680  INFO 17576 --- [main] com.alibaba.nacos.common.remote.client   : [c237b935-33e9-4d1c-bd29-af6bed6c32c9] Success to connect to server [192.168.197.133:8848] on start up, connectionId = 1722341688881_192.168.197.1_13331
20:14:49:680  INFO 17576 --- [main] com.alibaba.nacos.common.remote.client   : [c237b935-33e9-4d1c-bd29-af6bed6c32c9] Register server push request handler:com.alibaba.nacos.common.remote.client.RpcClient$ConnectResetRequestHandler
20:14:49:680  INFO 17576 --- [main] com.alibaba.nacos.common.remote.client   : [c237b935-33e9-4d1c-bd29-af6bed6c32c9] Register server push request handler:com.alibaba.nacos.common.remote.client.RpcClient$$Lambda$468/0x00000231014b0228
20:14:49:680  INFO 17576 --- [com.alibaba.nacos.client.remote.worker] com.alibaba.nacos.common.remote.client   : [c237b935-33e9-4d1c-bd29-af6bed6c32c9] Notify connected event to listeners.
20:14:49:737  INFO 17576 --- [main] o.s.b.w.embedded.tomcat.TomcatWebServer  : Tomcat started on port(s): 8082 (http) with context path ''
20:14:49:751  INFO 17576 --- [main] c.a.c.n.registry.NacosServiceRegistry    : nacos registry, DEFAULT_GROUP cart-service 192.168.179.1:8082 register finished
20:14:50:245  INFO 17576 --- [nacos-grpc-client-executor-6] com.alibaba.nacos.common.remote.client   : [c237b935-33e9-4d1c-bd29-af6bed6c32c9] Receive server push request, request = NotifySubscriberRequest, requestId = 65
20:14:50:254  INFO 17576 --- [nacos-grpc-client-executor-6] com.alibaba.nacos.common.remote.client   : [c237b935-33e9-4d1c-bd29-af6bed6c32c9] Ack server push request, request = NotifySubscriberRequest, requestId = 65
20:14:50:911  INFO 17576 --- [main] o.s.cloud.commons.util.InetUtils         : Cannot determine local hostname
20:14:50:912  INFO 17576 --- [main] d.s.w.p.DocumentationPluginsBootstrapper : Documentation plugins bootstrapped
20:14:50:913  INFO 17576 --- [main] d.s.w.p.DocumentationPluginsBootstrapper : Found 1 custom documentation plugin(s)
20:14:50:928  INFO 17576 --- [main] s.d.s.w.s.ApiListingReferenceScanner     : Scanning for api listing references
20:14:50:987  INFO 17576 --- [main] com.qingmuy.cart.CartApplication         : Started CartApplication in 9.228 seconds (JVM running for 9.593)
20:14:50:991  INFO 17576 --- [main] c.a.c.n.refresh.NacosContextRefresher    : [Nacos Config] Listening config: dataId=cart-service, group=DEFAULT_GROUP
20:14:50:997  INFO 17576 --- [main] c.a.c.n.refresh.NacosContextRefresher    : [Nacos Config] Listening config: dataId=cart-service.yaml, group=DEFAULT_GROUP
20:14:50:998  INFO 17576 --- [main] c.a.c.n.refresh.NacosContextRefresher    : [Nacos Config] Listening config: dataId=cart-service-local.yaml, group=DEFAULT_GROUP
20:15:23:207  INFO 17576 --- [http-nio-8082-exec-1] o.a.c.c.C.[Tomcat].[localhost].[/]       : Initializing Spring DispatcherServlet 'dispatcherServlet'
20:15:23:207  INFO 17576 --- [http-nio-8082-exec-1] o.s.web.servlet.DispatcherServlet        : Initializing Servlet 'dispatcherServlet'
20:15:23:208  INFO 17576 --- [http-nio-8082-exec-1] o.s.web.servlet.DispatcherServlet        : Completed initialization in 1 ms
20:15:23:291  INFO 17576 --- [http-nio-8082-exec-1] com.zaxxer.hikari.HikariDataSource       : HikariPool-1 - Starting...
20:15:23:436  INFO 17576 --- [http-nio-8082-exec-1] com.zaxxer.hikari.HikariDataSource       : HikariPool-1 - Start completed.
20:15:23:440 DEBUG 17576 --- [http-nio-8082-exec-1] c.q.cart.mapper.CartMapper.selectList    : ==>  Preparing: SELECT id,user_id,item_id,num,name,spec,price,image,create_time,update_time FROM cart WHERE (user_id = ?)
20:15:23:457 DEBUG 17576 --- [http-nio-8082-exec-1] c.q.cart.mapper.CartMapper.selectList    : ==> Parameters: 1(Long)
20:15:23:473 DEBUG 17576 --- [http-nio-8082-exec-1] c.q.cart.mapper.CartMapper.selectList    : <==      Total: 0
20:15:24:012 DEBUG 17576 --- [http-nio-8082-exec-2] c.q.cart.mapper.CartMapper.selectList    : ==>  Preparing: SELECT id,user_id,item_id,num,name,spec,price,image,create_time,update_time FROM cart WHERE (user_id = ?)
20:15:24:013 DEBUG 17576 --- [http-nio-8082-exec-2] c.q.cart.mapper.CartMapper.selectList    : ==> Parameters: 1(Long)
20:15:24:014 DEBUG 17576 --- [http-nio-8082-exec-2] c.q.cart.mapper.CartMapper.selectList    : <==      Total: 0
20:15:26:821 DEBUG 17576 --- [http-nio-8082-exec-8] c.q.cart.mapper.CartMapper.selectCount   : ==>  Preparing: SELECT COUNT( * ) AS total FROM cart WHERE (user_id = ? AND item_id = ?)
20:15:26:821 DEBUG 17576 --- [http-nio-8082-exec-8] c.q.cart.mapper.CartMapper.selectCount   : ==> Parameters: 1(Long), 14741770661(Long)
20:15:26:823 DEBUG 17576 --- [http-nio-8082-exec-8] c.q.cart.mapper.CartMapper.selectCount   : <==      Total: 1
20:15:26:824 DEBUG 17576 --- [http-nio-8082-exec-8] c.q.cart.mapper.CartMapper.selectCount   : ==>  Preparing: SELECT COUNT( * ) AS total FROM cart WHERE (user_id = ?)
20:15:26:824 DEBUG 17576 --- [http-nio-8082-exec-8] c.q.cart.mapper.CartMapper.selectCount   : ==> Parameters: 1(Long)
20:15:26:824 DEBUG 17576 --- [http-nio-8082-exec-8] c.q.cart.mapper.CartMapper.selectCount   : <==      Total: 1
20:15:26:851 DEBUG 17576 --- [http-nio-8082-exec-8] c.qingmuy.cart.mapper.CartMapper.insert  : ==>  Preparing: INSERT INTO cart ( user_id, item_id, name, spec, price, image ) VALUES ( ?, ?, ?, ?, ?, ? )
20:15:26:851 DEBUG 17576 --- [http-nio-8082-exec-8] c.qingmuy.cart.mapper.CartMapper.insert  : ==> Parameters: 1(Long), 14741770661(Long), 康佳（KONKA） LED49UC3 49英寸超薄曲面36核4K HDR人工智能电视(String), {}(String), 144600(Integer), https://m.360buyimg.com/mobilecms/s720x720_jfs/t16477/84/2032772431/400946/2887be91/5a912776N7e343ec3.jpg!q70.jpg.webp(String)
20:15:26:862 DEBUG 17576 --- [http-nio-8082-exec-8] c.qingmuy.cart.mapper.CartMapper.insert  : <==    Updates: 1
20:15:26:939 DEBUG 17576 --- [http-nio-8082-exec-4] c.q.cart.mapper.CartMapper.selectList    : ==>  Preparing: SELECT id,user_id,item_id,num,name,spec,price,image,create_time,update_time FROM cart WHERE (user_id = ?)
20:15:26:940 DEBUG 17576 --- [http-nio-8082-exec-4] c.q.cart.mapper.CartMapper.selectList    : ==> Parameters: 1(Long)
20:15:26:951 DEBUG 17576 --- [http-nio-8082-exec-4] c.q.cart.mapper.CartMapper.selectList    : <==      Total: 1
20:15:26:953 DEBUG 17576 --- [http-nio-8082-exec-4] com.qingmuy.api.client.ItemClient        : [ItemClient#queryItemByIds] ---> GET http://item-service/items?ids=14741770661 HTTP/1.1
20:15:26:954 DEBUG 17576 --- [http-nio-8082-exec-4] com.qingmuy.api.client.ItemClient        : [ItemClient#queryItemByIds] user-info: 1
20:15:26:954 DEBUG 17576 --- [http-nio-8082-exec-4] com.qingmuy.api.client.ItemClient        : [ItemClient#queryItemByIds] ---> END HTTP (0-byte body)
20:15:27:062 DEBUG 17576 --- [http-nio-8082-exec-4] com.qingmuy.api.client.ItemClient        : [ItemClient#queryItemByIds] <--- HTTP/1.1 200  (108ms)
20:15:27:062 DEBUG 17576 --- [http-nio-8082-exec-4] com.qingmuy.api.client.ItemClient        : [ItemClient#queryItemByIds] connection: keep-alive
20:15:27:062 DEBUG 17576 --- [http-nio-8082-exec-4] com.qingmuy.api.client.ItemClient        : [ItemClient#queryItemByIds] content-type: application/json
20:15:27:062 DEBUG 17576 --- [http-nio-8082-exec-4] com.qingmuy.api.client.ItemClient        : [ItemClient#queryItemByIds] date: Tue, 30 Jul 2024 12:15:27 GMT
20:15:27:062 DEBUG 17576 --- [http-nio-8082-exec-4] com.qingmuy.api.client.ItemClient        : [ItemClient#queryItemByIds] keep-alive: timeout=60
20:15:27:062 DEBUG 17576 --- [http-nio-8082-exec-4] com.qingmuy.api.client.ItemClient        : [ItemClient#queryItemByIds] transfer-encoding: chunked
20:15:27:062 DEBUG 17576 --- [http-nio-8082-exec-4] com.qingmuy.api.client.ItemClient        : [ItemClient#queryItemByIds] 
20:15:27:062 DEBUG 17576 --- [http-nio-8082-exec-4] com.qingmuy.api.client.ItemClient        : [ItemClient#queryItemByIds] [{"id":"14741770661","name":"康佳（KONKA） LED49UC3 49英寸超薄曲面36核4K HDR人工智能电视","price":144600,"stock":9998,"image":"https://m.360buyimg.com/mobilecms/s720x720_jfs/t16477/84/2032772431/400946/2887be91/5a912776N7e343ec3.jpg!q70.jpg.webp","category":"曲面电视","brand":"康佳","spec":"{}","sold":0,"commentCount":0,"isAD":false,"status":1}]
20:15:27:063 DEBUG 17576 --- [http-nio-8082-exec-4] com.qingmuy.api.client.ItemClient        : [ItemClient#queryItemByIds] <--- END HTTP (370-byte body)
20:15:27:562  INFO 17576 --- [nacos-grpc-client-executor-16] com.alibaba.nacos.common.remote.client   : [c237b935-33e9-4d1c-bd29-af6bed6c32c9] Receive server push request, request = NotifySubscriberRequest, requestId = 74
20:15:27:562  INFO 17576 --- [nacos-grpc-client-executor-16] com.alibaba.nacos.common.remote.client   : [c237b935-33e9-4d1c-bd29-af6bed6c32c9] Ack server push request, request = NotifySubscriberRequest, requestId = 74
20:15:30:871 DEBUG 17576 --- [http-nio-8082-exec-5] c.qingmuy.cart.mapper.CartMapper.delete  : ==>  Preparing: DELETE FROM cart WHERE (user_id = ? AND item_id IN (?))
20:15:30:871 DEBUG 17576 --- [http-nio-8082-exec-5] c.qingmuy.cart.mapper.CartMapper.delete  : ==> Parameters: 1(Long), 14741770661(Long)
20:15:30:877 DEBUG 17576 --- [http-nio-8082-exec-5] c.qingmuy.cart.mapper.CartMapper.delete  : <==    Updates: 1
20:16:54:473  WARN 17576 --- [Thread-5] c.a.nacos.common.notify.NotifyCenter     : [NotifyCenter] Start destroying Publisher
20:16:54:473  WARN 17576 --- [Thread-1] c.a.n.common.http.HttpClientBeanHolder   : [HttpClientBeanHolder] Start destroying common HttpClient
20:16:54:473  WARN 17576 --- [Thread-5] c.a.nacos.common.notify.NotifyCenter     : [NotifyCenter] Destruction of the end
20:16:54:474  WARN 17576 --- [Thread-1] c.a.n.common.http.HttpClientBeanHolder   : [HttpClientBeanHolder] Destruction of the end
20:16:54:505  INFO 17576 --- [SpringApplicationShutdownHook] c.a.c.n.registry.NacosServiceRegistry    : De-registering from Nacos Server now...
20:16:54:510  INFO 17576 --- [SpringApplicationShutdownHook] c.a.c.n.registry.NacosServiceRegistry    : De-registration finished.
20:16:54:815  INFO 17576 --- [SpringApplicationShutdownHook] com.alibaba.nacos.common.remote.client   : Shutdown rpc client, set status to shutdown
20:16:54:815  INFO 17576 --- [SpringApplicationShutdownHook] com.alibaba.nacos.common.remote.client   : Shutdown client event executor java.util.concurrent.ScheduledThreadPoolExecutor@2f8e20d8[Running, pool size = 2, active threads = 2, queued tasks = 0, completed tasks = 0]
20:16:54:815  INFO 17576 --- [SpringApplicationShutdownHook] com.alibaba.nacos.common.remote.client   : Close current connection 1722341688881_192.168.197.1_13331
20:16:54:818  INFO 17576 --- [SpringApplicationShutdownHook] c.a.n.c.remote.client.grpc.GrpcClient    : Shutdown grpc executor java.util.concurrent.ThreadPoolExecutor@144cb6b3[Running, pool size = 4, active threads = 0, queued tasks = 0, completed tasks = 37]
20:16:54:820  INFO 17576 --- [SpringApplicationShutdownHook] com.zaxxer.hikari.HikariDataSource       : HikariPool-1 - Shutdown initiated...
20:16:54:860  INFO 17576 --- [SpringApplicationShutdownHook] com.zaxxer.hikari.HikariDataSource       : HikariPool-1 - Shutdown completed.
21:53:11:892  INFO 7944 --- [main] com.qingmuy.cart.CartApplication         : The following 1 profile is active: "local"
21:53:12:420  INFO 7944 --- [main] o.s.cloud.context.scope.GenericScope     : BeanFactory id=53d9356b-5df2-3e35-998e-94733ef593fe
21:53:12:687  INFO 7944 --- [main] o.s.b.w.embedded.tomcat.TomcatWebServer  : Tomcat initialized with port(s): 8082 (http)
21:53:12:687  INFO 7944 --- [main] o.a.catalina.core.AprLifecycleListener   : Loaded Apache Tomcat Native library [1.2.39] using APR version [1.7.4].
21:53:12:687  INFO 7944 --- [main] o.a.catalina.core.AprLifecycleListener   : APR capabilities: IPv6 [true], sendfile [true], accept filters [false], random [true], UDS [true].
21:53:12:687  INFO 7944 --- [main] o.a.catalina.core.AprLifecycleListener   : APR/OpenSSL configuration: useAprConnector [false], useOpenSSL [true]
21:53:12:690  INFO 7944 --- [main] o.a.catalina.core.AprLifecycleListener   : OpenSSL successfully initialized [OpenSSL 3.0.11 19 Sep 2023]
21:53:12:697  INFO 7944 --- [main] o.apache.catalina.core.StandardService   : Starting service [Tomcat]
21:53:12:697  INFO 7944 --- [main] org.apache.catalina.core.StandardEngine  : Starting Servlet engine: [Apache Tomcat/9.0.75]
21:53:12:764  INFO 7944 --- [main] o.a.c.c.C.[Tomcat].[localhost].[/]       : Initializing Spring embedded WebApplicationContext
21:53:12:764  INFO 7944 --- [main] w.s.c.ServletWebServerApplicationContext : Root WebApplicationContext: initialization completed in 860 ms
21:53:12:898  INFO 7944 --- [main] o.s.c.openfeign.FeignClientFactoryBean   : For 'item-service' URL not provided. Will try picking an instance via load-balancing.
21:53:14:808  INFO 7944 --- [main] o.s.cloud.commons.util.InetUtils         : Cannot determine local hostname
21:53:14:827  INFO 7944 --- [main] pertySourcedRequestMappingHandlerMapping : Mapped URL path [/v2/api-docs] onto method [springfox.documentation.swagger2.web.Swagger2ControllerWebMvc#getDocumentation(String, HttpServletRequest)]
21:53:16:101  INFO 7944 --- [main] o.s.cloud.commons.util.InetUtils         : Cannot determine local hostname
21:53:16:211  INFO 7944 --- [main] com.alibaba.nacos.common.remote.client   : [RpcClientFactory] create a new rpc client of 619ad4b9-b314-4a7d-81d9-fec8cd0e062a
21:53:16:211  INFO 7944 --- [main] com.alibaba.nacos.common.remote.client   : [619ad4b9-b314-4a7d-81d9-fec8cd0e062a] RpcClient init label, labels = {module=naming, source=sdk}
21:53:16:212  INFO 7944 --- [main] com.alibaba.nacos.common.remote.client   : [619ad4b9-b314-4a7d-81d9-fec8cd0e062a] RpcClient init, ServerListFactory = com.alibaba.nacos.client.naming.core.ServerListManager
21:53:16:212  INFO 7944 --- [main] com.alibaba.nacos.common.remote.client   : [619ad4b9-b314-4a7d-81d9-fec8cd0e062a] Registry connection listener to current client:com.alibaba.nacos.client.naming.remote.gprc.redo.NamingGrpcRedoService
21:53:16:212  INFO 7944 --- [main] com.alibaba.nacos.common.remote.client   : [619ad4b9-b314-4a7d-81d9-fec8cd0e062a] Register server push request handler:com.alibaba.nacos.client.naming.remote.gprc.NamingPushRequestHandler
21:53:16:213  INFO 7944 --- [main] com.alibaba.nacos.common.remote.client   : [619ad4b9-b314-4a7d-81d9-fec8cd0e062a] Try to connect to server on start up, server: {serverIp = '192.168.197.133', server main port = 8848}
21:53:16:340  INFO 7944 --- [main] com.alibaba.nacos.common.remote.client   : [619ad4b9-b314-4a7d-81d9-fec8cd0e062a] Success to connect to server [192.168.197.133:8848] on start up, connectionId = 1722347595554_192.168.197.1_11583
21:53:16:340  INFO 7944 --- [main] com.alibaba.nacos.common.remote.client   : [619ad4b9-b314-4a7d-81d9-fec8cd0e062a] Register server push request handler:com.alibaba.nacos.common.remote.client.RpcClient$ConnectResetRequestHandler
21:53:16:340  INFO 7944 --- [main] com.alibaba.nacos.common.remote.client   : [619ad4b9-b314-4a7d-81d9-fec8cd0e062a] Register server push request handler:com.alibaba.nacos.common.remote.client.RpcClient$$Lambda$468/0x000001c04c4b0668
21:53:16:340  INFO 7944 --- [com.alibaba.nacos.client.remote.worker] com.alibaba.nacos.common.remote.client   : [619ad4b9-b314-4a7d-81d9-fec8cd0e062a] Notify connected event to listeners.
21:53:16:394  INFO 7944 --- [main] o.s.b.w.embedded.tomcat.TomcatWebServer  : Tomcat started on port(s): 8082 (http) with context path ''
21:53:16:413  INFO 7944 --- [main] c.a.c.n.registry.NacosServiceRegistry    : nacos registry, DEFAULT_GROUP cart-service 192.168.179.1:8082 register finished
21:53:16:989  INFO 7944 --- [nacos-grpc-client-executor-7] com.alibaba.nacos.common.remote.client   : [619ad4b9-b314-4a7d-81d9-fec8cd0e062a] Receive server push request, request = NotifySubscriberRequest, requestId = 81
21:53:16:998  INFO 7944 --- [nacos-grpc-client-executor-7] com.alibaba.nacos.common.remote.client   : [619ad4b9-b314-4a7d-81d9-fec8cd0e062a] Ack server push request, request = NotifySubscriberRequest, requestId = 81
21:53:17:575  INFO 7944 --- [main] o.s.cloud.commons.util.InetUtils         : Cannot determine local hostname
21:53:17:576  INFO 7944 --- [main] d.s.w.p.DocumentationPluginsBootstrapper : Documentation plugins bootstrapped
21:53:17:577  INFO 7944 --- [main] d.s.w.p.DocumentationPluginsBootstrapper : Found 1 custom documentation plugin(s)
21:53:17:591  INFO 7944 --- [main] s.d.s.w.s.ApiListingReferenceScanner     : Scanning for api listing references
21:53:17:646  INFO 7944 --- [main] com.qingmuy.cart.CartApplication         : Started CartApplication in 9.706 seconds (JVM running for 10.21)
21:53:17:651  INFO 7944 --- [main] c.a.c.n.refresh.NacosContextRefresher    : [Nacos Config] Listening config: dataId=cart-service, group=DEFAULT_GROUP
21:53:17:652  INFO 7944 --- [main] c.a.c.n.refresh.NacosContextRefresher    : [Nacos Config] Listening config: dataId=cart-service.yaml, group=DEFAULT_GROUP
21:53:17:652  INFO 7944 --- [main] c.a.c.n.refresh.NacosContextRefresher    : [Nacos Config] Listening config: dataId=cart-service-local.yaml, group=DEFAULT_GROUP
22:17:46:531  INFO 7944 --- [http-nio-8082-exec-2] o.a.c.c.C.[Tomcat].[localhost].[/]       : Initializing Spring DispatcherServlet 'dispatcherServlet'
22:17:46:533  INFO 7944 --- [http-nio-8082-exec-2] o.s.web.servlet.DispatcherServlet        : Initializing Servlet 'dispatcherServlet'
22:17:46:560  INFO 7944 --- [http-nio-8082-exec-2] o.s.web.servlet.DispatcherServlet        : Completed initialization in 27 ms
22:17:46:714  INFO 7944 --- [http-nio-8082-exec-2] com.zaxxer.hikari.HikariDataSource       : HikariPool-1 - Starting...
22:17:46:899  INFO 7944 --- [http-nio-8082-exec-2] com.zaxxer.hikari.HikariDataSource       : HikariPool-1 - Start completed.
22:17:46:906 DEBUG 7944 --- [http-nio-8082-exec-2] c.q.cart.mapper.CartMapper.selectList    : ==>  Preparing: SELECT id,user_id,item_id,num,name,spec,price,image,create_time,update_time FROM cart WHERE (user_id = ?)
22:17:46:929 DEBUG 7944 --- [http-nio-8082-exec-2] c.q.cart.mapper.CartMapper.selectList    : ==> Parameters: 1(Long)
22:17:46:964 DEBUG 7944 --- [http-nio-8082-exec-2] c.q.cart.mapper.CartMapper.selectList    : <==      Total: 0
22:17:52:294 DEBUG 7944 --- [http-nio-8082-exec-1] c.q.cart.mapper.CartMapper.selectList    : ==>  Preparing: SELECT id,user_id,item_id,num,name,spec,price,image,create_time,update_time FROM cart WHERE (user_id = ?)
22:17:52:294 DEBUG 7944 --- [http-nio-8082-exec-1] c.q.cart.mapper.CartMapper.selectList    : ==> Parameters: 1(Long)
22:17:52:303 DEBUG 7944 --- [http-nio-8082-exec-1] c.q.cart.mapper.CartMapper.selectList    : <==      Total: 0
22:17:57:265 DEBUG 7944 --- [http-nio-8082-exec-3] c.q.cart.mapper.CartMapper.selectCount   : ==>  Preparing: SELECT COUNT( * ) AS total FROM cart WHERE (user_id = ? AND item_id = ?)
22:17:57:265 DEBUG 7944 --- [http-nio-8082-exec-3] c.q.cart.mapper.CartMapper.selectCount   : ==> Parameters: 1(Long), 14741770661(Long)
22:17:57:280 DEBUG 7944 --- [http-nio-8082-exec-3] c.q.cart.mapper.CartMapper.selectCount   : <==      Total: 1
22:17:57:281 DEBUG 7944 --- [http-nio-8082-exec-3] c.q.cart.mapper.CartMapper.selectCount   : ==>  Preparing: SELECT COUNT( * ) AS total FROM cart WHERE (user_id = ?)
22:17:57:281 DEBUG 7944 --- [http-nio-8082-exec-3] c.q.cart.mapper.CartMapper.selectCount   : ==> Parameters: 1(Long)
22:17:57:283 DEBUG 7944 --- [http-nio-8082-exec-3] c.q.cart.mapper.CartMapper.selectCount   : <==      Total: 1
22:17:57:309 DEBUG 7944 --- [http-nio-8082-exec-3] c.qingmuy.cart.mapper.CartMapper.insert  : ==>  Preparing: INSERT INTO cart ( user_id, item_id, name, spec, price, image ) VALUES ( ?, ?, ?, ?, ?, ? )
22:17:57:310 DEBUG 7944 --- [http-nio-8082-exec-3] c.qingmuy.cart.mapper.CartMapper.insert  : ==> Parameters: 1(Long), 14741770661(Long), 康佳（KONKA） LED49UC3 49英寸超薄曲面36核4K HDR人工智能电视(String), {}(String), 144600(Integer), https://m.360buyimg.com/mobilecms/s720x720_jfs/t16477/84/2032772431/400946/2887be91/5a912776N7e343ec3.jpg!q70.jpg.webp(String)
22:17:57:317 DEBUG 7944 --- [http-nio-8082-exec-3] c.qingmuy.cart.mapper.CartMapper.insert  : <==    Updates: 1
22:17:57:394 DEBUG 7944 --- [http-nio-8082-exec-7] c.q.cart.mapper.CartMapper.selectList    : ==>  Preparing: SELECT id,user_id,item_id,num,name,spec,price,image,create_time,update_time FROM cart WHERE (user_id = ?)
22:17:57:394 DEBUG 7944 --- [http-nio-8082-exec-7] c.q.cart.mapper.CartMapper.selectList    : ==> Parameters: 1(Long)
22:17:57:398 DEBUG 7944 --- [http-nio-8082-exec-7] c.q.cart.mapper.CartMapper.selectList    : <==      Total: 1
22:17:57:409 DEBUG 7944 --- [http-nio-8082-exec-7] com.qingmuy.api.client.ItemClient        : [ItemClient#queryItemByIds] ---> GET http://item-service/items?ids=14741770661 HTTP/1.1
22:17:57:409 DEBUG 7944 --- [http-nio-8082-exec-7] com.qingmuy.api.client.ItemClient        : [ItemClient#queryItemByIds] user-info: 1
22:17:57:409 DEBUG 7944 --- [http-nio-8082-exec-7] com.qingmuy.api.client.ItemClient        : [ItemClient#queryItemByIds] ---> END HTTP (0-byte body)
22:17:57:553 DEBUG 7944 --- [http-nio-8082-exec-7] com.qingmuy.api.client.ItemClient        : [ItemClient#queryItemByIds] <--- HTTP/1.1 200  (143ms)
22:17:57:553 DEBUG 7944 --- [http-nio-8082-exec-7] com.qingmuy.api.client.ItemClient        : [ItemClient#queryItemByIds] connection: keep-alive
22:17:57:553 DEBUG 7944 --- [http-nio-8082-exec-7] com.qingmuy.api.client.ItemClient        : [ItemClient#queryItemByIds] content-type: application/json
22:17:57:553 DEBUG 7944 --- [http-nio-8082-exec-7] com.qingmuy.api.client.ItemClient        : [ItemClient#queryItemByIds] date: Tue, 30 Jul 2024 14:17:57 GMT
22:17:57:553 DEBUG 7944 --- [http-nio-8082-exec-7] com.qingmuy.api.client.ItemClient        : [ItemClient#queryItemByIds] keep-alive: timeout=60
22:17:57:553 DEBUG 7944 --- [http-nio-8082-exec-7] com.qingmuy.api.client.ItemClient        : [ItemClient#queryItemByIds] transfer-encoding: chunked
22:17:57:553 DEBUG 7944 --- [http-nio-8082-exec-7] com.qingmuy.api.client.ItemClient        : [ItemClient#queryItemByIds] 
22:17:57:554 DEBUG 7944 --- [http-nio-8082-exec-7] com.qingmuy.api.client.ItemClient        : [ItemClient#queryItemByIds] [{"id":"14741770661","name":"康佳（KONKA） LED49UC3 49英寸超薄曲面36核4K HDR人工智能电视","price":144600,"stock":9997,"image":"https://m.360buyimg.com/mobilecms/s720x720_jfs/t16477/84/2032772431/400946/2887be91/5a912776N7e343ec3.jpg!q70.jpg.webp","category":"曲面电视","brand":"康佳","spec":"{}","sold":0,"commentCount":0,"isAD":false,"status":1}]
22:17:57:554 DEBUG 7944 --- [http-nio-8082-exec-7] com.qingmuy.api.client.ItemClient        : [ItemClient#queryItemByIds] <--- END HTTP (370-byte body)
22:17:58:003  INFO 7944 --- [nacos-grpc-client-executor-335] com.alibaba.nacos.common.remote.client   : [619ad4b9-b314-4a7d-81d9-fec8cd0e062a] Receive server push request, request = NotifySubscriberRequest, requestId = 105
22:17:58:004  INFO 7944 --- [nacos-grpc-client-executor-335] com.alibaba.nacos.common.remote.client   : [619ad4b9-b314-4a7d-81d9-fec8cd0e062a] Ack server push request, request = NotifySubscriberRequest, requestId = 105
22:18:01:464 DEBUG 7944 --- [http-nio-8082-exec-5] c.qingmuy.cart.mapper.CartMapper.delete  : ==>  Preparing: DELETE FROM cart WHERE (user_id = ? AND item_id IN (?))
22:18:01:465 DEBUG 7944 --- [http-nio-8082-exec-5] c.qingmuy.cart.mapper.CartMapper.delete  : ==> Parameters: 1(Long), 14741770661(Long)
22:18:01:471 DEBUG 7944 --- [http-nio-8082-exec-5] c.qingmuy.cart.mapper.CartMapper.delete  : <==    Updates: 1
22:18:41:027 DEBUG 7944 --- [http-nio-8082-exec-6] c.q.cart.mapper.CartMapper.selectList    : ==>  Preparing: SELECT id,user_id,item_id,num,name,spec,price,image,create_time,update_time FROM cart WHERE (user_id = ?)
22:18:41:028 DEBUG 7944 --- [http-nio-8082-exec-6] c.q.cart.mapper.CartMapper.selectList    : ==> Parameters: 1(Long)
22:18:41:029 DEBUG 7944 --- [http-nio-8082-exec-6] c.q.cart.mapper.CartMapper.selectList    : <==      Total: 0
22:19:27:737  WARN 7944 --- [Thread-5] c.a.nacos.common.notify.NotifyCenter     : [NotifyCenter] Start destroying Publisher
22:19:27:737  WARN 7944 --- [Thread-1] c.a.n.common.http.HttpClientBeanHolder   : [HttpClientBeanHolder] Start destroying common HttpClient
22:19:27:738  WARN 7944 --- [Thread-5] c.a.nacos.common.notify.NotifyCenter     : [NotifyCenter] Destruction of the end
22:19:27:738  WARN 7944 --- [Thread-1] c.a.n.common.http.HttpClientBeanHolder   : [HttpClientBeanHolder] Destruction of the end
22:19:27:789  INFO 7944 --- [SpringApplicationShutdownHook] c.a.c.n.registry.NacosServiceRegistry    : De-registering from Nacos Server now...
22:19:27:792  INFO 7944 --- [SpringApplicationShutdownHook] c.a.c.n.registry.NacosServiceRegistry    : De-registration finished.
22:19:28:099  INFO 7944 --- [SpringApplicationShutdownHook] com.alibaba.nacos.common.remote.client   : Shutdown rpc client, set status to shutdown
22:19:28:099  INFO 7944 --- [SpringApplicationShutdownHook] com.alibaba.nacos.common.remote.client   : Shutdown client event executor java.util.concurrent.ScheduledThreadPoolExecutor@411740d5[Running, pool size = 2, active threads = 2, queued tasks = 0, completed tasks = 0]
22:19:28:100  INFO 7944 --- [SpringApplicationShutdownHook] com.alibaba.nacos.common.remote.client   : Close current connection 1722347595554_192.168.197.1_11583
22:19:28:100  INFO 7944 --- [nacos-grpc-client-executor-356] c.a.n.c.remote.client.grpc.GrpcClient    : [1722347595554_192.168.197.1_11583]Ignore complete event,isRunning:false,isAbandon=false
22:19:28:104  INFO 7944 --- [SpringApplicationShutdownHook] c.a.n.c.remote.client.grpc.GrpcClient    : Shutdown grpc executor java.util.concurrent.ThreadPoolExecutor@44a27bb1[Running, pool size = 4, active threads = 0, queued tasks = 0, completed tasks = 357]
22:19:28:109  INFO 7944 --- [SpringApplicationShutdownHook] com.zaxxer.hikari.HikariDataSource       : HikariPool-1 - Shutdown initiated...
22:19:28:160  INFO 7944 --- [SpringApplicationShutdownHook] com.zaxxer.hikari.HikariDataSource       : HikariPool-1 - Shutdown completed.
